Added Component: Designator=D?(DQA0010A)
Add component (AddParameter): Name = "Bidirecional/Unidirecional"; Value = "ESD204DQAR"; VariantName = "[No Variations]"
Add component (AddParameter): Name = "Breakdown Voltage"; Value = "7.9 V"; VariantName = "[No Variations]"
Add component (AddParameter): Name = "Manufacter"; Value = "Texas Instruments"; VariantName = "[No Variations]"
Add component (AddParameter): Name = "Montagem"; Value = "SMD"; VariantName = "[No Variations]"
Add component (AddParameter): Name = "Nome"; Value = "ESD204DQAR"; VariantName = "[No Variations]"
Add component (AddParameter): Name = "Package"; Value = "DQA0010A"; VariantName = "[No Variations]"
Add component (AddParameter): Name = "Part Number"; Value = "ESD204DQAR"; VariantName = "[No Variations]"
Add component (AddParameter): Name = "Peak Pulse Current"; Value = "5.5 A"; VariantName = "[No Variations]"
Add component (AddParameter): Name = "Peak Pulse Power Dissipation"; Value = "50 W"; VariantName = "[No Variations]"
Add component (AddParameter): Name = "Supplier 1"; Value = "Mouser"; VariantName = "[No Variations]"
Add component (AddParameter): Name = "Supplier 2"; Value = "Digikey"; VariantName = "[No Variations]"
Add component (AddParameter): Name = "Supplier 3"; Value = "LCSC"; VariantName = "[No Variations]"
Add component (AddParameter): Name = "Supplier Part Number 1"; Value = "595-ESD204DQAR"; VariantName = "[No Variations]"
Add component (AddParameter): Name = "Supplier Part Number 2"; Value = "296-49504-1-ND"; VariantName = "[No Variations]"
Add component (AddParameter): Name = "Supplier Part Number 3"; Value = "C553132"; VariantName = "[No Variations]"
Added Component: Designator=D?(DQA0010A)
Add component (AddParameter): Name = "Bidirecional/Unidirecional"; Value = "ESD204DQAR"; VariantName = "[No Variations]"
Add component (AddParameter): Name = "Breakdown Voltage"; Value = "7.9 V"; VariantName = "[No Variations]"
Add component (AddParameter): Name = "Manufacter"; Value = "Texas Instruments"; VariantName = "[No Variations]"
Add component (AddParameter): Name = "Montagem"; Value = "SMD"; VariantName = "[No Variations]"
Add component (AddParameter): Name = "Nome"; Value = "ESD204DQAR"; VariantName = "[No Variations]"
Add component (AddParameter): Name = "Package"; Value = "DQA0010A"; VariantName = "[No Variations]"
Add component (AddParameter): Name = "Part Number"; Value = "ESD204DQAR"; VariantName = "[No Variations]"
Add component (AddParameter): Name = "Peak Pulse Current"; Value = "5.5 A"; VariantName = "[No Variations]"
Add component (AddParameter): Name = "Peak Pulse Power Dissipation"; Value = "50 W"; VariantName = "[No Variations]"
Add component (AddParameter): Name = "Supplier 1"; Value = "Mouser"; VariantName = "[No Variations]"
Add component (AddParameter): Name = "Supplier 2"; Value = "Digikey"; VariantName = "[No Variations]"
Add component (AddParameter): Name = "Supplier 3"; Value = "LCSC"; VariantName = "[No Variations]"
Add component (AddParameter): Name = "Supplier Part Number 1"; Value = "595-ESD204DQAR"; VariantName = "[No Variations]"
Add component (AddParameter): Name = "Supplier Part Number 2"; Value = "296-49504-1-ND"; VariantName = "[No Variations]"
Add component (AddParameter): Name = "Supplier Part Number 3"; Value = "C553132"; VariantName = "[No Variations]"
Added Component: Designator=D?(DQA0010A)
Add component (AddParameter): Name = "Bidirecional/Unidirecional"; Value = "ESD204DQAR"; VariantName = "[No Variations]"
Add component (AddParameter): Name = "Breakdown Voltage"; Value = "7.9 V"; VariantName = "[No Variations]"
Add component (AddParameter): Name = "Manufacter"; Value = "Texas Instruments"; VariantName = "[No Variations]"
Add component (AddParameter): Name = "Montagem"; Value = "SMD"; VariantName = "[No Variations]"
Add component (AddParameter): Name = "Nome"; Value = "ESD204DQAR"; VariantName = "[No Variations]"
Add component (AddParameter): Name = "Package"; Value = "DQA0010A"; VariantName = "[No Variations]"
Add component (AddParameter): Name = "Part Number"; Value = "ESD204DQAR"; VariantName = "[No Variations]"
Add component (AddParameter): Name = "Peak Pulse Current"; Value = "5.5 A"; VariantName = "[No Variations]"
Add component (AddParameter): Name = "Peak Pulse Power Dissipation"; Value = "50 W"; VariantName = "[No Variations]"
Add component (AddParameter): Name = "Supplier 1"; Value = "Mouser"; VariantName = "[No Variations]"
Add component (AddParameter): Name = "Supplier 2"; Value = "Digikey"; VariantName = "[No Variations]"
Add component (AddParameter): Name = "Supplier 3"; Value = "LCSC"; VariantName = "[No Variations]"
Add component (AddParameter): Name = "Supplier Part Number 1"; Value = "595-ESD204DQAR"; VariantName = "[No Variations]"
Add component (AddParameter): Name = "Supplier Part Number 2"; Value = "296-49504-1-ND"; VariantName = "[No Variations]"
Add component (AddParameter): Name = "Supplier Part Number 3"; Value = "C553132"; VariantName = "[No Variations]"
Added Component: Designator=D?(DQA0010A)
Add component (AddParameter): Name = "Bidirecional/Unidirecional"; Value = "ESD204DQAR"; VariantName = "[No Variations]"
Add component (AddParameter): Name = "Breakdown Voltage"; Value = "7.9 V"; VariantName = "[No Variations]"
Add component (AddParameter): Name = "Manufacter"; Value = "Texas Instruments"; VariantName = "[No Variations]"
Add component (AddParameter): Name = "Montagem"; Value = "SMD"; VariantName = "[No Variations]"
Add component (AddParameter): Name = "Nome"; Value = "ESD204DQAR"; VariantName = "[No Variations]"
Add component (AddParameter): Name = "Package"; Value = "DQA0010A"; VariantName = "[No Variations]"
Add component (AddParameter): Name = "Part Number"; Value = "ESD204DQAR"; VariantName = "[No Variations]"
Add component (AddParameter): Name = "Peak Pulse Current"; Value = "5.5 A"; VariantName = "[No Variations]"
Add component (AddParameter): Name = "Peak Pulse Power Dissipation"; Value = "50 W"; VariantName = "[No Variations]"
Add component (AddParameter): Name = "Supplier 1"; Value = "Mouser"; VariantName = "[No Variations]"
Add component (AddParameter): Name = "Supplier 2"; Value = "Digikey"; VariantName = "[No Variations]"
Add component (AddParameter): Name = "Supplier 3"; Value = "LCSC"; VariantName = "[No Variations]"
Add component (AddParameter): Name = "Supplier Part Number 1"; Value = "595-ESD204DQAR"; VariantName = "[No Variations]"
Add component (AddParameter): Name = "Supplier Part Number 2"; Value = "296-49504-1-ND"; VariantName = "[No Variations]"
Add component (AddParameter): Name = "Supplier Part Number 3"; Value = "C553132"; VariantName = "[No Variations]"
Added Component: Designator=J?(USB1135-15-9-L-B)
Add component (AddParameter): Name = "Colunas"; Value = "0"; VariantName = "[No Variations]"
Add component (AddParameter): Name = "Manufacter"; Value = "GCT"; VariantName = "[No Variations]"
Add component (AddParameter): Name = "Montagem"; Value = "PTH"; VariantName = "[No Variations]"
Add component (AddParameter): Name = "Nome"; Value = "USB1135-15-9-L-B"; VariantName = "[No Variations]"
Add component (AddParameter): Name = "Part Number"; Value = "USB1135-15-9-L-B"; VariantName = "[No Variations]"
Add component (AddParameter): Name = "Pinos por coluna"; Value = "0"; VariantName = "[No Variations]"
Add component (AddParameter): Name = "Sub-Tipo"; Value = "USB"; VariantName = "[No Variations]"
Add component (AddParameter): Name = "Supplier 1"; Value = "Mouser"; VariantName = "[No Variations]"
Add component (AddParameter): Name = "Supplier 2"; Value = "Digikey"; VariantName = "[No Variations]"
Add component (AddParameter): Name = "Supplier 3"; Value = "LCSC"; VariantName = "[No Variations]"
Add component (AddParameter): Name = "Supplier Part Number 1"; Value = "640-USB1135-15-9-L-B"; VariantName = "[No Variations]"
Add component (AddParameter): Name = "Supplier Part Number 2"; Value = "2073-USB1135-15-9-L-B-ND"; VariantName = "[No Variations]"
Add component (AddParameter): Name = "Supplier Part Number 3"; Value = "C5456888"; VariantName = "[No Variations]"
Add component (AddParameter): Name = "Total de Pinos"; Value = "11"; VariantName = "[No Variations]"
Added Component: Designator=J?(USB1135-15-9-L-B)
Add component (AddParameter): Name = "Colunas"; Value = "0"; VariantName = "[No Variations]"
Add component (AddParameter): Name = "Manufacter"; Value = "GCT"; VariantName = "[No Variations]"
Add component (AddParameter): Name = "Montagem"; Value = "PTH"; VariantName = "[No Variations]"
Add component (AddParameter): Name = "Nome"; Value = "USB1135-15-9-L-B"; VariantName = "[No Variations]"
Add component (AddParameter): Name = "Part Number"; Value = "USB1135-15-9-L-B"; VariantName = "[No Variations]"
Add component (AddParameter): Name = "Pinos por coluna"; Value = "0"; VariantName = "[No Variations]"
Add component (AddParameter): Name = "Sub-Tipo"; Value = "USB"; VariantName = "[No Variations]"
Add component (AddParameter): Name = "Supplier 1"; Value = "Mouser"; VariantName = "[No Variations]"
Add component (AddParameter): Name = "Supplier 2"; Value = "Digikey"; VariantName = "[No Variations]"
Add component (AddParameter): Name = "Supplier 3"; Value = "LCSC"; VariantName = "[No Variations]"
Add component (AddParameter): Name = "Supplier Part Number 1"; Value = "640-USB1135-15-9-L-B"; VariantName = "[No Variations]"
Add component (AddParameter): Name = "Supplier Part Number 2"; Value = "2073-USB1135-15-9-L-B-ND"; VariantName = "[No Variations]"
Add component (AddParameter): Name = "Supplier Part Number 3"; Value = "C5456888"; VariantName = "[No Variations]"
Add component (AddParameter): Name = "Total de Pinos"; Value = "11"; VariantName = "[No Variations]"
Added Component: Designator=J?(USB1135-15-9-L-B)
Add component (AddParameter): Name = "Colunas"; Value = "0"; VariantName = "[No Variations]"
Add component (AddParameter): Name = "Manufacter"; Value = "GCT"; VariantName = "[No Variations]"
Add component (AddParameter): Name = "Montagem"; Value = "PTH"; VariantName = "[No Variations]"
Add component (AddParameter): Name = "Nome"; Value = "USB1135-15-9-L-B"; VariantName = "[No Variations]"
Add component (AddParameter): Name = "Part Number"; Value = "USB1135-15-9-L-B"; VariantName = "[No Variations]"
Add component (AddParameter): Name = "Pinos por coluna"; Value = "0"; VariantName = "[No Variations]"
Add component (AddParameter): Name = "Sub-Tipo"; Value = "USB"; VariantName = "[No Variations]"
Add component (AddParameter): Name = "Supplier 1"; Value = "Mouser"; VariantName = "[No Variations]"
Add component (AddParameter): Name = "Supplier 2"; Value = "Digikey"; VariantName = "[No Variations]"
Add component (AddParameter): Name = "Supplier 3"; Value = "LCSC"; VariantName = "[No Variations]"
Add component (AddParameter): Name = "Supplier Part Number 1"; Value = "640-USB1135-15-9-L-B"; VariantName = "[No Variations]"
Add component (AddParameter): Name = "Supplier Part Number 2"; Value = "2073-USB1135-15-9-L-B-ND"; VariantName = "[No Variations]"
Add component (AddParameter): Name = "Supplier Part Number 3"; Value = "C5456888"; VariantName = "[No Variations]"
Add component (AddParameter): Name = "Total de Pinos"; Value = "11"; VariantName = "[No Variations]"
Added Component: Designator=J?(USB1135-15-9-L-B)
Add component (AddParameter): Name = "Colunas"; Value = "0"; VariantName = "[No Variations]"
Add component (AddParameter): Name = "Manufacter"; Value = "GCT"; VariantName = "[No Variations]"
Add component (AddParameter): Name = "Montagem"; Value = "PTH"; VariantName = "[No Variations]"
Add component (AddParameter): Name = "Nome"; Value = "USB1135-15-9-L-B"; VariantName = "[No Variations]"
Add component (AddParameter): Name = "Part Number"; Value = "USB1135-15-9-L-B"; VariantName = "[No Variations]"
Add component (AddParameter): Name = "Pinos por coluna"; Value = "0"; VariantName = "[No Variations]"
Add component (AddParameter): Name = "Sub-Tipo"; Value = "USB"; VariantName = "[No Variations]"
Add component (AddParameter): Name = "Supplier 1"; Value = "Mouser"; VariantName = "[No Variations]"
Add component (AddParameter): Name = "Supplier 2"; Value = "Digikey"; VariantName = "[No Variations]"
Add component (AddParameter): Name = "Supplier 3"; Value = "LCSC"; VariantName = "[No Variations]"
Add component (AddParameter): Name = "Supplier Part Number 1"; Value = "640-USB1135-15-9-L-B"; VariantName = "[No Variations]"
Add component (AddParameter): Name = "Supplier Part Number 2"; Value = "2073-USB1135-15-9-L-B-ND"; VariantName = "[No Variations]"
Add component (AddParameter): Name = "Supplier Part Number 3"; Value = "C5456888"; VariantName = "[No Variations]"
Add component (AddParameter): Name = "Total de Pinos"; Value = "11"; VariantName = "[No Variations]"
Add component: Footprint Not Found RGC0064G
Added Component: Designator=U?(DBV0005A)
Add component (AddParameter): Name = "Manufacter"; Value = "Texas Instruments"; VariantName = "[No Variations]"
Add component (AddParameter): Name = "Montagem"; Value = "SMD"; VariantName = "[No Variations]"
Add component (AddParameter): Name = "Nome"; Value = "TPS2001DDBVR"; VariantName = "[No Variations]"
Add component (AddParameter): Name = "Package"; Value = "DBV0005A"; VariantName = "[No Variations]"
Add component (AddParameter): Name = "Part Number"; Value = "TPS2001DDBVR"; VariantName = "[No Variations]"
Add component (AddParameter): Name = "Sub-Tipo"; Value = "Conversor DC/DC"; VariantName = "[No Variations]"
Add component (AddParameter): Name = "Supplier 1"; Value = "Mouser"; VariantName = "[No Variations]"
Add component (AddParameter): Name = "Supplier 2"; Value = "Digikey"; VariantName = "[No Variations]"
Add component (AddParameter): Name = "Supplier 3"; Value = "LCSC"; VariantName = "[No Variations]"
Add component (AddParameter): Name = "Supplier Part Number 1"; Value = "595-TPS2001DDBVR"; VariantName = "[No Variations]"
Add component (AddParameter): Name = "Supplier Part Number 2"; Value = "296-50039-1-ND"; VariantName = "[No Variations]"
Add component (AddParameter): Name = "Supplier Part Number 3"; Value = "C2150129"; VariantName = "[No Variations]"
Added Component: Designator=U?(SOIC-8)
Add component (AddParameter): Name = "Manufacter"; Value = "Microchip Technology"; VariantName = "[No Variations]"
Add component (AddParameter): Name = "Montagem"; Value = "SMD"; VariantName = "[No Variations]"
Add component (AddParameter): Name = "Nome"; Value = "AT24C04D-SSHM-B"; VariantName = "[No Variations]"
Add component (AddParameter): Name = "Package"; Value = "SOIC-8"; VariantName = "[No Variations]"
Add component (AddParameter): Name = "Part Number"; Value = "AT24C04D-SSHM-B"; VariantName = "[No Variations]"
Add component (AddParameter): Name = "Sub-Tipo"; Value = "Memoria"; VariantName = "[No Variations]"
Add component (AddParameter): Name = "Supplier 1"; Value = "Mouser"; VariantName = "[No Variations]"
Add component (AddParameter): Name = "Supplier 2"; Value = "Digikey"; VariantName = "[No Variations]"
Add component (AddParameter): Name = "Supplier 3"; Value = "LCSC"; VariantName = "[No Variations]"
Add component (AddParameter): Name = "Supplier Part Number 1"; Value = "556-AT24C04D-SSHM-B"; VariantName = "[No Variations]"
Add component (AddParameter): Name = "Supplier Part Number 2"; Value = "AT24C04D-SSHM-B-ND"; VariantName = "[No Variations]"
Add component (AddParameter): Name = "Supplier Part Number 3"; Value = "C1349373"; VariantName = "[No Variations]"
Added Class: Name=Sheet1
