Added Component: Designator=U?(RGC0064G)
Add component (AddParameter): Name = "Manufacter"; Value = "Texas Instruments"; VariantName = "[No Variations]"
Add component (AddParameter): Name = "Montagem"; Value = "SMD"; VariantName = "[No Variations]"
Add component (AddParameter): Name = "Nome"; Value = "TUSB8042ARGCT"; VariantName = "[No Variations]"
Add component (AddParameter): Name = "Package"; Value = "RGC0064G"; VariantName = "[No Variations]"
Add component (AddParameter): Name = "Part Number"; Value = "TUSB8042ARGCT"; VariantName = "[No Variations]"
Add component (AddParameter): Name = "Sub-Tipo"; Value = "USB HUB"; VariantName = "[No Variations]"
Add component (AddParameter): Name = "Supplier 1"; Value = "Mouser"; VariantName = "[No Variations]"
Add component (AddParameter): Name = "Supplier 2"; Value = "Digikey"; VariantName = "[No Variations]"
Add component (AddParameter): Name = "Supplier 3"; Value = "LCSC"; VariantName = "[No Variations]"
Add component (AddParameter): Name = "Supplier Part Number 1"; Value = "595-TUSB8042ARGCT"; VariantName = "[No Variations]"
Add component (AddParameter): Name = "Supplier Part Number 2"; Value = "296-TUSB8042ARGCT-ND"; VariantName = "[No Variations]"
Add component (AddParameter): Name = "Supplier Part Number 3"; Value = "C2678051"; VariantName = "[No Variations]"
Added Member To Class: ClassName=Sheet1 Member=Component D? ESD204DQAR
Added Member To Class: ClassName=Sheet1 Member=Component D? ESD204DQAR
Added Member To Class: ClassName=Sheet1 Member=Component D? ESD204DQAR
Added Member To Class: ClassName=Sheet1 Member=Component J? USB1135-15-9-L-B
Added Member To Class: ClassName=Sheet1 Member=Component J? USB1135-15-9-L-B
Added Member To Class: ClassName=Sheet1 Member=Component J? USB1135-15-9-L-B
Added Member To Class: ClassName=Sheet1 Member=Component U? AT24C04D-SSHM-B
Added Member To Class: ClassName=Sheet1 Member=Component U? TUSB8042ARGCT
