Replace Part C1 CAPNPOL in C:\ProjectsOpenSource\USBHub3.2G1\Altium_Project\Schematic.SchDoc with CAPNPOL from MemLib.DbLib
Replace Part C2 CAPNPOL in C:\ProjectsOpenSource\USBHub3.2G1\Altium_Project\Schematic.SchDoc with CAPNPOL from MemLib.DbLib
Replace Part C3 CAPNPOL in C:\ProjectsOpenSource\USBHub3.2G1\Altium_Project\Schematic.SchDoc with CAPNPOL from MemLib.DbLib
Replace Part C4 CAPNPOL in C:\ProjectsOpenSource\USBHub3.2G1\Altium_Project\Schematic.SchDoc with CAPNPOL from MemLib.DbLib
Replace Part C5 CAPNPOL in C:\ProjectsOpenSource\USBHub3.2G1\Altium_Project\Schematic.SchDoc with CAPNPOL from MemLib.DbLib
Replace Part C6 CAPNPOL in C:\ProjectsOpenSource\USBHub3.2G1\Altium_Project\Schematic.SchDoc with CAPNPOL from MemLib.DbLib
Replace Part C7 CAPNPOL in C:\ProjectsOpenSource\USBHub3.2G1\Altium_Project\Schematic.SchDoc with CAPNPOL from MemLib.DbLib
Replace Part C8 CAPNPOL in C:\ProjectsOpenSource\USBHub3.2G1\Altium_Project\Schematic.SchDoc with CAPNPOL from MemLib.DbLib
Replace Part C9 CAPNPOL in C:\ProjectsOpenSource\USBHub3.2G1\Altium_Project\Schematic.SchDoc with CAPNPOL from MemLib.DbLib
Replace Part C10 CAPNPOL in C:\ProjectsOpenSource\USBHub3.2G1\Altium_Project\Schematic.SchDoc with CAPNPOL from MemLib.DbLib
Replace Part C11 CAPNPOL in C:\ProjectsOpenSource\USBHub3.2G1\Altium_Project\Schematic.SchDoc with CAPNPOL from MemLib.DbLib
Replace Part C12 CAPNPOL in C:\ProjectsOpenSource\USBHub3.2G1\Altium_Project\Schematic.SchDoc with CAPNPOL from MemLib.DbLib
Replace Part C13 CAPNPOL in C:\ProjectsOpenSource\USBHub3.2G1\Altium_Project\Schematic.SchDoc with CAPNPOL from MemLib.DbLib
Replace Part C14 CAPNPOL in C:\ProjectsOpenSource\USBHub3.2G1\Altium_Project\Schematic.SchDoc with CAPNPOL from MemLib.DbLib
Replace Part C15 CAPNPOL in C:\ProjectsOpenSource\USBHub3.2G1\Altium_Project\Schematic.SchDoc with CAPNPOL from MemLib.DbLib
Replace Part C16 CAPNPOL in C:\ProjectsOpenSource\USBHub3.2G1\Altium_Project\Schematic.SchDoc with CAPNPOL from MemLib.DbLib
Replace Part C17 CAPNPOL in C:\ProjectsOpenSource\USBHub3.2G1\Altium_Project\Schematic.SchDoc with CAPNPOL from MemLib.DbLib
Replace Part C18 CAPNPOL in C:\ProjectsOpenSource\USBHub3.2G1\Altium_Project\Schematic.SchDoc with CAPNPOL from MemLib.DbLib
Replace Part C19 CAPNPOL in C:\ProjectsOpenSource\USBHub3.2G1\Altium_Project\Schematic.SchDoc with CAPNPOL from MemLib.DbLib
Replace Part C20 CAPNPOL in C:\ProjectsOpenSource\USBHub3.2G1\Altium_Project\Schematic.SchDoc with CAPNPOL from MemLib.DbLib
Replace Part C21 CAPNPOL in C:\ProjectsOpenSource\USBHub3.2G1\Altium_Project\Schematic.SchDoc with CAPNPOL from MemLib.DbLib
Replace Part C22 CAPNPOL in C:\ProjectsOpenSource\USBHub3.2G1\Altium_Project\Schematic.SchDoc with CAPNPOL from MemLib.DbLib
Replace Part C23 CAPNPOL in C:\ProjectsOpenSource\USBHub3.2G1\Altium_Project\Schematic.SchDoc with CAPNPOL from MemLib.DbLib
Replace Part C24 CAPNPOL in C:\ProjectsOpenSource\USBHub3.2G1\Altium_Project\Schematic.SchDoc with CAPNPOL from MemLib.DbLib
Replace Part C25 CAPNPOL in C:\ProjectsOpenSource\USBHub3.2G1\Altium_Project\Schematic.SchDoc with CAPNPOL from MemLib.DbLib
Replace Part C26 CAPNPOL in C:\ProjectsOpenSource\USBHub3.2G1\Altium_Project\Schematic.SchDoc with CAPNPOL from MemLib.DbLib
Replace Part C27 CAPNPOL in C:\ProjectsOpenSource\USBHub3.2G1\Altium_Project\Schematic.SchDoc with CAPNPOL from MemLib.DbLib
Replace Part C28 CAPNPOL in C:\ProjectsOpenSource\USBHub3.2G1\Altium_Project\Schematic.SchDoc with CAPNPOL from MemLib.DbLib
Replace Part C29 CAPNPOL in C:\ProjectsOpenSource\USBHub3.2G1\Altium_Project\Schematic.SchDoc with CAPNPOL from MemLib.DbLib
Replace Part C30 CAPNPOL in C:\ProjectsOpenSource\USBHub3.2G1\Altium_Project\Schematic.SchDoc with CAPNPOL from MemLib.DbLib
Replace Part C31 CAPNPOL in C:\ProjectsOpenSource\USBHub3.2G1\Altium_Project\Schematic.SchDoc with CAPNPOL from MemLib.DbLib
Replace Part C32 CAPNPOL in C:\ProjectsOpenSource\USBHub3.2G1\Altium_Project\Schematic.SchDoc with CAPNPOL from MemLib.DbLib
Replace Part C33 CAPNPOL in C:\ProjectsOpenSource\USBHub3.2G1\Altium_Project\Schematic.SchDoc with CAPNPOL from MemLib.DbLib
Replace Part C34 CAPNPOL in C:\ProjectsOpenSource\USBHub3.2G1\Altium_Project\Schematic.SchDoc with CAPNPOL from MemLib.DbLib
Replace Part C35 CAPNPOL in C:\ProjectsOpenSource\USBHub3.2G1\Altium_Project\Schematic.SchDoc with CAPNPOL from MemLib.DbLib
Replace Part C36 CAPNPOL in C:\ProjectsOpenSource\USBHub3.2G1\Altium_Project\Schematic.SchDoc with CAPNPOL from MemLib.DbLib
Replace Part C37 CAPNPOL in C:\ProjectsOpenSource\USBHub3.2G1\Altium_Project\Schematic.SchDoc with CAPNPOL from MemLib.DbLib
Replace Part C38 CAPNPOL in C:\ProjectsOpenSource\USBHub3.2G1\Altium_Project\Schematic.SchDoc with CAPNPOL from MemLib.DbLib
Replace Part C39 CAPNPOL in C:\ProjectsOpenSource\USBHub3.2G1\Altium_Project\Schematic.SchDoc with CAPNPOL from MemLib.DbLib
Replace Part C40 CAPNPOL in C:\ProjectsOpenSource\USBHub3.2G1\Altium_Project\Schematic.SchDoc with CAPNPOL from MemLib.DbLib
Replace Part C41 CAPNPOL in C:\ProjectsOpenSource\USBHub3.2G1\Altium_Project\Schematic.SchDoc with CAPNPOL from MemLib.DbLib
Replace Part C42 CAPNPOL in C:\ProjectsOpenSource\USBHub3.2G1\Altium_Project\Schematic.SchDoc with CAPNPOL from MemLib.DbLib
Replace Part C43 CAPNPOL in C:\ProjectsOpenSource\USBHub3.2G1\Altium_Project\Schematic.SchDoc with CAPNPOL from MemLib.DbLib
Replace Part C44 CAPNPOL in C:\ProjectsOpenSource\USBHub3.2G1\Altium_Project\Schematic.SchDoc with CAPNPOL from MemLib.DbLib
Replace Part C45 CAPNPOL in C:\ProjectsOpenSource\USBHub3.2G1\Altium_Project\Schematic.SchDoc with CAPNPOL from MemLib.DbLib
Replace Part C46 CAPNPOL in C:\ProjectsOpenSource\USBHub3.2G1\Altium_Project\Schematic.SchDoc with CAPNPOL from MemLib.DbLib
Replace Part C47 CAPNPOL in C:\ProjectsOpenSource\USBHub3.2G1\Altium_Project\Schematic.SchDoc with CAPNPOL from MemLib.DbLib
Replace Part C48 CAPNPOL in C:\ProjectsOpenSource\USBHub3.2G1\Altium_Project\Schematic.SchDoc with CAPNPOL from MemLib.DbLib
Replace Part C49 CAPNPOL in C:\ProjectsOpenSource\USBHub3.2G1\Altium_Project\Schematic.SchDoc with CAPNPOL from MemLib.DbLib
Replace Part C50 CAPNPOL in C:\ProjectsOpenSource\USBHub3.2G1\Altium_Project\Schematic.SchDoc with CAPNPOL from MemLib.DbLib
Replace Part C51 CAPPOL in C:\ProjectsOpenSource\USBHub3.2G1\Altium_Project\Schematic.SchDoc with CAPPOL from MemLib.DbLib
Replace Part C52 CAPPOL in C:\ProjectsOpenSource\USBHub3.2G1\Altium_Project\Schematic.SchDoc with CAPPOL from MemLib.DbLib
Replace Part C53 CAPNPOL in C:\ProjectsOpenSource\USBHub3.2G1\Altium_Project\Schematic.SchDoc with CAPNPOL from MemLib.DbLib
Replace Part C54 CAPNPOL in C:\ProjectsOpenSource\USBHub3.2G1\Altium_Project\Schematic.SchDoc with CAPNPOL from MemLib.DbLib
Replace Part C55 CAPNPOL in C:\ProjectsOpenSource\USBHub3.2G1\Altium_Project\Schematic.SchDoc with CAPNPOL from MemLib.DbLib
Replace Part C56 CAPNPOL in C:\ProjectsOpenSource\USBHub3.2G1\Altium_Project\Schematic.SchDoc with CAPNPOL from MemLib.DbLib
Replace Part C57 CAPNPOL in C:\ProjectsOpenSource\USBHub3.2G1\Altium_Project\Schematic.SchDoc with CAPNPOL from MemLib.DbLib
Replace Part C58 CAPPOL in C:\ProjectsOpenSource\USBHub3.2G1\Altium_Project\Schematic.SchDoc with CAPPOL from MemLib.DbLib
Replace Part C59 CAPPOL in C:\ProjectsOpenSource\USBHub3.2G1\Altium_Project\Schematic.SchDoc with CAPPOL from MemLib.DbLib
Replace Part C60 CAPNPOL in C:\ProjectsOpenSource\USBHub3.2G1\Altium_Project\Schematic.SchDoc with CAPNPOL from MemLib.DbLib
Replace Part C61 CAPNPOL in C:\ProjectsOpenSource\USBHub3.2G1\Altium_Project\Schematic.SchDoc with CAPNPOL from MemLib.DbLib
Replace Part C62 CAPNPOL in C:\ProjectsOpenSource\USBHub3.2G1\Altium_Project\Schematic.SchDoc with CAPNPOL from MemLib.DbLib
Replace Part C63 CAPNPOL in C:\ProjectsOpenSource\USBHub3.2G1\Altium_Project\Schematic.SchDoc with CAPNPOL from MemLib.DbLib
Replace Part C64 CAPNPOL in C:\ProjectsOpenSource\USBHub3.2G1\Altium_Project\Schematic.SchDoc with CAPNPOL from MemLib.DbLib
Replace Part C65 CAPNPOL in C:\ProjectsOpenSource\USBHub3.2G1\Altium_Project\Schematic.SchDoc with CAPNPOL from MemLib.DbLib
Replace Part C66 CAPNPOL in C:\ProjectsOpenSource\USBHub3.2G1\Altium_Project\Schematic.SchDoc with CAPNPOL from MemLib.DbLib
Replace Part C67 CAPNPOL in C:\ProjectsOpenSource\USBHub3.2G1\Altium_Project\Schematic.SchDoc with CAPNPOL from MemLib.DbLib
Replace Part C68 CAPNPOL in C:\ProjectsOpenSource\USBHub3.2G1\Altium_Project\Schematic.SchDoc with CAPNPOL from MemLib.DbLib
Replace Part C69 CAPNPOL in C:\ProjectsOpenSource\USBHub3.2G1\Altium_Project\Schematic.SchDoc with CAPNPOL from MemLib.DbLib
Replace Part C70 CAPNPOL in C:\ProjectsOpenSource\USBHub3.2G1\Altium_Project\Schematic.SchDoc with CAPNPOL from MemLib.DbLib
Replace Part C71 CAPNPOL in C:\ProjectsOpenSource\USBHub3.2G1\Altium_Project\Schematic.SchDoc with CAPNPOL from MemLib.DbLib
Replace Part C72 CAPNPOL in C:\ProjectsOpenSource\USBHub3.2G1\Altium_Project\Schematic.SchDoc with CAPNPOL from MemLib.DbLib
Replace Part C73 CAPPOL in C:\ProjectsOpenSource\USBHub3.2G1\Altium_Project\Schematic.SchDoc with CAPPOL from MemLib.DbLib
Replace Part C74 CAPNPOL in C:\ProjectsOpenSource\USBHub3.2G1\Altium_Project\Schematic.SchDoc with CAPNPOL from MemLib.DbLib
Replace Part C75 CAPNPOL in C:\ProjectsOpenSource\USBHub3.2G1\Altium_Project\Schematic.SchDoc with CAPNPOL from MemLib.DbLib
Replace Part C76 CAPNPOL in C:\ProjectsOpenSource\USBHub3.2G1\Altium_Project\Schematic.SchDoc with CAPNPOL from MemLib.DbLib
Replace Part C77 CAPNPOL in C:\ProjectsOpenSource\USBHub3.2G1\Altium_Project\Schematic.SchDoc with CAPNPOL from MemLib.DbLib
Replace Part C78 CAPNPOL in C:\ProjectsOpenSource\USBHub3.2G1\Altium_Project\Schematic.SchDoc with CAPNPOL from MemLib.DbLib
Replace Part C79 CAPNPOL in C:\ProjectsOpenSource\USBHub3.2G1\Altium_Project\Schematic.SchDoc with CAPNPOL from MemLib.DbLib
Replace Part C80 CAPNPOL in C:\ProjectsOpenSource\USBHub3.2G1\Altium_Project\Schematic.SchDoc with CAPNPOL from MemLib.DbLib
Replace Part C81 CAPNPOL in C:\ProjectsOpenSource\USBHub3.2G1\Altium_Project\Schematic.SchDoc with CAPNPOL from MemLib.DbLib
Replace Part C82 CAPNPOL in C:\ProjectsOpenSource\USBHub3.2G1\Altium_Project\Schematic.SchDoc with CAPNPOL from MemLib.DbLib
Replace Part C83 CAPNPOL in C:\ProjectsOpenSource\USBHub3.2G1\Altium_Project\Schematic.SchDoc with CAPNPOL from MemLib.DbLib
Replace Part C84 CAPNPOL in C:\ProjectsOpenSource\USBHub3.2G1\Altium_Project\Schematic.SchDoc with CAPNPOL from MemLib.DbLib
Replace Part C85 CAPNPOL in C:\ProjectsOpenSource\USBHub3.2G1\Altium_Project\Schematic.SchDoc with CAPNPOL from MemLib.DbLib
Replace Part C86 CAPNPOL in C:\ProjectsOpenSource\USBHub3.2G1\Altium_Project\Schematic.SchDoc with CAPNPOL from MemLib.DbLib
Replace Part D1 TPD2EUSB30DRTR in C:\ProjectsOpenSource\USBHub3.2G1\Altium_Project\Schematic.SchDoc with TPD2EUSB30DRTR from MemLib.DbLib
Replace Part D2 ESD204DQAR in C:\ProjectsOpenSource\USBHub3.2G1\Altium_Project\Schematic.SchDoc with ESD204DQAR from MemLib.DbLib
Replace Part D3 TPD2EUSB30DRTR in C:\ProjectsOpenSource\USBHub3.2G1\Altium_Project\Schematic.SchDoc with TPD2EUSB30DRTR from MemLib.DbLib
Replace Part D4 ESD204DQAR in C:\ProjectsOpenSource\USBHub3.2G1\Altium_Project\Schematic.SchDoc with ESD204DQAR from MemLib.DbLib
Replace Part D5 TPD2EUSB30DRTR in C:\ProjectsOpenSource\USBHub3.2G1\Altium_Project\Schematic.SchDoc with TPD2EUSB30DRTR from MemLib.DbLib
Replace Part D6 ESD204DQAR in C:\ProjectsOpenSource\USBHub3.2G1\Altium_Project\Schematic.SchDoc with ESD204DQAR from MemLib.DbLib
Replace Part D7 TPD2EUSB30DRTR in C:\ProjectsOpenSource\USBHub3.2G1\Altium_Project\Schematic.SchDoc with TPD2EUSB30DRTR from MemLib.DbLib
Replace Part D8 ESD204DQAR in C:\ProjectsOpenSource\USBHub3.2G1\Altium_Project\Schematic.SchDoc with ESD204DQAR from MemLib.DbLib
Replace Part FB1 FerriteBead in C:\ProjectsOpenSource\USBHub3.2G1\Altium_Project\Schematic.SchDoc with FerriteBead from MemLib.DbLib
Replace Part FB2 FerriteBead in C:\ProjectsOpenSource\USBHub3.2G1\Altium_Project\Schematic.SchDoc with FerriteBead from MemLib.DbLib
Replace Part FB3 FerriteBead in C:\ProjectsOpenSource\USBHub3.2G1\Altium_Project\Schematic.SchDoc with FerriteBead from MemLib.DbLib
Replace Part FB4 FerriteBead in C:\ProjectsOpenSource\USBHub3.2G1\Altium_Project\Schematic.SchDoc with FerriteBead from MemLib.DbLib
Replace Part FB5 FerriteBead in C:\ProjectsOpenSource\USBHub3.2G1\Altium_Project\Schematic.SchDoc with FerriteBead from MemLib.DbLib
Replace Part FB6 FerriteBead in C:\ProjectsOpenSource\USBHub3.2G1\Altium_Project\Schematic.SchDoc with FerriteBead from MemLib.DbLib
Replace Part J1 USB1135-15-9-L-B in C:\ProjectsOpenSource\USBHub3.2G1\Altium_Project\Schematic.SchDoc with USB1135-15-9-L-B from MemLib.DbLib
Replace Part J2 USB1135-15-9-L-B in C:\ProjectsOpenSource\USBHub3.2G1\Altium_Project\Schematic.SchDoc with USB1135-15-9-L-B from MemLib.DbLib
Replace Part J3 USB1135-15-9-L-B in C:\ProjectsOpenSource\USBHub3.2G1\Altium_Project\Schematic.SchDoc with USB1135-15-9-L-B from MemLib.DbLib
Replace Part J4 2338792-1 in C:\ProjectsOpenSource\USBHub3.2G1\Altium_Project\Schematic.SchDoc with 2338792-1 from MemLib.DbLib
Replace Part J5 DC-005 in C:\ProjectsOpenSource\USBHub3.2G1\Altium_Project\Schematic.SchDoc with DC-005 from MemLib.DbLib
Replace Part J6 USB1135-15-9-L-B in C:\ProjectsOpenSource\USBHub3.2G1\Altium_Project\Schematic.SchDoc with USB1135-15-9-L-B from MemLib.DbLib
Replace Part Q1 PowerMOSFET-P in C:\ProjectsOpenSource\USBHub3.2G1\Altium_Project\Schematic.SchDoc with PowerMOSFET-P from MemLib.DbLib
Replace Part Q2 PowerMOSFET-P in C:\ProjectsOpenSource\USBHub3.2G1\Altium_Project\Schematic.SchDoc with PowerMOSFET-P from MemLib.DbLib
Replace Part Q3 PowerMOSFET-P in C:\ProjectsOpenSource\USBHub3.2G1\Altium_Project\Schematic.SchDoc with PowerMOSFET-P from MemLib.DbLib
Replace Part Q4 PowerMOSFET-P in C:\ProjectsOpenSource\USBHub3.2G1\Altium_Project\Schematic.SchDoc with PowerMOSFET-P from MemLib.DbLib
Replace Part R1 Resistor in C:\ProjectsOpenSource\USBHub3.2G1\Altium_Project\Schematic.SchDoc with Resistor from MemLib.DbLib
Replace Part R2 Resistor in C:\ProjectsOpenSource\USBHub3.2G1\Altium_Project\Schematic.SchDoc with Resistor from MemLib.DbLib
Replace Part R3 Resistor in C:\ProjectsOpenSource\USBHub3.2G1\Altium_Project\Schematic.SchDoc with Resistor from MemLib.DbLib
Replace Part R4 Resistor in C:\ProjectsOpenSource\USBHub3.2G1\Altium_Project\Schematic.SchDoc with Resistor from MemLib.DbLib
Replace Part R5 Resistor in C:\ProjectsOpenSource\USBHub3.2G1\Altium_Project\Schematic.SchDoc with Resistor from MemLib.DbLib
Replace Part R6 Resistor in C:\ProjectsOpenSource\USBHub3.2G1\Altium_Project\Schematic.SchDoc with Resistor from MemLib.DbLib
Replace Part R7 Resistor in C:\ProjectsOpenSource\USBHub3.2G1\Altium_Project\Schematic.SchDoc with Resistor from MemLib.DbLib
Replace Part R8 Resistor in C:\ProjectsOpenSource\USBHub3.2G1\Altium_Project\Schematic.SchDoc with Resistor from MemLib.DbLib
Replace Part R9 Resistor in C:\ProjectsOpenSource\USBHub3.2G1\Altium_Project\Schematic.SchDoc with Resistor from MemLib.DbLib
Replace Part R10 Resistor in C:\ProjectsOpenSource\USBHub3.2G1\Altium_Project\Schematic.SchDoc with Resistor from MemLib.DbLib
Replace Part R11 Resistor in C:\ProjectsOpenSource\USBHub3.2G1\Altium_Project\Schematic.SchDoc with Resistor from MemLib.DbLib
Replace Part R12 Resistor in C:\ProjectsOpenSource\USBHub3.2G1\Altium_Project\Schematic.SchDoc with Resistor from MemLib.DbLib
Replace Part R13 Resistor in C:\ProjectsOpenSource\USBHub3.2G1\Altium_Project\Schematic.SchDoc with Resistor from MemLib.DbLib
Replace Part R14 Resistor in C:\ProjectsOpenSource\USBHub3.2G1\Altium_Project\Schematic.SchDoc with Resistor from MemLib.DbLib
Replace Part R15 Resistor in C:\ProjectsOpenSource\USBHub3.2G1\Altium_Project\Schematic.SchDoc with Resistor from MemLib.DbLib
Replace Part R16 Resistor in C:\ProjectsOpenSource\USBHub3.2G1\Altium_Project\Schematic.SchDoc with Resistor from MemLib.DbLib
Replace Part R17 Resistor in C:\ProjectsOpenSource\USBHub3.2G1\Altium_Project\Schematic.SchDoc with Resistor from MemLib.DbLib
Replace Part R18 Resistor in C:\ProjectsOpenSource\USBHub3.2G1\Altium_Project\Schematic.SchDoc with Resistor from MemLib.DbLib
Replace Part R19 Resistor in C:\ProjectsOpenSource\USBHub3.2G1\Altium_Project\Schematic.SchDoc with Resistor from MemLib.DbLib
Replace Part R20 Resistor in C:\ProjectsOpenSource\USBHub3.2G1\Altium_Project\Schematic.SchDoc with Resistor from MemLib.DbLib
Replace Part R21 Resistor in C:\ProjectsOpenSource\USBHub3.2G1\Altium_Project\Schematic.SchDoc with Resistor from MemLib.DbLib
Replace Part R22 Resistor in C:\ProjectsOpenSource\USBHub3.2G1\Altium_Project\Schematic.SchDoc with Resistor from MemLib.DbLib
Replace Part R23 Resistor in C:\ProjectsOpenSource\USBHub3.2G1\Altium_Project\Schematic.SchDoc with Resistor from MemLib.DbLib
Replace Part R24 Resistor in C:\ProjectsOpenSource\USBHub3.2G1\Altium_Project\Schematic.SchDoc with Resistor from MemLib.DbLib
Replace Part R25 Resistor in C:\ProjectsOpenSource\USBHub3.2G1\Altium_Project\Schematic.SchDoc with Resistor from MemLib.DbLib
Replace Part U1 TUSB8042ARGCT in C:\ProjectsOpenSource\USBHub3.2G1\Altium_Project\Schematic.SchDoc with TUSB8042ARGCT from MemLib.DbLib
Replace Part U2 TPS2553DRVR in C:\ProjectsOpenSource\USBHub3.2G1\Altium_Project\Schematic.SchDoc with TPS2553DRVR from MemLib.DbLib
Replace Part U3 TPS2553DRVR in C:\ProjectsOpenSource\USBHub3.2G1\Altium_Project\Schematic.SchDoc with TPS2553DRVR from MemLib.DbLib
Replace Part U4 TPS2553DRVR in C:\ProjectsOpenSource\USBHub3.2G1\Altium_Project\Schematic.SchDoc with TPS2553DRVR from MemLib.DbLib
Replace Part U5 TPS2553DRVR in C:\ProjectsOpenSource\USBHub3.2G1\Altium_Project\Schematic.SchDoc with TPS2553DRVR from MemLib.DbLib
Replace Part U6 TPS74801RGWRM3 in C:\ProjectsOpenSource\USBHub3.2G1\Altium_Project\Schematic.SchDoc with TPS74801RGWRM3 from MemLib.DbLib
Replace Part U7 TPS2121RUXT in C:\ProjectsOpenSource\USBHub3.2G1\Altium_Project\Schematic.SchDoc with TPS2121RUXT from MemLib.DbLib
Replace Part U8 TPS7A4533KTTR in C:\ProjectsOpenSource\USBHub3.2G1\Altium_Project\Schematic.SchDoc with TPS7A4533KTTR from MemLib.DbLib
