Replace Part  Furo in C:\ProjectsOpenSource\USBHub3.2G1\Schematic.SchDoc with Furo from MemLib.DbLib
Replace Part  Furo in C:\ProjectsOpenSource\USBHub3.2G1\Schematic.SchDoc with Furo from MemLib.DbLib
Replace Part  Furo in C:\ProjectsOpenSource\USBHub3.2G1\Schematic.SchDoc with Furo from MemLib.DbLib
Replace Part  Furo in C:\ProjectsOpenSource\USBHub3.2G1\Schematic.SchDoc with Furo from MemLib.DbLib
Replace Part C1 CAPNPOL in C:\ProjectsOpenSource\USBHub3.2G1\Schematic.SchDoc with CAPNPOL from MemLib.DbLib
Replace Part C2 CAPNPOL in C:\ProjectsOpenSource\USBHub3.2G1\Schematic.SchDoc with CAPNPOL from MemLib.DbLib
Replace Part C3 CAPNPOL in C:\ProjectsOpenSource\USBHub3.2G1\Schematic.SchDoc with CAPNPOL from MemLib.DbLib
Replace Part C4 CAPNPOL in C:\ProjectsOpenSource\USBHub3.2G1\Schematic.SchDoc with CAPNPOL from MemLib.DbLib
Replace Part C5 CAPNPOL in C:\ProjectsOpenSource\USBHub3.2G1\Schematic.SchDoc with CAPNPOL from MemLib.DbLib
Replace Part C6 CAPNPOL in C:\ProjectsOpenSource\USBHub3.2G1\Schematic.SchDoc with CAPNPOL from MemLib.DbLib
Replace Part C7 CAPNPOL in C:\ProjectsOpenSource\USBHub3.2G1\Schematic.SchDoc with CAPNPOL from MemLib.DbLib
Replace Part C8 CAPNPOL in C:\ProjectsOpenSource\USBHub3.2G1\Schematic.SchDoc with CAPNPOL from MemLib.DbLib
Replace Part C9 CAPNPOL in C:\ProjectsOpenSource\USBHub3.2G1\Schematic.SchDoc with CAPNPOL from MemLib.DbLib
Replace Part C10 CAPNPOL in C:\ProjectsOpenSource\USBHub3.2G1\Schematic.SchDoc with CAPNPOL from MemLib.DbLib
Replace Part C? CAPNPOL in C:\ProjectsOpenSource\USBHub3.2G1\Schematic.SchDoc with CAPNPOL from MemLib.DbLib
Replace Part C? CAPNPOL in C:\ProjectsOpenSource\USBHub3.2G1\Schematic.SchDoc with CAPNPOL from MemLib.DbLib
Replace Part C? CAPNPOL in C:\ProjectsOpenSource\USBHub3.2G1\Schematic.SchDoc with CAPNPOL from MemLib.DbLib
Replace Part C? CAPNPOL in C:\ProjectsOpenSource\USBHub3.2G1\Schematic.SchDoc with CAPNPOL from MemLib.DbLib
Replace Part C? CAPNPOL in C:\ProjectsOpenSource\USBHub3.2G1\Schematic.SchDoc with CAPNPOL from MemLib.DbLib
Replace Part C? CAPNPOL in C:\ProjectsOpenSource\USBHub3.2G1\Schematic.SchDoc with CAPNPOL from MemLib.DbLib
Replace Part C? CAPNPOL in C:\ProjectsOpenSource\USBHub3.2G1\Schematic.SchDoc with CAPNPOL from MemLib.DbLib
Replace Part C? CAPNPOL in C:\ProjectsOpenSource\USBHub3.2G1\Schematic.SchDoc with CAPNPOL from MemLib.DbLib
Replace Part C? CAPNPOL in C:\ProjectsOpenSource\USBHub3.2G1\Schematic.SchDoc with CAPNPOL from MemLib.DbLib
Replace Part C? CAPNPOL in C:\ProjectsOpenSource\USBHub3.2G1\Schematic.SchDoc with CAPNPOL from MemLib.DbLib
Replace Part C? CAPNPOL in C:\ProjectsOpenSource\USBHub3.2G1\Schematic.SchDoc with CAPNPOL from MemLib.DbLib
Replace Part D1 TPD2EUSB30DRTR in C:\ProjectsOpenSource\USBHub3.2G1\Schematic.SchDoc with TPD2EUSB30DRTR from MemLib.DbLib
Replace Part D2 ESD204DQAR in C:\ProjectsOpenSource\USBHub3.2G1\Schematic.SchDoc with ESD204DQAR from MemLib.DbLib
Replace Part D3 TPD2EUSB30DRTR in C:\ProjectsOpenSource\USBHub3.2G1\Schematic.SchDoc with TPD2EUSB30DRTR from MemLib.DbLib
Replace Part D4 ESD204DQAR in C:\ProjectsOpenSource\USBHub3.2G1\Schematic.SchDoc with ESD204DQAR from MemLib.DbLib
Replace Part D5 TPD2EUSB30DRTR in C:\ProjectsOpenSource\USBHub3.2G1\Schematic.SchDoc with TPD2EUSB30DRTR from MemLib.DbLib
Replace Part D6 ESD204DQAR in C:\ProjectsOpenSource\USBHub3.2G1\Schematic.SchDoc with ESD204DQAR from MemLib.DbLib
Replace Part D7 TPD2EUSB30DRTR in C:\ProjectsOpenSource\USBHub3.2G1\Schematic.SchDoc with TPD2EUSB30DRTR from MemLib.DbLib
Replace Part D8 TPD2EUSB30DRTR in C:\ProjectsOpenSource\USBHub3.2G1\Schematic.SchDoc with TPD2EUSB30DRTR from MemLib.DbLib
Replace Part D9 ESD204DQAR in C:\ProjectsOpenSource\USBHub3.2G1\Schematic.SchDoc with ESD204DQAR from MemLib.DbLib
Replace Part FB? FerriteBead in C:\ProjectsOpenSource\USBHub3.2G1\Schematic.SchDoc with FerriteBead from MemLib.DbLib
Replace Part FB? FerriteBead in C:\ProjectsOpenSource\USBHub3.2G1\Schematic.SchDoc with FerriteBead from MemLib.DbLib
Replace Part FB? FerriteBead in C:\ProjectsOpenSource\USBHub3.2G1\Schematic.SchDoc with FerriteBead from MemLib.DbLib
Replace Part FB? FerriteBead in C:\ProjectsOpenSource\USBHub3.2G1\Schematic.SchDoc with FerriteBead from MemLib.DbLib
Replace Part J1 USB1135-15-9-L-B in C:\ProjectsOpenSource\USBHub3.2G1\Schematic.SchDoc with USB1135-15-9-L-B from MemLib.DbLib
Replace Part J2 DC-005 in C:\ProjectsOpenSource\USBHub3.2G1\Schematic.SchDoc with DC-005 from MemLib.DbLib
Replace Part J3 2338792-1 in C:\ProjectsOpenSource\USBHub3.2G1\Schematic.SchDoc with 2338792-1 from MemLib.DbLib
Replace Part J4 USB1135-15-9-L-B in C:\ProjectsOpenSource\USBHub3.2G1\Schematic.SchDoc with USB1135-15-9-L-B from MemLib.DbLib
Replace Part J5 USB1135-15-9-L-B in C:\ProjectsOpenSource\USBHub3.2G1\Schematic.SchDoc with USB1135-15-9-L-B from MemLib.DbLib
Replace Part J6 USB1135-15-9-L-B in C:\ProjectsOpenSource\USBHub3.2G1\Schematic.SchDoc with USB1135-15-9-L-B from MemLib.DbLib
Replace Part R1 Resistor in C:\ProjectsOpenSource\USBHub3.2G1\Schematic.SchDoc with Resistor from MemLib.DbLib
Replace Part R? Resistor in C:\ProjectsOpenSource\USBHub3.2G1\Schematic.SchDoc with Resistor from MemLib.DbLib
Replace Part R? Resistor in C:\ProjectsOpenSource\USBHub3.2G1\Schematic.SchDoc with Resistor from MemLib.DbLib
Replace Part R? Resistor in C:\ProjectsOpenSource\USBHub3.2G1\Schematic.SchDoc with Resistor from MemLib.DbLib
Replace Part U1 TUSB8042ARGCT in C:\ProjectsOpenSource\USBHub3.2G1\Schematic.SchDoc with TUSB8042ARGCT from MemLib.DbLib
Replace Part U2 AT24C04D-SSHM-B in C:\ProjectsOpenSource\USBHub3.2G1\Schematic.SchDoc with AT24C04D-SSHM-B from MemLib.DbLib
Replace Part U? TPS2001CDGN in C:\ProjectsOpenSource\USBHub3.2G1\Schematic.SchDoc with TPS2001CDGN from MemLib.DbLib
Replace Part U? TPS2001CDGN in C:\ProjectsOpenSource\USBHub3.2G1\Schematic.SchDoc with TPS2001CDGN from MemLib.DbLib
Replace Part U? TPS2001CDGN in C:\ProjectsOpenSource\USBHub3.2G1\Schematic.SchDoc with TPS2001CDGN from MemLib.DbLib
Replace Part U? TPS2001CDGN in C:\ProjectsOpenSource\USBHub3.2G1\Schematic.SchDoc with TPS2001CDGN from MemLib.DbLib
