Change Physical Footprint: Designator= Old Footprint=FURO_M2 New Footprint=FURO_M2
Change Physical Footprint: Designator= Old Footprint=FURO_M2 New Footprint=FURO_M2
Change Physical Footprint: Designator= Old Footprint=FURO_M2 New Footprint=FURO_M2
Change Physical Footprint: Designator= Old Footprint=FURO_M2 New Footprint=FURO_M2
Change Physical Footprint: Designator=C1 Old Footprint=0201 New Footprint=0201
Change Physical Footprint: Designator=C2 Old Footprint=0201 New Footprint=0201
Change Physical Footprint: Designator=C3 Old Footprint=0201 New Footprint=0201
Change Physical Footprint: Designator=C4 Old Footprint=0201 New Footprint=0201
Change Physical Footprint: Designator=C5 Old Footprint=0402 New Footprint=0402
Change Physical Footprint: Designator=C6 Old Footprint=0402 New Footprint=0402
Change Physical Footprint: Designator=C7 Old Footprint=0201 New Footprint=0201
Change Physical Footprint: Designator=C8 Old Footprint=0201 New Footprint=0201
Change Physical Footprint: Designator=C9 Old Footprint=0201 New Footprint=0201
Change Physical Footprint: Designator=C10 Old Footprint=0201 New Footprint=0201
Change Physical Footprint: Designator=C? Old Footprint=0402 New Footprint=0402
Change Physical Footprint: Designator=C? Old Footprint=0402 New Footprint=0402
Change Physical Footprint: Designator=C? Old Footprint=0402 New Footprint=0402
Change Physical Footprint: Designator=C? Old Footprint=0402 New Footprint=0402
Change Physical Footprint: Designator=C? Old Footprint=0402 New Footprint=0402
Change Physical Footprint: Designator=C? Old Footprint=0402 New Footprint=0402
Change Physical Footprint: Designator=C? Old Footprint=0402 New Footprint=0402
Change Physical Footprint: Designator=C? Old Footprint=0402 New Footprint=0402
Change Physical Footprint: Designator=C? Old Footprint=0402 New Footprint=0402
Change Physical Footprint: Designator=C? Old Footprint=0402 New Footprint=0402
Change Physical Footprint: Designator=D1 Old Footprint=DRT_(R-PDSO-N3) New Footprint=DRT_(R-PDSO-N3)
Change Physical Footprint: Designator=D2 Old Footprint=DQA0010A New Footprint=DQA0010A
Change Physical Footprint: Designator=D3 Old Footprint=DRT_(R-PDSO-N3) New Footprint=DRT_(R-PDSO-N3)
Change Physical Footprint: Designator=D4 Old Footprint=DQA0010A New Footprint=DQA0010A
Change Physical Footprint: Designator=D5 Old Footprint=DRT_(R-PDSO-N3) New Footprint=DRT_(R-PDSO-N3)
Change Physical Footprint: Designator=D6 Old Footprint=DQA0010A New Footprint=DQA0010A
Change Physical Footprint: Designator=D7 Old Footprint=DRT_(R-PDSO-N3) New Footprint=DRT_(R-PDSO-N3)
Change Physical Footprint: Designator=D8 Old Footprint=DRT_(R-PDSO-N3) New Footprint=DRT_(R-PDSO-N3)
Change Physical Footprint: Designator=D9 Old Footprint=DQA0010A New Footprint=DQA0010A
Change Physical Footprint: Designator=FB? Old Footprint=FB0603 New Footprint=FB0603
Change Physical Footprint: Designator=FB? Old Footprint=FB0603 New Footprint=FB0603
Change Physical Footprint: Designator=FB? Old Footprint=FB0603 New Footprint=FB0603
Change Physical Footprint: Designator=FB? Old Footprint=FB0603 New Footprint=FB0603
Change Physical Footprint: Designator=J1 Old Footprint=USB1135-15-9-L-B New Footprint=USB1135-15-9-L-B
Change Physical Footprint: Designator=J2 Old Footprint=DC-005 New Footprint=DC-005
Change Physical Footprint: Designator=J3 Old Footprint=2338792-1 New Footprint=2338792-1
Change Physical Footprint: Designator=J4 Old Footprint=USB1135-15-9-L-B New Footprint=USB1135-15-9-L-B
Change Physical Footprint: Designator=J5 Old Footprint=USB1135-15-9-L-B New Footprint=USB1135-15-9-L-B
Change Physical Footprint: Designator=J6 Old Footprint=USB1135-15-9-L-B New Footprint=USB1135-15-9-L-B
Change Physical Footprint: Designator=R1 Old Footprint=R0402 New Footprint=R0402
Change Physical Footprint: Designator=R? Old Footprint=R0402 New Footprint=R0402
Change Physical Footprint: Designator=R? Old Footprint=R0402 New Footprint=R0402
Change Physical Footprint: Designator=R? Old Footprint=R0402 New Footprint=R0402
Change Physical Footprint: Designator=U1 Old Footprint=RGC0064G New Footprint=RGC0064G
Change Physical Footprint: Designator=U2 Old Footprint=SOIC-8 New Footprint=SOIC-8
Change Physical Footprint: Designator=U3 Old Footprint=DBV0005A New Footprint=DBV0005A
