Removed Pin From Net: NetName=GND Pin=J2-2
Removed Pin From Net: NetName=GND Pin=J2-3
Removed Pin From Net: NetName=NetC?_1 Pin=J2-4
Added Component: Designator=U?(RUX0012A)
Add component (AddParameter): Name = "Manufacter"; Value = "Texas Instruments"; VariantName = "[No Variations]"
Add component (AddParameter): Name = "Montagem"; Value = "SMD"; VariantName = "[No Variations]"
Add component (AddParameter): Name = "Nome"; Value = "TPS2121RUXT"; VariantName = "[No Variations]"
Add component (AddParameter): Name = "Package"; Value = "RUX0012A"; VariantName = "[No Variations]"
Add component (AddParameter): Name = "Part Number"; Value = "TPS2121RUXT"; VariantName = "[No Variations]"
Add component (AddParameter): Name = "Sub-Tipo"; Value = "Power MUX"; VariantName = "[No Variations]"
Add component (AddParameter): Name = "Supplier 1"; Value = "Mouser"; VariantName = "[No Variations]"
Add component (AddParameter): Name = "Supplier 2"; Value = "Digikey"; VariantName = "[No Variations]"
Add component (AddParameter): Name = "Supplier 3"; Value = "LCSC"; VariantName = "[No Variations]"
Add component (AddParameter): Name = "Supplier Part Number 1"; Value = "595-TPS2121RUXT"; VariantName = "[No Variations]"
Add component (AddParameter): Name = "Supplier Part Number 2"; Value = "296-53412-1-ND"; VariantName = "[No Variations]"
Add component (AddParameter): Name = "Supplier Part Number 3"; Value = "C2156025"; VariantName = "[No Variations]"
Added Component: Designator=U?(DRV0006A)
Add component (AddParameter): Name = "Manufacter"; Value = "Texas Instruments"; VariantName = "[No Variations]"
Add component (AddParameter): Name = "Montagem"; Value = "SMD"; VariantName = "[No Variations]"
Add component (AddParameter): Name = "Nome"; Value = "TPS2553DRVR"; VariantName = "[No Variations]"
Add component (AddParameter): Name = "Package"; Value = "DRV0006A"; VariantName = "[No Variations]"
Add component (AddParameter): Name = "Part Number"; Value = "TPS2553DRVR"; VariantName = "[No Variations]"
Add component (AddParameter): Name = "Sub-Tipo"; Value = "Current Limiter"; VariantName = "[No Variations]"
Add component (AddParameter): Name = "Supplier 1"; Value = "Mouser"; VariantName = "[No Variations]"
Add component (AddParameter): Name = "Supplier 2"; Value = "Digikey"; VariantName = "[No Variations]"
Add component (AddParameter): Name = "Supplier 3"; Value = "LCSC"; VariantName = "[No Variations]"
Add component (AddParameter): Name = "Supplier Part Number 1"; Value = "595-TPS2553DRVR"; VariantName = "[No Variations]"
Add component (AddParameter): Name = "Supplier Part Number 2"; Value = "296-36006-1-ND"; VariantName = "[No Variations]"
Add component (AddParameter): Name = "Supplier Part Number 3"; Value = "C138719"; VariantName = "[No Variations]"
Added Member To Class: ClassName=Schematic Member=Component C? CAPNPOL
Added Member To Class: ClassName=Schematic Member=Component C? CAPNPOL
Added Member To Class: ClassName=Schematic Member=Component C? CAPNPOL
Added Member To Class: ClassName=Schematic Member=Component C? CAPNPOL
Added Member To Class: ClassName=Schematic Member=Component R? Resistor
Added Member To Class: ClassName=Schematic Member=Component  Furo
Added Member To Class: ClassName=Schematic Member=Component  Furo
Added Member To Class: ClassName=Schematic Member=Component  Furo
Added Member To Class: ClassName=Schematic Member=Component  Furo
Added Member To Class: ClassName=Schematic Member=Component U1 TUSB8042ARGCT
Added Member To Class: ClassName=Schematic Member=Component U2 AT24C04D-SSHM-B
Added Member To Class: ClassName=Schematic Member=Component U3 TPS2001CDGN
Added Member To Class: ClassName=Schematic Member=Component U4 TPS2001CDGN
Added Member To Class: ClassName=Schematic Member=Component U5 TPS2001CDGN
Added Member To Class: ClassName=Schematic Member=Component U6 TPS2001CDGN
Added Member To Class: ClassName=Schematic Member=Component U? TPS74801RGWRM3
Added Member To Class: ClassName=Schematic Member=Component U? TPS2121RUXT
Added Member To Class: ClassName=Schematic Member=Component U? TPS7A4533KTTR
Added Member To Class: ClassName=Schematic Member=Component U? TPS2553DRVR
