Removed Pin From Net: NetName=GND Pin=J5-2
Removed Pin From Net: NetName=GND Pin=J5-3
Removed Pin From Net: NetName=5V0_EXT Pin=J5-4
Change Component Footprint: Designator=J5 Old Footprint=DC-005 New Footprint=12402012E212A
Change Component Comment : Designator=J5 Old Comment=DC-005 New Comment=12402012E212A
Change Component Designator: OldDesignator=C2 NewDesignator=C3
Change Component Designator: OldDesignator=C3 NewDesignator=C2
Change component parameters: Designator = "J5" ("J5"); Footprint = "DC-005"; UniqueID = "\FRHFJKHW" ("\FRHFJKHW")
Change component parameters (AddParameter): Name = "Colunas"; Value = "1"; VariantName = "[No Variations]"
Change component parameters (AddParameter): Name = "Manufacter"; Value = "Amphenol Commercial Products"; VariantName = "[No Variations]"
Change component parameters (AddParameter): Name = "Montagem"; Value = "PTH"; VariantName = "[No Variations]"
Change component parameters (AddParameter): Name = "Nome"; Value = "12402012E212A"; VariantName = "[No Variations]"
Change component parameters (AddParameter): Name = "Part Number"; Value = "12402012E212A"; VariantName = "[No Variations]"
Change component parameters (AddParameter): Name = "Pinos por coluna"; Value = "24"; VariantName = "[No Variations]"
Change component parameters (AddParameter): Name = "Sub-Tipo"; Value = "USB"; VariantName = "[No Variations]"
Change component parameters (AddParameter): Name = "Supplier 1"; Value = "Mouser"; VariantName = "[No Variations]"
Change component parameters (AddParameter): Name = "Supplier 2"; Value = "Digikey"; VariantName = "[No Variations]"
Change component parameters (AddParameter): Name = "Supplier 3"; Value = "LCSC"; VariantName = "[No Variations]"
Change component parameters (AddParameter): Name = "Supplier Part Number 1"; Value = "523-12402012E212A"; VariantName = "[No Variations]"
Change component parameters (AddParameter): Name = "Supplier Part Number 2"; Value = "664-12402012E212ACT-ND"; VariantName = "[No Variations]"
Change component parameters (AddParameter): Name = "Supplier Part Number 3"; Value = "C5150972"; VariantName = "[No Variations]"
Change component parameters (AddParameter): Name = "Total de Pinos"; Value = "24"; VariantName = "[No Variations]"
Added Pin To Net: NetName=GND Pin=J5-A1_B12
Added Pin To Net: NetName=5V0_EXT Pin=J5-A4_B9
Added Pin To Net: NetName=GND Pin=J5-B1_A12
Added Pin To Net: NetName=5V0_EXT Pin=J5-B4_A9
Added Pin To Net: NetName=GND Pin=J5-SH
Added Pin To Net: NetName=GND Pin=J5-SH
Added Pin To Net: NetName=GND Pin=J5-SH
Added Pin To Net: NetName=GND Pin=J5-SH
Add Differential Pair: Number of nets in differential pair DN2_TXOUT is 1 instead of 2
Add Differential Pair: Number of nets in differential pair DN3_TXOUT is 1 instead of 2
Add Differential Pair: Number of nets in differential pair NetC73_2 is 1 instead of 2
