Change Physical Footprint: Designator=1 Old Footprint=FURO_M2_DIN7985 New Footprint=FURO_M2_DIN7985
Change Physical Footprint: Designator=2 Old Footprint=FURO_M2_DIN7985 New Footprint=FURO_M2_DIN7985
Change Physical Footprint: Designator=3 Old Footprint=FURO_M2_DIN7985 New Footprint=FURO_M2_DIN7985
Change Physical Footprint: Designator=4 Old Footprint=FURO_M2_DIN7985 New Footprint=FURO_M2_DIN7985
Change Physical Footprint: Designator=C1 Old Footprint=0402 New Footprint=0402
Change Physical Footprint: Designator=C2 Old Footprint=0402 New Footprint=0402
Change Physical Footprint: Designator=C3 Old Footprint=0402 New Footprint=0402
Change Physical Footprint: Designator=C4 Old Footprint=0402 New Footprint=0402
Change Physical Footprint: Designator=C5 Old Footprint=0402 New Footprint=0402
Change Physical Footprint: Designator=C6 Old Footprint=0402 New Footprint=0402
Change Physical Footprint: Designator=C7 Old Footprint=0402 New Footprint=0402
Change Physical Footprint: Designator=C8 Old Footprint=0402 New Footprint=0402
Change Physical Footprint: Designator=C9 Old Footprint=0402 New Footprint=0402
Change Physical Footprint: Designator=C10 Old Footprint=0402 New Footprint=0402
Change Physical Footprint: Designator=C11 Old Footprint=0402 New Footprint=0402
Change Physical Footprint: Designator=C12 Old Footprint=0402 New Footprint=0402
Change Physical Footprint: Designator=C13 Old Footprint=0402 New Footprint=0402
Change Physical Footprint: Designator=C14 Old Footprint=0402 New Footprint=0402
Change Physical Footprint: Designator=C15 Old Footprint=0402 New Footprint=0402
Change Physical Footprint: Designator=C16 Old Footprint=0402 New Footprint=0402
Change Physical Footprint: Designator=C17 Old Footprint=0402 New Footprint=0402
Change Physical Footprint: Designator=C18 Old Footprint=0402 New Footprint=0402
Change Physical Footprint: Designator=C19 Old Footprint=0402 New Footprint=0402
Change Physical Footprint: Designator=C20 Old Footprint=0402 New Footprint=0402
Change Physical Footprint: Designator=C21 Old Footprint=0402 New Footprint=0402
Change Physical Footprint: Designator=C22 Old Footprint=0402 New Footprint=0402
Change Physical Footprint: Designator=C23 Old Footprint=0402 New Footprint=0402
Change Physical Footprint: Designator=C24 Old Footprint=0402 New Footprint=0402
Change Physical Footprint: Designator=C25 Old Footprint=0402 New Footprint=0402
Change Physical Footprint: Designator=C26 Old Footprint=0201 New Footprint=0201
Change Physical Footprint: Designator=C27 Old Footprint=0402 New Footprint=0402
Change Physical Footprint: Designator=C28 Old Footprint=0402 New Footprint=0402
Change Physical Footprint: Designator=C29 Old Footprint=0402 New Footprint=0402
Change Physical Footprint: Designator=C30 Old Footprint=0402 New Footprint=0402
Change Physical Footprint: Designator=C31 Old Footprint=0402 New Footprint=0402
Change Physical Footprint: Designator=C32 Old Footprint=0402 New Footprint=0402
Change Physical Footprint: Designator=C33 Old Footprint=0402 New Footprint=0402
Change Physical Footprint: Designator=C34 Old Footprint=0402 New Footprint=0402
Change Physical Footprint: Designator=C35 Old Footprint=0402 New Footprint=0402
Change Physical Footprint: Designator=C36 Old Footprint=0402 New Footprint=0402
Change Physical Footprint: Designator=C37 Old Footprint=0402 New Footprint=0402
Change Physical Footprint: Designator=C38 Old Footprint=0201 New Footprint=0201
Change Physical Footprint: Designator=C39 Old Footprint=0402 New Footprint=0402
Change Physical Footprint: Designator=C40 Old Footprint=0402 New Footprint=0402
Change Physical Footprint: Designator=C41 Old Footprint=0402 New Footprint=0402
Change Physical Footprint: Designator=C42 Old Footprint=0402 New Footprint=0402
Change Physical Footprint: Designator=C43 Old Footprint=0402 New Footprint=0402
Change Physical Footprint: Designator=C44 Old Footprint=0402 New Footprint=0402
Change Physical Footprint: Designator=C45 Old Footprint=0402 New Footprint=0402
Change Physical Footprint: Designator=C46 Old Footprint=0402 New Footprint=0402
Change Physical Footprint: Designator=C47 Old Footprint=0402 New Footprint=0402
Change Physical Footprint: Designator=C48 Old Footprint=0402 New Footprint=0402
Change Physical Footprint: Designator=C49 Old Footprint=0402 New Footprint=0402
Change Physical Footprint: Designator=C50 Old Footprint=0402 New Footprint=0402
Change Physical Footprint: Designator=C51 Old Footprint=0402 New Footprint=0402
Change Physical Footprint: Designator=C52 Old Footprint=0402 New Footprint=0402
Change Physical Footprint: Designator=C53 Old Footprint=0402 New Footprint=0402
Change Physical Footprint: Designator=C54 Old Footprint=0201 New Footprint=0201
Change Physical Footprint: Designator=C55 Old Footprint=0201 New Footprint=0201
Change Physical Footprint: Designator=C56 Old Footprint=0402 New Footprint=0402
Change Physical Footprint: Designator=C57 Old Footprint=0402 New Footprint=0402
Change Physical Footprint: Designator=C58 Old Footprint=TCJB157M006R0070 New Footprint=TCJB157M006R0070
Change Physical Footprint: Designator=C59 Old Footprint=TCJB157M006R0070 New Footprint=TCJB157M006R0070
Change Physical Footprint: Designator=C60 Old Footprint=0402 New Footprint=0402
Change Physical Footprint: Designator=C61 Old Footprint=0402 New Footprint=0402
Change Physical Footprint: Designator=C62 Old Footprint=0402 New Footprint=0402
Change Physical Footprint: Designator=C63 Old Footprint=0402 New Footprint=0402
Change Physical Footprint: Designator=C64 Old Footprint=0402 New Footprint=0402
Change Physical Footprint: Designator=C65 Old Footprint=0402 New Footprint=0402
Change Physical Footprint: Designator=C66 Old Footprint=0402 New Footprint=0402
Change Physical Footprint: Designator=C67 Old Footprint=TCJB157M006R0070 New Footprint=TCJB157M006R0070
Change Physical Footprint: Designator=C68 Old Footprint=TCJB157M006R0070 New Footprint=TCJB157M006R0070
Change Physical Footprint: Designator=C69 Old Footprint=0402 New Footprint=0402
Change Physical Footprint: Designator=C70 Old Footprint=0402 New Footprint=0402
Change Physical Footprint: Designator=C71 Old Footprint=0402 New Footprint=0402
Change Physical Footprint: Designator=C72 Old Footprint=0402 New Footprint=0402
Change Physical Footprint: Designator=C73 Old Footprint=0201 New Footprint=0201
Change Physical Footprint: Designator=C74 Old Footprint=0201 New Footprint=0201
Change Physical Footprint: Designator=C75 Old Footprint=0402 New Footprint=0402
Change Physical Footprint: Designator=C76 Old Footprint=0402 New Footprint=0402
Change Physical Footprint: Designator=C77 Old Footprint=0402 New Footprint=0402
Change Physical Footprint: Designator=C78 Old Footprint=0402 New Footprint=0402
Change Physical Footprint: Designator=C79 Old Footprint=0402 New Footprint=0402
Change Physical Footprint: Designator=C80 Old Footprint=0402 New Footprint=0402
Change Physical Footprint: Designator=C81 Old Footprint=0402 New Footprint=0402
Change Physical Footprint: Designator=C82 Old Footprint=TCJB157M006R0070 New Footprint=TCJB157M006R0070
Change Physical Footprint: Designator=C83 Old Footprint=0402 New Footprint=0402
Change Physical Footprint: Designator=C84 Old Footprint=0402 New Footprint=0402
Change Physical Footprint: Designator=C85 Old Footprint=0402 New Footprint=0402
Change Physical Footprint: Designator=C86 Old Footprint=0402 New Footprint=0402
Change Physical Footprint: Designator=C87 Old Footprint=0402 New Footprint=0402
Change Physical Footprint: Designator=C88 Old Footprint=0201 New Footprint=0201
Change Physical Footprint: Designator=C89 Old Footprint=0201 New Footprint=0201
Change Physical Footprint: Designator=C90 Old Footprint=0402 New Footprint=0402
Change Physical Footprint: Designator=C91 Old Footprint=0402 New Footprint=0402
Change Physical Footprint: Designator=C92 Old Footprint=0402 New Footprint=0402
Change Physical Footprint: Designator=C93 Old Footprint=0402 New Footprint=0402
Change Physical Footprint: Designator=C94 Old Footprint=0402 New Footprint=0402
Change Physical Footprint: Designator=C95 Old Footprint=0402 New Footprint=0402
Change Physical Footprint: Designator=C96 Old Footprint=0201 New Footprint=0201
Change Physical Footprint: Designator=C97 Old Footprint=0201 New Footprint=0201
Change Physical Footprint: Designator=C98 Old Footprint=0201 New Footprint=0201
Change Physical Footprint: Designator=C99 Old Footprint=0201 New Footprint=0201
Change Physical Footprint: Designator=C100 Old Footprint=0201 New Footprint=0201
Change Physical Footprint: Designator=C101 Old Footprint=0201 New Footprint=0201
Change Physical Footprint: Designator=C102 Old Footprint=0402 New Footprint=0402
Change Physical Footprint: Designator=C103 Old Footprint=0402 New Footprint=0402
Change Physical Footprint: Designator=D1 Old Footprint=DRT_(R-PDSO-N3) New Footprint=DRT_(R-PDSO-N3)
Change Physical Footprint: Designator=D2 Old Footprint=DQA0010A New Footprint=DQA0010A
Change Physical Footprint: Designator=D3 Old Footprint=DRT_(R-PDSO-N3) New Footprint=DRT_(R-PDSO-N3)
Change Physical Footprint: Designator=D4 Old Footprint=DQA0010A New Footprint=DQA0010A
Change Physical Footprint: Designator=D5 Old Footprint=DRT_(R-PDSO-N3) New Footprint=DRT_(R-PDSO-N3)
Change Physical Footprint: Designator=D6 Old Footprint=DQA0010A New Footprint=DQA0010A
Change Physical Footprint: Designator=D7 Old Footprint=DRT_(R-PDSO-N3) New Footprint=DRT_(R-PDSO-N3)
Change Physical Footprint: Designator=D8 Old Footprint=DQA0010A New Footprint=DQA0010A
Change Physical Footprint: Designator=D9 Old Footprint=DRT_(R-PDSO-N3) New Footprint=DRT_(R-PDSO-N3)
Change Physical Footprint: Designator=D10 Old Footprint=DRT_(R-PDSO-N3) New Footprint=DRT_(R-PDSO-N3)
Change Physical Footprint: Designator=D11 Old Footprint=DQA0010A New Footprint=DQA0010A
Change Physical Footprint: Designator=D12 Old Footprint=DQA0010A New Footprint=DQA0010A
Change Physical Footprint: Designator=FB1 Old Footprint=FB0603 New Footprint=FB0603
Change Physical Footprint: Designator=FB2 Old Footprint=FB0603 New Footprint=FB0603
Change Physical Footprint: Designator=FB3 Old Footprint=FB0603 New Footprint=FB0603
Change Physical Footprint: Designator=FB4 Old Footprint=FB0603 New Footprint=FB0603
Change Physical Footprint: Designator=FB5 Old Footprint=FB0603 New Footprint=FB0603
Change Physical Footprint: Designator=FB6 Old Footprint=FB0603 New Footprint=FB0603
Change Physical Footprint: Designator=J1 Old Footprint=2338792-1 New Footprint=2338792-1
Change Physical Footprint: Designator=J2 Old Footprint=USB1135-15-9-L-B New Footprint=USB1135-15-9-L-B
Change Physical Footprint: Designator=J3 Old Footprint=USB1135-15-9-L-B New Footprint=USB1135-15-9-L-B
Change Physical Footprint: Designator=J4 Old Footprint=USB1135-15-9-L-B New Footprint=USB1135-15-9-L-B
Change Physical Footprint: Designator=J5 Old Footprint=12402012E212A New Footprint=12402012E212A
Change Physical Footprint: Designator=J6 Old Footprint=USB1135-15-9-L-B New Footprint=USB1135-15-9-L-B
Change Physical Footprint: Designator=Q1 Old Footprint=SOT-23 New Footprint=SOT-23
Change Physical Footprint: Designator=Q2 Old Footprint=SOT-23 New Footprint=SOT-23
Change Physical Footprint: Designator=Q3 Old Footprint=SOT-23 New Footprint=SOT-23
Change Physical Footprint: Designator=Q4 Old Footprint=SOT-23 New Footprint=SOT-23
Change Physical Footprint: Designator=R1 Old Footprint=R0402 New Footprint=R0402
Change Physical Footprint: Designator=R2 Old Footprint=R0402 New Footprint=R0402
Change Physical Footprint: Designator=R3 Old Footprint=R0402 New Footprint=R0402
Change Physical Footprint: Designator=R4 Old Footprint=R0402 New Footprint=R0402
Change Physical Footprint: Designator=R5 Old Footprint=R0402 New Footprint=R0402
Change Physical Footprint: Designator=R6 Old Footprint=R0402 New Footprint=R0402
Change Physical Footprint: Designator=R7 Old Footprint=R0402 New Footprint=R0402
Change Physical Footprint: Designator=R8 Old Footprint=R0402 New Footprint=R0402
Change Physical Footprint: Designator=R9 Old Footprint=R0402 New Footprint=R0402
Change Physical Footprint: Designator=R10 Old Footprint=R0402 New Footprint=R0402
Change Physical Footprint: Designator=R11 Old Footprint=R0402 New Footprint=R0402
Change Physical Footprint: Designator=R12 Old Footprint=R0402 New Footprint=R0402
Change Physical Footprint: Designator=R13 Old Footprint=R0402 New Footprint=R0402
Change Physical Footprint: Designator=R14 Old Footprint=R0402 New Footprint=R0402
Change Physical Footprint: Designator=R15 Old Footprint=R0402 New Footprint=R0402
Change Physical Footprint: Designator=R16 Old Footprint=R0402 New Footprint=R0402
Change Physical Footprint: Designator=R17 Old Footprint=R0402 New Footprint=R0402
Change Physical Footprint: Designator=R18 Old Footprint=R0402 New Footprint=R0402
Change Physical Footprint: Designator=R19 Old Footprint=R0402 New Footprint=R0402
Change Physical Footprint: Designator=R20 Old Footprint=R0402 New Footprint=R0402
Change Physical Footprint: Designator=R21 Old Footprint=R0402 New Footprint=R0402
Change Physical Footprint: Designator=R22 Old Footprint=R0402 New Footprint=R0402
Change Physical Footprint: Designator=R23 Old Footprint=R0402 New Footprint=R0402
Change Physical Footprint: Designator=R24 Old Footprint=R0402 New Footprint=R0402
Change Physical Footprint: Designator=R25 Old Footprint=R0402 New Footprint=R0402
Change Physical Footprint: Designator=R26 Old Footprint=R0402 New Footprint=R0402
Change Physical Footprint: Designator=R27 Old Footprint=R0402 New Footprint=R0402
Change Physical Footprint: Designator=R28 Old Footprint=R0402 New Footprint=R0402
Change Physical Footprint: Designator=R29 Old Footprint=R0402 New Footprint=R0402
Change Physical Footprint: Designator=R30 Old Footprint=R0402 New Footprint=R0402
Change Physical Footprint: Designator=R31 Old Footprint=R0402 New Footprint=R0402
Change Physical Footprint: Designator=R32 Old Footprint=R0402 New Footprint=R0402
Change Physical Footprint: Designator=R33 Old Footprint=R0402 New Footprint=R0402
Change Physical Footprint: Designator=R34 Old Footprint=R0402 New Footprint=R0402
Change Physical Footprint: Designator=R35 Old Footprint=R0402 New Footprint=R0402
Change Physical Footprint: Designator=R36 Old Footprint=R0402 New Footprint=R0402
Change Physical Footprint: Designator=R37 Old Footprint=R0402 New Footprint=R0402
Change Physical Footprint: Designator=R38 Old Footprint=R0402 New Footprint=R0402
Change Physical Footprint: Designator=R39 Old Footprint=R0402 New Footprint=R0402
Change Physical Footprint: Designator=R40 Old Footprint=R0402 New Footprint=R0402
Change Physical Footprint: Designator=R41 Old Footprint=R0402 New Footprint=R0402
Change Physical Footprint: Designator=R42 Old Footprint=R0402 New Footprint=R0402
Change Physical Footprint: Designator=R43 Old Footprint=R0402 New Footprint=R0402
Change Physical Footprint: Designator=R44 Old Footprint=R0402 New Footprint=R0402
Change Physical Footprint: Designator=U1 Old Footprint=RGC0064G New Footprint=RGC0064G
Change Physical Footprint: Designator=U2 Old Footprint=DRV0006A New Footprint=DRV0006A
Change Physical Footprint: Designator=U3 Old Footprint=DRV0006A New Footprint=DRV0006A
Change Physical Footprint: Designator=U4 Old Footprint=SOT-23-5 New Footprint=SOT-23-5
Change Physical Footprint: Designator=U5 Old Footprint=SOT-23-5 New Footprint=SOT-23-5
Change Physical Footprint: Designator=U6 Old Footprint=DRV0006A New Footprint=DRV0006A
Change Physical Footprint: Designator=U7 Old Footprint=DRV0006A New Footprint=DRV0006A
Change Physical Footprint: Designator=U8 Old Footprint=RGW0020A New Footprint=RGW0020A
Change Physical Footprint: Designator=U9 Old Footprint=RUX0012A New Footprint=RUX0012A
Change Physical Footprint: Designator=U10 Old Footprint=R-PSFM-G5 New Footprint=R-PSFM-G5
Change Physical Footprint: Designator=U11 Old Footprint=RNH0030A New Footprint=RNH0030A
Change Physical Footprint: Designator=Y1 Old Footprint=ECS-240-20-30B-TR New Footprint=ECS-240-20-30B-TR
