Added Component: Designator=C?(0201)
Add component (AddParameter): Name = "Manufacter"; Value = "Murata Electronics"; VariantName = "[No Variations]"
Add component (AddParameter): Name = "Montagem"; Value = "SMD"; VariantName = "[No Variations]"
Add component (AddParameter): Name = "Nome"; Value = "GRT033R61C104KE01D"; VariantName = "[No Variations]"
Add component (AddParameter): Name = "Package"; Value = "0201"; VariantName = "[No Variations]"
Add component (AddParameter): Name = "Part Number"; Value = "GRT033R61C104KE01D"; VariantName = "[No Variations]"
Add component (AddParameter): Name = "Polarizado/Não polarizado"; Value = "Não polarizado"; VariantName = "[No Variations]"
Add component (AddParameter): Name = "Sub-Tipo"; Value = "Ceramico"; VariantName = "[No Variations]"
Add component (AddParameter): Name = "Supplier 1"; Value = "Mouser"; VariantName = "[No Variations]"
Add component (AddParameter): Name = "Supplier 2"; Value = "Digikey"; VariantName = "[No Variations]"
Add component (AddParameter): Name = "Supplier 3"; Value = "LCSC"; VariantName = "[No Variations]"
Add component (AddParameter): Name = "Supplier Part Number 1"; Value = "81-GRT033R61C104KE1D"; VariantName = "[No Variations]"
Add component (AddParameter): Name = "Supplier Part Number 2"; Value = "490-GRT033R61C104KE01DCT-ND"; VariantName = "[No Variations]"
Add component (AddParameter): Name = "Supplier Part Number 3"; Value = "C6955435"; VariantName = "[No Variations]"
Add component (AddParameter): Name = "Value"; Value = "100 nF"; VariantName = "[No Variations]"
Added Component: Designator=C?(0201)
Add component (AddParameter): Name = "Manufacter"; Value = "Murata Electronics"; VariantName = "[No Variations]"
Add component (AddParameter): Name = "Montagem"; Value = "SMD"; VariantName = "[No Variations]"
Add component (AddParameter): Name = "Nome"; Value = "GRT033R61C104KE01D"; VariantName = "[No Variations]"
Add component (AddParameter): Name = "Package"; Value = "0201"; VariantName = "[No Variations]"
Add component (AddParameter): Name = "Part Number"; Value = "GRT033R61C104KE01D"; VariantName = "[No Variations]"
Add component (AddParameter): Name = "Polarizado/Não polarizado"; Value = "Não polarizado"; VariantName = "[No Variations]"
Add component (AddParameter): Name = "Sub-Tipo"; Value = "Ceramico"; VariantName = "[No Variations]"
Add component (AddParameter): Name = "Supplier 1"; Value = "Mouser"; VariantName = "[No Variations]"
Add component (AddParameter): Name = "Supplier 2"; Value = "Digikey"; VariantName = "[No Variations]"
Add component (AddParameter): Name = "Supplier 3"; Value = "LCSC"; VariantName = "[No Variations]"
Add component (AddParameter): Name = "Supplier Part Number 1"; Value = "81-GRT033R61C104KE1D"; VariantName = "[No Variations]"
Add component (AddParameter): Name = "Supplier Part Number 2"; Value = "490-GRT033R61C104KE01DCT-ND"; VariantName = "[No Variations]"
Add component (AddParameter): Name = "Supplier Part Number 3"; Value = "C6955435"; VariantName = "[No Variations]"
Add component (AddParameter): Name = "Value"; Value = "100 nF"; VariantName = "[No Variations]"
Added Pin To Net: NetName=NetC?_1 Pin=C?-1
Added Pin To Net: NetName=NetC?_1 Pin=D?-1
Added Pin To Net: NetName=NetC?_1 Pin=D?-10
Added Pin To Net: NetName=NetC?_1 Pin=U?-11
Added Net: Name=NetC?_1
Add Net: Net with name "NetC?_1" already exists
Added Pin To Net: NetName=NetC?_2 Pin=C?-2
Added Pin To Net: NetName=NetC?_2 Pin=J?-8
Added Net: Name=NetC?_2
Add Net: Net with name "NetC?_2" already exists
Add Net: Net with name "NetD?_1" already exists
Add Net: Net with name "NetD?_1" already exists
Add Net: Net with name "NetD?_1" already exists
Add Net: Net with name "NetD?_1" already exists
Add Net: Net with name "NetD?_1" already exists
Add Net: Net with name "NetD?_1" already exists
Add Net: Net with name "NetD?_2" already exists
Add Net: Net with name "NetD?_2" already exists
Add Net: Net with name "NetD?_2" already exists
Add Net: Net with name "NetD?_2" already exists
Add Net: Net with name "NetD?_2" already exists
Add Net: Net with name "NetD?_2" already exists
Add Net: Net with name "NetD?_4" already exists
Add Net: Net with name "NetD?_4" already exists
Add Net: Net with name "NetD?_4" already exists
Add Net: Net with name "NetD?_5" already exists
Add Net: Net with name "NetD?_5" already exists
Add Net: Net with name "NetD?_5" already exists
Added Member To Class: ClassName=Schematic Member=Component C? CAPNPOL
Added Member To Class: ClassName=Schematic Member=Component C? CAPNPOL
Added Member To Class: ClassName=Schematic Member=Component D? ESD204DQAR
Added Member To Class: ClassName=Schematic Member=Component D? ESD204DQAR
Added Member To Class: ClassName=Schematic Member=Component D? TPD2EUSB30DRTR
Added Member To Class: ClassName=Schematic Member=Component D? TPD2EUSB30DRTR
Added Member To Class: ClassName=Schematic Member=Component D? ESD204DQAR
Added Member To Class: ClassName=Schematic Member=Component D? TPD2EUSB30DRTR
Added Member To Class: ClassName=Schematic Member=Component D? TPD2EUSB30DRTR
Added Member To Class: ClassName=Schematic Member=Component D? ESD204DQAR
Added Member To Class: ClassName=Schematic Member=Component J? 2338792-1
Added Member To Class: ClassName=Schematic Member=Component J? USB1135-15-9-L-B
Added Member To Class: ClassName=Schematic Member=Component J? USB1135-15-9-L-B
Added Member To Class: ClassName=Schematic Member=Component J? USB1135-15-9-L-B
Added Member To Class: ClassName=Schematic Member=Component J? USB1135-15-9-L-B
Added Member To Class: ClassName=Schematic Member=Component  Furo
Added Member To Class: ClassName=Schematic Member=Component  Furo
Added Member To Class: ClassName=Schematic Member=Component  Furo
Added Member To Class: ClassName=Schematic Member=Component U? TUSB8042ARGCT
Added Member To Class: ClassName=Schematic Member=Component U? AT24C04D-SSHM-B
