Change Component Designator: OldDesignator=C1 NewDesignator=C4
Change Component Designator: OldDesignator=C2 NewDesignator=C7
Change Component Designator: OldDesignator=C3 NewDesignator=C8
Change Component Designator: OldDesignator=C4 NewDesignator=C9
Change Component Designator: OldDesignator=C5 NewDesignator=C10
Change Component Designator: OldDesignator=C6 NewDesignator=C11
Change Component Designator: OldDesignator=C7 NewDesignator=C12
Change Component Designator: OldDesignator=C8 NewDesignator=C13
Change Component Designator: OldDesignator=C9 NewDesignator=C14
Change Component Designator: OldDesignator=C10 NewDesignator=C15
Change Component Designator: OldDesignator=C11 NewDesignator=C16
Change Component Designator: OldDesignator=C12 NewDesignator=C17
Change Component Designator: OldDesignator=C13 NewDesignator=C18
Change Component Designator: OldDesignator=C14 NewDesignator=C19
Change Component Designator: OldDesignator=C15 NewDesignator=C20
Change Component Designator: OldDesignator=C16 NewDesignator=C21
Change Component Designator: OldDesignator=C17 NewDesignator=C22
Change Component Designator: OldDesignator=C18 NewDesignator=C23
Change Component Designator: OldDesignator=C19 NewDesignator=C24
Change Component Designator: OldDesignator=C20 NewDesignator=C25
Change Component Designator: OldDesignator=C21 NewDesignator=C26
Change Component Designator: OldDesignator=C22 NewDesignator=C27
Change Component Designator: OldDesignator=C23 NewDesignator=C28
Change Component Designator: OldDesignator=C24 NewDesignator=C29
Change Component Designator: OldDesignator=C25 NewDesignator=C30
Change Component Designator: OldDesignator=C26 NewDesignator=C31
Change Component Designator: OldDesignator=C27 NewDesignator=C32
Change Component Designator: OldDesignator=C28 NewDesignator=C33
Change Component Designator: OldDesignator=C29 NewDesignator=C34
Change Component Designator: OldDesignator=C30 NewDesignator=C35
Change Component Designator: OldDesignator=C31 NewDesignator=C36
Change Component Designator: OldDesignator=C32 NewDesignator=C37
Change Component Designator: OldDesignator=C33 NewDesignator=C38
Change Component Designator: OldDesignator=C34 NewDesignator=C39
Change Component Designator: OldDesignator=C35 NewDesignator=C40
Change Component Designator: OldDesignator=C36 NewDesignator=C41
Change Component Designator: OldDesignator=C37 NewDesignator=C42
Change Component Designator: OldDesignator=C38 NewDesignator=C43
Change Component Designator: OldDesignator=C39 NewDesignator=C44
Change Component Designator: OldDesignator=C40 NewDesignator=C45
Change Component Designator: OldDesignator=C41 NewDesignator=C46
Change Component Designator: OldDesignator=C42 NewDesignator=C47
Change Component Designator: OldDesignator=C43 NewDesignator=C49
Change Component Designator: OldDesignator=C44 NewDesignator=C50
Change Component Designator: OldDesignator=C45 NewDesignator=C52
Change Component Designator: OldDesignator=C46 NewDesignator=C53
Change Component Designator: OldDesignator=C47 NewDesignator=C54
Change Component Designator: OldDesignator=C48 NewDesignator=C55
Change Component Designator: OldDesignator=C49 NewDesignator=C56
Change Component Designator: OldDesignator=C50 NewDesignator=C57
Change Component Designator: OldDesignator=C51 NewDesignator=C58
Change Component Designator: OldDesignator=C52 NewDesignator=C59
Change Component Designator: OldDesignator=C53 NewDesignator=C60
Change Component Designator: OldDesignator=C54 NewDesignator=C61
Change Component Designator: OldDesignator=C55 NewDesignator=C62
Change Component Designator: OldDesignator=C56 NewDesignator=C63
Change Component Designator: OldDesignator=C57 NewDesignator=C66
Change Component Designator: OldDesignator=C58 NewDesignator=C67
Change Component Designator: OldDesignator=C59 NewDesignator=C68
Change Component Designator: OldDesignator=C60 NewDesignator=C69
Change Component Designator: OldDesignator=C61 NewDesignator=C70
Change Component Designator: OldDesignator=C62 NewDesignator=C71
Change Component Designator: OldDesignator=C63 NewDesignator=C72
Change Component Designator: OldDesignator=C64 NewDesignator=C73
Change Component Designator: OldDesignator=C65 NewDesignator=C74
Change Component Designator: OldDesignator=C66 NewDesignator=C75
Change Component Designator: OldDesignator=C67 NewDesignator=C76
Change Component Designator: OldDesignator=C68 NewDesignator=C77
Change Component Designator: OldDesignator=C69 NewDesignator=C78
Change Component Designator: OldDesignator=C70 NewDesignator=C79
Change Component Designator: OldDesignator=C71 NewDesignator=C80
Change Component Designator: OldDesignator=C72 NewDesignator=C81
Change Component Designator: OldDesignator=C73 NewDesignator=C82
Change Component Designator: OldDesignator=C74 NewDesignator=C83
Change Component Designator: OldDesignator=C75 NewDesignator=C84
Change Component Designator: OldDesignator=C76 NewDesignator=C85
Change Component Designator: OldDesignator=C77 NewDesignator=C86
Change Component Designator: OldDesignator=C78 NewDesignator=C87
Change Component Designator: OldDesignator=C79 NewDesignator=C88
Change Component Designator: OldDesignator=C80 NewDesignator=C89
Change Component Designator: OldDesignator=C81 NewDesignator=C90
Change Component Designator: OldDesignator=C82 NewDesignator=C91
Change Component Designator: OldDesignator=C83 NewDesignator=C92
Change Component Designator: OldDesignator=C84 NewDesignator=C93
Change Component Designator: OldDesignator=C85 NewDesignator=C94
Change Component Designator: OldDesignator=C86 NewDesignator=C95
Change Component Designator: OldDesignator=J1 NewDesignator=J2
Change Component Designator: OldDesignator=J2 NewDesignator=J3
Change Component Designator: OldDesignator=J3 NewDesignator=J4
Change Component Designator: OldDesignator=R1 NewDesignator=R4
Change Component Designator: OldDesignator=R2 NewDesignator=R6
Change Component Designator: OldDesignator=R3 NewDesignator=R7
Change Component Designator: OldDesignator=R4 NewDesignator=R8
Change Component Designator: OldDesignator=R5 NewDesignator=R9
Change Component Designator: OldDesignator=R6 NewDesignator=R10
Change Component Designator: OldDesignator=R7 NewDesignator=R11
Change Component Designator: OldDesignator=R8 NewDesignator=R16
Change Component Designator: OldDesignator=R9 NewDesignator=R17
Change Component Designator: OldDesignator=R10 NewDesignator=R18
Change Component Designator: OldDesignator=R11 NewDesignator=R24
Change Component Designator: OldDesignator=R12 NewDesignator=R25
Change Component Designator: OldDesignator=R13 NewDesignator=R28
Change Component Designator: OldDesignator=R14 NewDesignator=R29
Change Component Designator: OldDesignator=R15 NewDesignator=R30
Change Component Designator: OldDesignator=R16 NewDesignator=R31
Change Component Designator: OldDesignator=R17 NewDesignator=R32
Change Component Designator: OldDesignator=R18 NewDesignator=R33
Change Component Designator: OldDesignator=R19 NewDesignator=R34
Change Component Designator: OldDesignator=R20 NewDesignator=R35
Change Component Designator: OldDesignator=R21 NewDesignator=R36
Change Component Designator: OldDesignator=R22 NewDesignator=R37
Change Component Designator: OldDesignator=R23 NewDesignator=R38
Change Component Designator: OldDesignator=R24 NewDesignator=R39
Change Component Designator: OldDesignator=R25 NewDesignator=R40
Change Component Designator: OldDesignator=U4 NewDesignator=U6
Change Component Designator: OldDesignator=U5 NewDesignator=U7
Change Component Designator: OldDesignator=U6 NewDesignator=U8
Change Component Designator: OldDesignator=U7 NewDesignator=U9
Change Component Designator: OldDesignator=U8 NewDesignator=U10
Added Component: Designator=C1(0201)
Add component (AddParameter): Name = "Manufacter"; Value = "Murata Electronics"; VariantName = "[No Variations]"
Add component (AddParameter): Name = "Montagem"; Value = "SMD"; VariantName = "[No Variations]"
Add component (AddParameter): Name = "Nome"; Value = "GRT033R61C104KE01D"; VariantName = "[No Variations]"
Add component (AddParameter): Name = "Package"; Value = "0201"; VariantName = "[No Variations]"
Add component (AddParameter): Name = "Part Number"; Value = "GRT033R61C104KE01D"; VariantName = "[No Variations]"
Add component (AddParameter): Name = "Polarizado/Não polarizado"; Value = "Não polarizado"; VariantName = "[No Variations]"
Add component (AddParameter): Name = "Sub-Tipo"; Value = "Ceramico"; VariantName = "[No Variations]"
Add component (AddParameter): Name = "Supplier 1"; Value = "Mouser"; VariantName = "[No Variations]"
Add component (AddParameter): Name = "Supplier 2"; Value = "Digikey"; VariantName = "[No Variations]"
Add component (AddParameter): Name = "Supplier 3"; Value = "LCSC"; VariantName = "[No Variations]"
Add component (AddParameter): Name = "Supplier Part Number 1"; Value = "81-GRT033R61C104KE1D"; VariantName = "[No Variations]"
Add component (AddParameter): Name = "Supplier Part Number 2"; Value = "490-GRT033R61C104KE01DCT-ND"; VariantName = "[No Variations]"
Add component (AddParameter): Name = "Supplier Part Number 3"; Value = "C6955435"; VariantName = "[No Variations]"
Add component (AddParameter): Name = "Value"; Value = "100 nF"; VariantName = "[No Variations]"
Added Component: Designator=C2(0201)
Add component (AddParameter): Name = "Manufacter"; Value = "Murata Electronics"; VariantName = "[No Variations]"
Add component (AddParameter): Name = "Montagem"; Value = "SMD"; VariantName = "[No Variations]"
Add component (AddParameter): Name = "Nome"; Value = "GRT033R61C104KE01D"; VariantName = "[No Variations]"
Add component (AddParameter): Name = "Package"; Value = "0201"; VariantName = "[No Variations]"
Add component (AddParameter): Name = "Part Number"; Value = "GRT033R61C104KE01D"; VariantName = "[No Variations]"
Add component (AddParameter): Name = "Polarizado/Não polarizado"; Value = "Não polarizado"; VariantName = "[No Variations]"
Add component (AddParameter): Name = "Sub-Tipo"; Value = "Ceramico"; VariantName = "[No Variations]"
Add component (AddParameter): Name = "Supplier 1"; Value = "Mouser"; VariantName = "[No Variations]"
Add component (AddParameter): Name = "Supplier 2"; Value = "Digikey"; VariantName = "[No Variations]"
Add component (AddParameter): Name = "Supplier 3"; Value = "LCSC"; VariantName = "[No Variations]"
Add component (AddParameter): Name = "Supplier Part Number 1"; Value = "81-GRT033R61C104KE1D"; VariantName = "[No Variations]"
Add component (AddParameter): Name = "Supplier Part Number 2"; Value = "490-GRT033R61C104KE01DCT-ND"; VariantName = "[No Variations]"
Add component (AddParameter): Name = "Supplier Part Number 3"; Value = "C6955435"; VariantName = "[No Variations]"
Add component (AddParameter): Name = "Value"; Value = "100 nF"; VariantName = "[No Variations]"
Added Component: Designator=C3(0402)
Add component (AddParameter): Name = "Manufacter"; Value = "Murata Electronics"; VariantName = "[No Variations]"
Add component (AddParameter): Name = "Montagem"; Value = "SMD"; VariantName = "[No Variations]"
Add component (AddParameter): Name = "Nome"; Value = "GRM155R61A106ME11D"; VariantName = "[No Variations]"
Add component (AddParameter): Name = "Package"; Value = "0402"; VariantName = "[No Variations]"
Add component (AddParameter): Name = "Part Number"; Value = "GRM155R61A106ME11D"; VariantName = "[No Variations]"
Add component (AddParameter): Name = "Polarizado/Não polarizado"; Value = "Não polarizado"; VariantName = "[No Variations]"
Add component (AddParameter): Name = "Sub-Tipo"; Value = "Ceramico"; VariantName = "[No Variations]"
Add component (AddParameter): Name = "Supplier 1"; Value = "Mouser"; VariantName = "[No Variations]"
Add component (AddParameter): Name = "Supplier 2"; Value = "Digikey"; VariantName = "[No Variations]"
Add component (AddParameter): Name = "Supplier 3"; Value = "LCSC"; VariantName = "[No Variations]"
Add component (AddParameter): Name = "Supplier Part Number 1"; Value = "81-GRM155R61A106ME1D"; VariantName = "[No Variations]"
Add component (AddParameter): Name = "Supplier Part Number 2"; Value = "490-GRM155R61A106ME11DCT-ND"; VariantName = "[No Variations]"
Add component (AddParameter): Name = "Supplier Part Number 3"; Value = "C408132"; VariantName = "[No Variations]"
Add component (AddParameter): Name = "Value"; Value = "10 uF"; VariantName = "[No Variations]"
Added Component: Designator=C5(0402)
Add component (AddParameter): Name = "Manufacter"; Value = "Murata Electronics"; VariantName = "[No Variations]"
Add component (AddParameter): Name = "Montagem"; Value = "SMD"; VariantName = "[No Variations]"
Add component (AddParameter): Name = "Nome"; Value = "GRT155R71C104KE01J"; VariantName = "[No Variations]"
Add component (AddParameter): Name = "Package"; Value = "0402"; VariantName = "[No Variations]"
Add component (AddParameter): Name = "Part Number"; Value = "GRT155R71C104KE01J"; VariantName = "[No Variations]"
Add component (AddParameter): Name = "Polarizado/Não polarizado"; Value = "Não polarizado"; VariantName = "[No Variations]"
Add component (AddParameter): Name = "Sub-Tipo"; Value = "Ceramico"; VariantName = "[No Variations]"
Add component (AddParameter): Name = "Supplier 1"; Value = "Mouser"; VariantName = "[No Variations]"
Add component (AddParameter): Name = "Supplier 2"; Value = "Digikey"; VariantName = "[No Variations]"
Add component (AddParameter): Name = "Supplier 3"; Value = "LCSC"; VariantName = "[No Variations]"
Add component (AddParameter): Name = "Supplier Part Number 1"; Value = "81-GRT155R71C104KE1J"; VariantName = "[No Variations]"
Add component (AddParameter): Name = "Supplier Part Number 2"; Value = "490-GRT155R71C104KE01JCT-ND"; VariantName = "[No Variations]"
Add component (AddParameter): Name = "Supplier Part Number 3"; Value = "C3841254"; VariantName = "[No Variations]"
Add component (AddParameter): Name = "Value"; Value = "100 nF"; VariantName = "[No Variations]"
Added Component: Designator=C6(0402)
Add component (AddParameter): Name = "Manufacter"; Value = "Murata Electronics"; VariantName = "[No Variations]"
Add component (AddParameter): Name = "Montagem"; Value = "SMD"; VariantName = "[No Variations]"
Add component (AddParameter): Name = "Nome"; Value = "GCM155R72A102KA37J"; VariantName = "[No Variations]"
Add component (AddParameter): Name = "Package"; Value = "0402"; VariantName = "[No Variations]"
Add component (AddParameter): Name = "Part Number"; Value = "GCM155R72A102KA37J"; VariantName = "[No Variations]"
Add component (AddParameter): Name = "Polarizado/Não polarizado"; Value = "Não polarizado"; VariantName = "[No Variations]"
Add component (AddParameter): Name = "Sub-Tipo"; Value = "Ceramico"; VariantName = "[No Variations]"
Add component (AddParameter): Name = "Supplier 1"; Value = "Mouser"; VariantName = "[No Variations]"
Add component (AddParameter): Name = "Supplier 2"; Value = "Digikey"; VariantName = "[No Variations]"
Add component (AddParameter): Name = "Supplier 3"; Value = "LCSC"; VariantName = "[No Variations]"
Add component (AddParameter): Name = "Supplier Part Number 1"; Value = "81-GCM155R72A102KA7J"; VariantName = "[No Variations]"
Add component (AddParameter): Name = "Supplier Part Number 2"; Value = "490-GRT155R71C104KE01JCT-ND"; VariantName = "[No Variations]"
Add component (AddParameter): Name = "Supplier Part Number 3"; Value = "C3841254"; VariantName = "[No Variations]"
Add component (AddParameter): Name = "Value"; Value = "1 nF"; VariantName = "[No Variations]"
Added Component: Designator=C48(0402)
Add component (AddParameter): Name = "Manufacter"; Value = "Murata Electronics"; VariantName = "[No Variations]"
Add component (AddParameter): Name = "Montagem"; Value = "SMD"; VariantName = "[No Variations]"
Add component (AddParameter): Name = "Nome"; Value = "GRM1555C1H180FA01D"; VariantName = "[No Variations]"
Add component (AddParameter): Name = "Package"; Value = "0402"; VariantName = "[No Variations]"
Add component (AddParameter): Name = "Part Number"; Value = "GRM1555C1H180FA01D"; VariantName = "[No Variations]"
Add component (AddParameter): Name = "Polarizado/Não polarizado"; Value = "Não polarizado"; VariantName = "[No Variations]"
Add component (AddParameter): Name = "Sub-Tipo"; Value = "Ceramico"; VariantName = "[No Variations]"
Add component (AddParameter): Name = "Supplier 1"; Value = "Mouser"; VariantName = "[No Variations]"
Add component (AddParameter): Name = "Supplier Part Number 1"; Value = "81-GRM1555C1H180FA1D"; VariantName = "[No Variations]"
Add component (AddParameter): Name = "Value"; Value = "18pF"; VariantName = "[No Variations]"
Added Component: Designator=C51(0402)
Add component (AddParameter): Name = "Manufacter"; Value = "Murata Electronics"; VariantName = "[No Variations]"
Add component (AddParameter): Name = "Montagem"; Value = "SMD"; VariantName = "[No Variations]"
Add component (AddParameter): Name = "Nome"; Value = "GRM1555C1H180FA01D"; VariantName = "[No Variations]"
Add component (AddParameter): Name = "Package"; Value = "0402"; VariantName = "[No Variations]"
Add component (AddParameter): Name = "Part Number"; Value = "GRM1555C1H180FA01D"; VariantName = "[No Variations]"
Add component (AddParameter): Name = "Polarizado/Não polarizado"; Value = "Não polarizado"; VariantName = "[No Variations]"
Add component (AddParameter): Name = "Sub-Tipo"; Value = "Ceramico"; VariantName = "[No Variations]"
Add component (AddParameter): Name = "Supplier 1"; Value = "Mouser"; VariantName = "[No Variations]"
Add component (AddParameter): Name = "Supplier Part Number 1"; Value = "81-GRM1555C1H180FA1D"; VariantName = "[No Variations]"
Add component (AddParameter): Name = "Value"; Value = "18pF"; VariantName = "[No Variations]"
Added Component: Designator=C64(0402)
Add component (AddParameter): Name = "Manufacter"; Value = "Murata Electronics"; VariantName = "[No Variations]"
Add component (AddParameter): Name = "Montagem"; Value = "SMD"; VariantName = "[No Variations]"
Add component (AddParameter): Name = "Nome"; Value = "GRT155R71C104KE01J"; VariantName = "[No Variations]"
Add component (AddParameter): Name = "Package"; Value = "0402"; VariantName = "[No Variations]"
Add component (AddParameter): Name = "Part Number"; Value = "GRT155R71C104KE01J"; VariantName = "[No Variations]"
Add component (AddParameter): Name = "Polarizado/Não polarizado"; Value = "Não polarizado"; VariantName = "[No Variations]"
Add component (AddParameter): Name = "Sub-Tipo"; Value = "Ceramico"; VariantName = "[No Variations]"
Add component (AddParameter): Name = "Supplier 1"; Value = "Mouser"; VariantName = "[No Variations]"
Add component (AddParameter): Name = "Supplier 2"; Value = "Digikey"; VariantName = "[No Variations]"
Add component (AddParameter): Name = "Supplier 3"; Value = "LCSC"; VariantName = "[No Variations]"
Add component (AddParameter): Name = "Supplier Part Number 1"; Value = "81-GRT155R71C104KE1J"; VariantName = "[No Variations]"
Add component (AddParameter): Name = "Supplier Part Number 2"; Value = "490-GRT155R71C104KE01JCT-ND"; VariantName = "[No Variations]"
Add component (AddParameter): Name = "Supplier Part Number 3"; Value = "C3841254"; VariantName = "[No Variations]"
Add component (AddParameter): Name = "Value"; Value = "100 nF"; VariantName = "[No Variations]"
Added Component: Designator=C65(0402)
Add component (AddParameter): Name = "Manufacter"; Value = "Murata Electronics"; VariantName = "[No Variations]"
Add component (AddParameter): Name = "Montagem"; Value = "SMD"; VariantName = "[No Variations]"
Add component (AddParameter): Name = "Nome"; Value = "GRT155R71C104KE01J"; VariantName = "[No Variations]"
Add component (AddParameter): Name = "Package"; Value = "0402"; VariantName = "[No Variations]"
Add component (AddParameter): Name = "Part Number"; Value = "GRT155R71C104KE01J"; VariantName = "[No Variations]"
Add component (AddParameter): Name = "Polarizado/Não polarizado"; Value = "Não polarizado"; VariantName = "[No Variations]"
Add component (AddParameter): Name = "Sub-Tipo"; Value = "Ceramico"; VariantName = "[No Variations]"
Add component (AddParameter): Name = "Supplier 1"; Value = "Mouser"; VariantName = "[No Variations]"
Add component (AddParameter): Name = "Supplier 2"; Value = "Digikey"; VariantName = "[No Variations]"
Add component (AddParameter): Name = "Supplier 3"; Value = "LCSC"; VariantName = "[No Variations]"
Add component (AddParameter): Name = "Supplier Part Number 1"; Value = "81-GRT155R71C104KE1J"; VariantName = "[No Variations]"
Add component (AddParameter): Name = "Supplier Part Number 2"; Value = "490-GRT155R71C104KE01JCT-ND"; VariantName = "[No Variations]"
Add component (AddParameter): Name = "Supplier Part Number 3"; Value = "C3841254"; VariantName = "[No Variations]"
Add component (AddParameter): Name = "Value"; Value = "100 nF"; VariantName = "[No Variations]"
Added Component: Designator=J1(USB3-B-S-F-TH)
Add component (AddParameter): Name = "Check_prices"; Value = "https://www.snapeda.com/parts/USB3-B-S-F-TH/Samtec/view-part/?ref=eda"; VariantName = "[No Variations]"
Add component (AddParameter): Name = "Colunas"; Value = "2"; VariantName = "[No Variations]"
Add component (AddParameter): Name = "Manufacter"; Value = "Samtec"; VariantName = "[No Variations]"
Add component (AddParameter): Name = "MF"; Value = "Samtec"; VariantName = "[No Variations]"
Add component (AddParameter): Name = "Montagem"; Value = "PTH"; VariantName = "[No Variations]"
Add component (AddParameter): Name = "MP"; Value = "USB3-B-S-F-TH"; VariantName = "[No Variations]"
Add component (AddParameter): Name = "Nome"; Value = "USB3-B-S-F-TH"; VariantName = "[No Variations]"
Add component (AddParameter): Name = "Package"; Value = "None"; VariantName = "[No Variations]"
Add component (AddParameter): Name = "Part Number"; Value = "USB3-B-S-F-TH"; VariantName = "[No Variations]"
Add component (AddParameter): Name = "Pinos por coluna"; Value = "9"; VariantName = "[No Variations]"
Add component (AddParameter): Name = "SnapEDA_Link"; Value = "https://www.snapeda.com/parts/USB3-B-S-F-TH/Samtec/view-part/?ref=snap"; VariantName = "[No Variations]"
Add component (AddParameter): Name = "Sub-Tipo"; Value = "Conector USB"; VariantName = "[No Variations]"
Add component (AddParameter): Name = "Supplier 1"; Value = "Mouser"; VariantName = "[No Variations]"
Add component (AddParameter): Name = "Supplier Part Number 1"; Value = "200-USB3-B-S-F-TH"; VariantName = "[No Variations]"
Add component (AddParameter): Name = "Total de Pinos"; Value = "4"; VariantName = "[No Variations]"
Add component (AddParameter): Name = "Value"; Value = ""; VariantName = "[No Variations]"
Added Component: Designator=R1(R0402)
Add component (AddParameter): Name = "Manufacter"; Value = "YAGEO"; VariantName = "[No Variations]"
Add component (AddParameter): Name = "Montagem"; Value = "SMD"; VariantName = "[No Variations]"
Add component (AddParameter): Name = "Nome"; Value = "AC0402FR-0790K9L"; VariantName = "[No Variations]"
Add component (AddParameter): Name = "Package"; Value = "0402"; VariantName = "[No Variations]"
Add component (AddParameter): Name = "Part Number"; Value = "AC0402FR-0790K9L"; VariantName = "[No Variations]"
Add component (AddParameter): Name = "Potencia"; Value = "62.5 mW"; VariantName = "[No Variations]"
Add component (AddParameter): Name = "Simbolo"; Value = "Resistor"; VariantName = "[No Variations]"
Add component (AddParameter): Name = "Supplier 1"; Value = "Mouser"; VariantName = "[No Variations]"
Add component (AddParameter): Name = "Supplier 2"; Value = "Digikey"; VariantName = "[No Variations]"
Add component (AddParameter): Name = "Supplier 3"; Value = "LCSC"; VariantName = "[No Variations]"
Add component (AddParameter): Name = "Supplier Part Number 1"; Value = "603-AC0402FR-0790K9L"; VariantName = "[No Variations]"
Add component (AddParameter): Name = "Supplier Part Number 2"; Value = "YAG5314CT-ND"; VariantName = "[No Variations]"
Add component (AddParameter): Name = "Supplier Part Number 3"; Value = "C227269"; VariantName = "[No Variations]"
Add component (AddParameter): Name = "Tolerancia"; Value = "1%"; VariantName = "[No Variations]"
Add component (AddParameter): Name = "Value"; Value = "90.9 kOhm"; VariantName = "[No Variations]"
Added Component: Designator=R2(R0402)
Add component (AddParameter): Name = "Manufacter"; Value = "YAGEO"; VariantName = "[No Variations]"
Add component (AddParameter): Name = "Montagem"; Value = "SMD"; VariantName = "[No Variations]"
Add component (AddParameter): Name = "Nome"; Value = "RT0402FRE1310KL"; VariantName = "[No Variations]"
Add component (AddParameter): Name = "Package"; Value = "0402"; VariantName = "[No Variations]"
Add component (AddParameter): Name = "Part Number"; Value = "RT0402FRE1310KL"; VariantName = "[No Variations]"
Add component (AddParameter): Name = "Potencia"; Value = "62.5 mW"; VariantName = "[No Variations]"
Add component (AddParameter): Name = "Simbolo"; Value = "Resistor"; VariantName = "[No Variations]"
Add component (AddParameter): Name = "Supplier 1"; Value = "Mouser"; VariantName = "[No Variations]"
Add component (AddParameter): Name = "Supplier 2"; Value = "Digikey"; VariantName = "[No Variations]"
Add component (AddParameter): Name = "Supplier 3"; Value = "LCSC"; VariantName = "[No Variations]"
Add component (AddParameter): Name = "Supplier Part Number 1"; Value = "603-RT0402FRE1310KL"; VariantName = "[No Variations]"
Add component (AddParameter): Name = "Supplier Part Number 2"; Value = "13-RT0402FRE1310KLCT-ND"; VariantName = "[No Variations]"
Add component (AddParameter): Name = "Supplier Part Number 3"; Value = "C5455557"; VariantName = "[No Variations]"
Add component (AddParameter): Name = "Tolerancia"; Value = "1 %"; VariantName = "[No Variations]"
Add component (AddParameter): Name = "Value"; Value = "10 kOhms"; VariantName = "[No Variations]"
Added Component: Designator=R3(R0402)
Add component (AddParameter): Name = "Manufacter"; Value = "Vishay"; VariantName = "[No Variations]"
Add component (AddParameter): Name = "Montagem"; Value = "SMD"; VariantName = "[No Variations]"
Add component (AddParameter): Name = "Nome"; Value = "CRCW04021M00FKEE"; VariantName = "[No Variations]"
Add component (AddParameter): Name = "Package"; Value = "0402"; VariantName = "[No Variations]"
Add component (AddParameter): Name = "Part Number"; Value = "CRCW04021M00FKEE"; VariantName = "[No Variations]"
Add component (AddParameter): Name = "Potencia"; Value = "62.5 mW"; VariantName = "[No Variations]"
Add component (AddParameter): Name = "Simbolo"; Value = "Resistor"; VariantName = "[No Variations]"
Add component (AddParameter): Name = "Supplier 1"; Value = "Mouser"; VariantName = "[No Variations]"
Add component (AddParameter): Name = "Supplier 2"; Value = "Digikey"; VariantName = "[No Variations]"
Add component (AddParameter): Name = "Supplier 3"; Value = "LCSC"; VariantName = "[No Variations]"
Add component (AddParameter): Name = "Supplier Part Number 1"; Value = "71-CRCW04021M00FKEE"; VariantName = "[No Variations]"
Add component (AddParameter): Name = "Supplier Part Number 2"; Value = "541-CRCW04021M00FKEECT-ND"; VariantName = "[No Variations]"
Add component (AddParameter): Name = "Supplier Part Number 3"; Value = "C4207375"; VariantName = "[No Variations]"
Add component (AddParameter): Name = "Tolerancia"; Value = "1%"; VariantName = "[No Variations]"
Add component (AddParameter): Name = "Value"; Value = "1 MOhm"; VariantName = "[No Variations]"
Added Component: Designator=R5(R0402)
Add component (AddParameter): Name = "Manufacter"; Value = "YAGEO"; VariantName = "[No Variations]"
Add component (AddParameter): Name = "Montagem"; Value = "SMD"; VariantName = "[No Variations]"
Add component (AddParameter): Name = "Nome"; Value = "RC0402JR-071ML"; VariantName = "[No Variations]"
Add component (AddParameter): Name = "Package"; Value = "0402"; VariantName = "[No Variations]"
Add component (AddParameter): Name = "Part Number"; Value = "RC0402JR-071ML"; VariantName = "[No Variations]"
Add component (AddParameter): Name = "Potencia"; Value = "62.5mW"; VariantName = "[No Variations]"
Add component (AddParameter): Name = "Simbolo"; Value = "Resistor"; VariantName = "[No Variations]"
Add component (AddParameter): Name = "Supplier 1"; Value = "Mouser"; VariantName = "[No Variations]"
Add component (AddParameter): Name = "Supplier 2"; Value = "Digikey"; VariantName = "[No Variations]"
Add component (AddParameter): Name = "Supplier 3"; Value = "LCSC"; VariantName = "[No Variations]"
Add component (AddParameter): Name = "Supplier Part Number 1"; Value = "603-RC0402JR-071ML"; VariantName = "[No Variations]"
Add component (AddParameter): Name = "Supplier Part Number 2"; Value = "311-1.0MJRCT-ND"; VariantName = "[No Variations]"
Add component (AddParameter): Name = "Supplier Part Number 3"; Value = "C93949"; VariantName = "[No Variations]"
Add component (AddParameter): Name = "Tolerancia"; Value = "5%"; VariantName = "[No Variations]"
Add component (AddParameter): Name = "Value"; Value = "1 MOhm"; VariantName = "[No Variations]"
Added Component: Designator=R12(R0402)
Add component (AddParameter): Name = "Manufacter"; Value = "YAGEO"; VariantName = "[No Variations]"
Add component (AddParameter): Name = "Montagem"; Value = "SMD"; VariantName = "[No Variations]"
Add component (AddParameter): Name = "Nome"; Value = "RT0402FRE1310KL"; VariantName = "[No Variations]"
Add component (AddParameter): Name = "Package"; Value = "0402"; VariantName = "[No Variations]"
Add component (AddParameter): Name = "Part Number"; Value = "RT0402FRE1310KL"; VariantName = "[No Variations]"
Add component (AddParameter): Name = "Potencia"; Value = "62.5 mW"; VariantName = "[No Variations]"
Add component (AddParameter): Name = "Simbolo"; Value = "Resistor"; VariantName = "[No Variations]"
Add component (AddParameter): Name = "Supplier 1"; Value = "Mouser"; VariantName = "[No Variations]"
Add component (AddParameter): Name = "Supplier 2"; Value = "Digikey"; VariantName = "[No Variations]"
Add component (AddParameter): Name = "Supplier 3"; Value = "LCSC"; VariantName = "[No Variations]"
Add component (AddParameter): Name = "Supplier Part Number 1"; Value = "603-RT0402FRE1310KL"; VariantName = "[No Variations]"
Add component (AddParameter): Name = "Supplier Part Number 2"; Value = "13-RT0402FRE1310KLCT-ND"; VariantName = "[No Variations]"
Add component (AddParameter): Name = "Supplier Part Number 3"; Value = "C5455557"; VariantName = "[No Variations]"
Add component (AddParameter): Name = "Tolerancia"; Value = "1 %"; VariantName = "[No Variations]"
Add component (AddParameter): Name = "Value"; Value = "10 kOhms"; VariantName = "[No Variations]"
Added Component: Designator=R13(R0402)
Add component (AddParameter): Name = "Manufacter"; Value = "YAGEO"; VariantName = "[No Variations]"
Add component (AddParameter): Name = "Montagem"; Value = "SMD"; VariantName = "[No Variations]"
Add component (AddParameter): Name = "Nome"; Value = "RT0402FRE1310KL"; VariantName = "[No Variations]"
Add component (AddParameter): Name = "Package"; Value = "0402"; VariantName = "[No Variations]"
Add component (AddParameter): Name = "Part Number"; Value = "RT0402FRE1310KL"; VariantName = "[No Variations]"
Add component (AddParameter): Name = "Potencia"; Value = "62.5 mW"; VariantName = "[No Variations]"
Add component (AddParameter): Name = "Simbolo"; Value = "Resistor"; VariantName = "[No Variations]"
Add component (AddParameter): Name = "Supplier 1"; Value = "Mouser"; VariantName = "[No Variations]"
Add component (AddParameter): Name = "Supplier 2"; Value = "Digikey"; VariantName = "[No Variations]"
Add component (AddParameter): Name = "Supplier 3"; Value = "LCSC"; VariantName = "[No Variations]"
Add component (AddParameter): Name = "Supplier Part Number 1"; Value = "603-RT0402FRE1310KL"; VariantName = "[No Variations]"
Add component (AddParameter): Name = "Supplier Part Number 2"; Value = "13-RT0402FRE1310KLCT-ND"; VariantName = "[No Variations]"
Add component (AddParameter): Name = "Supplier Part Number 3"; Value = "C5455557"; VariantName = "[No Variations]"
Add component (AddParameter): Name = "Tolerancia"; Value = "1 %"; VariantName = "[No Variations]"
Add component (AddParameter): Name = "Value"; Value = "10 kOhms"; VariantName = "[No Variations]"
Added Component: Designator=R14(R0402)
Add component (AddParameter): Name = "Manufacter"; Value = "YAGEO"; VariantName = "[No Variations]"
Add component (AddParameter): Name = "Montagem"; Value = "SMD"; VariantName = "[No Variations]"
Add component (AddParameter): Name = "Nome"; Value = "RT0402FRE1310KL"; VariantName = "[No Variations]"
Add component (AddParameter): Name = "Package"; Value = "0402"; VariantName = "[No Variations]"
Add component (AddParameter): Name = "Part Number"; Value = "RT0402FRE1310KL"; VariantName = "[No Variations]"
Add component (AddParameter): Name = "Potencia"; Value = "62.5 mW"; VariantName = "[No Variations]"
Add component (AddParameter): Name = "Simbolo"; Value = "Resistor"; VariantName = "[No Variations]"
Add component (AddParameter): Name = "Supplier 1"; Value = "Mouser"; VariantName = "[No Variations]"
Add component (AddParameter): Name = "Supplier 2"; Value = "Digikey"; VariantName = "[No Variations]"
Add component (AddParameter): Name = "Supplier 3"; Value = "LCSC"; VariantName = "[No Variations]"
Add component (AddParameter): Name = "Supplier Part Number 1"; Value = "603-RT0402FRE1310KL"; VariantName = "[No Variations]"
Add component (AddParameter): Name = "Supplier Part Number 2"; Value = "13-RT0402FRE1310KLCT-ND"; VariantName = "[No Variations]"
Add component (AddParameter): Name = "Supplier Part Number 3"; Value = "C5455557"; VariantName = "[No Variations]"
Add component (AddParameter): Name = "Tolerancia"; Value = "1 %"; VariantName = "[No Variations]"
Add component (AddParameter): Name = "Value"; Value = "10 kOhms"; VariantName = "[No Variations]"
Added Component: Designator=R15(R0402)
Add component (AddParameter): Name = "Manufacter"; Value = "YAGEO"; VariantName = "[No Variations]"
Add component (AddParameter): Name = "Montagem"; Value = "SMD"; VariantName = "[No Variations]"
Add component (AddParameter): Name = "Nome"; Value = "RT0402FRE1310KL"; VariantName = "[No Variations]"
Add component (AddParameter): Name = "Package"; Value = "0402"; VariantName = "[No Variations]"
Add component (AddParameter): Name = "Part Number"; Value = "RT0402FRE1310KL"; VariantName = "[No Variations]"
Add component (AddParameter): Name = "Potencia"; Value = "62.5 mW"; VariantName = "[No Variations]"
Add component (AddParameter): Name = "Simbolo"; Value = "Resistor"; VariantName = "[No Variations]"
Add component (AddParameter): Name = "Supplier 1"; Value = "Mouser"; VariantName = "[No Variations]"
Add component (AddParameter): Name = "Supplier 2"; Value = "Digikey"; VariantName = "[No Variations]"
Add component (AddParameter): Name = "Supplier 3"; Value = "LCSC"; VariantName = "[No Variations]"
Add component (AddParameter): Name = "Supplier Part Number 1"; Value = "603-RT0402FRE1310KL"; VariantName = "[No Variations]"
Add component (AddParameter): Name = "Supplier Part Number 2"; Value = "13-RT0402FRE1310KLCT-ND"; VariantName = "[No Variations]"
Add component (AddParameter): Name = "Supplier Part Number 3"; Value = "C5455557"; VariantName = "[No Variations]"
Add component (AddParameter): Name = "Tolerancia"; Value = "1 %"; VariantName = "[No Variations]"
Add component (AddParameter): Name = "Value"; Value = "10 kOhms"; VariantName = "[No Variations]"
Added Component: Designator=R19(R0402)
Add component (AddParameter): Name = "Manufacter"; Value = "YAGEO"; VariantName = "[No Variations]"
Add component (AddParameter): Name = "Montagem"; Value = "SMD"; VariantName = "[No Variations]"
Add component (AddParameter): Name = "Nome"; Value = "AC0402JR-7W1KL"; VariantName = "[No Variations]"
Add component (AddParameter): Name = "Package"; Value = "0402"; VariantName = "[No Variations]"
Add component (AddParameter): Name = "Part Number"; Value = "AC0402JR-7W1KL"; VariantName = "[No Variations]"
Add component (AddParameter): Name = "Potencia"; Value = "125 mW"; VariantName = "[No Variations]"
Add component (AddParameter): Name = "Simbolo"; Value = "Resistor"; VariantName = "[No Variations]"
Add component (AddParameter): Name = "Supplier 1"; Value = "Mouser"; VariantName = "[No Variations]"
Add component (AddParameter): Name = "Supplier 2"; Value = "Digikey"; VariantName = "[No Variations]"
Add component (AddParameter): Name = "Supplier 3"; Value = "LCSC"; VariantName = "[No Variations]"
Add component (AddParameter): Name = "Supplier Part Number 1"; Value = "603-AC0402JR-7W1KL"; VariantName = "[No Variations]"
Add component (AddParameter): Name = "Supplier Part Number 2"; Value = "13-AC0402JR-7W1KLCT-ND"; VariantName = "[No Variations]"
Add component (AddParameter): Name = "Supplier Part Number 3"; Value = "C6491893"; VariantName = "[No Variations]"
Add component (AddParameter): Name = "Tolerancia"; Value = "1 %"; VariantName = "[No Variations]"
Add component (AddParameter): Name = "Value"; Value = "1 kOhms"; VariantName = "[No Variations]"
Added Component: Designator=R20(R0402)
Add component (AddParameter): Name = "Manufacter"; Value = "YAGEO"; VariantName = "[No Variations]"
Add component (AddParameter): Name = "Montagem"; Value = "SMD"; VariantName = "[No Variations]"
Add component (AddParameter): Name = "Nome"; Value = "AC0402JR-7W1KL"; VariantName = "[No Variations]"
Add component (AddParameter): Name = "Package"; Value = "0402"; VariantName = "[No Variations]"
Add component (AddParameter): Name = "Part Number"; Value = "AC0402JR-7W1KL"; VariantName = "[No Variations]"
Add component (AddParameter): Name = "Potencia"; Value = "125 mW"; VariantName = "[No Variations]"
Add component (AddParameter): Name = "Simbolo"; Value = "Resistor"; VariantName = "[No Variations]"
Add component (AddParameter): Name = "Supplier 1"; Value = "Mouser"; VariantName = "[No Variations]"
Add component (AddParameter): Name = "Supplier 2"; Value = "Digikey"; VariantName = "[No Variations]"
Add component (AddParameter): Name = "Supplier 3"; Value = "LCSC"; VariantName = "[No Variations]"
Add component (AddParameter): Name = "Supplier Part Number 1"; Value = "603-AC0402JR-7W1KL"; VariantName = "[No Variations]"
Add component (AddParameter): Name = "Supplier Part Number 2"; Value = "13-AC0402JR-7W1KLCT-ND"; VariantName = "[No Variations]"
Add component (AddParameter): Name = "Supplier Part Number 3"; Value = "C6491893"; VariantName = "[No Variations]"
Add component (AddParameter): Name = "Tolerancia"; Value = "1 %"; VariantName = "[No Variations]"
Add component (AddParameter): Name = "Value"; Value = "1 kOhms"; VariantName = "[No Variations]"
Added Component: Designator=R21(R0402)
Add component (AddParameter): Name = "Manufacter"; Value = "YAGEO"; VariantName = "[No Variations]"
Add component (AddParameter): Name = "Montagem"; Value = "SMD"; VariantName = "[No Variations]"
Add component (AddParameter): Name = "Nome"; Value = "RT0402FRE1310KL"; VariantName = "[No Variations]"
Add component (AddParameter): Name = "Package"; Value = "0402"; VariantName = "[No Variations]"
Add component (AddParameter): Name = "Part Number"; Value = "RT0402FRE1310KL"; VariantName = "[No Variations]"
Add component (AddParameter): Name = "Potencia"; Value = "62.5 mW"; VariantName = "[No Variations]"
Add component (AddParameter): Name = "Simbolo"; Value = "Resistor"; VariantName = "[No Variations]"
Add component (AddParameter): Name = "Supplier 1"; Value = "Mouser"; VariantName = "[No Variations]"
Add component (AddParameter): Name = "Supplier 2"; Value = "Digikey"; VariantName = "[No Variations]"
Add component (AddParameter): Name = "Supplier 3"; Value = "LCSC"; VariantName = "[No Variations]"
Add component (AddParameter): Name = "Supplier Part Number 1"; Value = "603-RT0402FRE1310KL"; VariantName = "[No Variations]"
Add component (AddParameter): Name = "Supplier Part Number 2"; Value = "13-RT0402FRE1310KLCT-ND"; VariantName = "[No Variations]"
Add component (AddParameter): Name = "Supplier Part Number 3"; Value = "C5455557"; VariantName = "[No Variations]"
Add component (AddParameter): Name = "Tolerancia"; Value = "1 %"; VariantName = "[No Variations]"
Add component (AddParameter): Name = "Value"; Value = "10 kOhms"; VariantName = "[No Variations]"
Added Component: Designator=R22(R0402)
Add component (AddParameter): Name = "Manufacter"; Value = "Vishay"; VariantName = "[No Variations]"
Add component (AddParameter): Name = "Montagem"; Value = "SMD"; VariantName = "[No Variations]"
Add component (AddParameter): Name = "Nome"; Value = "CRCW04021M00FKEE"; VariantName = "[No Variations]"
Add component (AddParameter): Name = "Package"; Value = "0402"; VariantName = "[No Variations]"
Add component (AddParameter): Name = "Part Number"; Value = "CRCW04021M00FKEE"; VariantName = "[No Variations]"
Add component (AddParameter): Name = "Potencia"; Value = "62.5 mW"; VariantName = "[No Variations]"
Add component (AddParameter): Name = "Simbolo"; Value = "Resistor"; VariantName = "[No Variations]"
Add component (AddParameter): Name = "Supplier 1"; Value = "Mouser"; VariantName = "[No Variations]"
Add component (AddParameter): Name = "Supplier 2"; Value = "Digikey"; VariantName = "[No Variations]"
Add component (AddParameter): Name = "Supplier 3"; Value = "LCSC"; VariantName = "[No Variations]"
Add component (AddParameter): Name = "Supplier Part Number 1"; Value = "71-CRCW04021M00FKEE"; VariantName = "[No Variations]"
Add component (AddParameter): Name = "Supplier Part Number 2"; Value = "541-CRCW04021M00FKEECT-ND"; VariantName = "[No Variations]"
Add component (AddParameter): Name = "Supplier Part Number 3"; Value = "C4207375"; VariantName = "[No Variations]"
Add component (AddParameter): Name = "Tolerancia"; Value = "1%"; VariantName = "[No Variations]"
Add component (AddParameter): Name = "Value"; Value = "1 MOhm"; VariantName = "[No Variations]"
Added Component: Designator=R23(R0402)
Add component (AddParameter): Name = "Manufacter"; Value = "YAGEO"; VariantName = "[No Variations]"
Add component (AddParameter): Name = "Montagem"; Value = "SMD"; VariantName = "[No Variations]"
Add component (AddParameter): Name = "Nome"; Value = "RT0402DRE0719K1L"; VariantName = "[No Variations]"
Add component (AddParameter): Name = "Package"; Value = "0402"; VariantName = "[No Variations]"
Add component (AddParameter): Name = "Part Number"; Value = "RT0402DRE0719K1L"; VariantName = "[No Variations]"
Add component (AddParameter): Name = "Potencia"; Value = "62.5 mW"; VariantName = "[No Variations]"
Add component (AddParameter): Name = "Simbolo"; Value = "Resistor"; VariantName = "[No Variations]"
Add component (AddParameter): Name = "Supplier 1"; Value = "Mouser"; VariantName = "[No Variations]"
Add component (AddParameter): Name = "Supplier 2"; Value = "Digikey"; VariantName = "[No Variations]"
Add component (AddParameter): Name = "Supplier 3"; Value = "LCSC"; VariantName = "[No Variations]"
Add component (AddParameter): Name = "Supplier Part Number 1"; Value = "603-RT0402DRE0719K1L"; VariantName = "[No Variations]"
Add component (AddParameter): Name = "Supplier Part Number 2"; Value = "311-2236-1-ND"; VariantName = "[No Variations]"
Add component (AddParameter): Name = "Supplier Part Number 3"; Value = "C853822"; VariantName = "[No Variations]"
Add component (AddParameter): Name = "Tolerancia"; Value = "0.5 %"; VariantName = "[No Variations]"
Add component (AddParameter): Name = "Value"; Value = "19.1 kOhms"; VariantName = "[No Variations]"
Added Component: Designator=R26(R0402)
Add component (AddParameter): Name = "Manufacter"; Value = "YAGEO"; VariantName = "[No Variations]"
Add component (AddParameter): Name = "Montagem"; Value = "SMD"; VariantName = "[No Variations]"
Add component (AddParameter): Name = "Nome"; Value = "AC0402JR-7W1KL"; VariantName = "[No Variations]"
Add component (AddParameter): Name = "Package"; Value = "0402"; VariantName = "[No Variations]"
Add component (AddParameter): Name = "Part Number"; Value = "AC0402JR-7W1KL"; VariantName = "[No Variations]"
Add component (AddParameter): Name = "Potencia"; Value = "125 mW"; VariantName = "[No Variations]"
Add component (AddParameter): Name = "Simbolo"; Value = "Resistor"; VariantName = "[No Variations]"
Add component (AddParameter): Name = "Supplier 1"; Value = "Mouser"; VariantName = "[No Variations]"
Add component (AddParameter): Name = "Supplier 2"; Value = "Digikey"; VariantName = "[No Variations]"
Add component (AddParameter): Name = "Supplier 3"; Value = "LCSC"; VariantName = "[No Variations]"
Add component (AddParameter): Name = "Supplier Part Number 1"; Value = "603-AC0402JR-7W1KL"; VariantName = "[No Variations]"
Add component (AddParameter): Name = "Supplier Part Number 2"; Value = "13-AC0402JR-7W1KLCT-ND"; VariantName = "[No Variations]"
Add component (AddParameter): Name = "Supplier Part Number 3"; Value = "C6491893"; VariantName = "[No Variations]"
Add component (AddParameter): Name = "Tolerancia"; Value = "1 %"; VariantName = "[No Variations]"
Add component (AddParameter): Name = "Value"; Value = "1 kOhms"; VariantName = "[No Variations]"
Added Component: Designator=R27(R0402)
Add component (AddParameter): Name = "Manufacter"; Value = "YAGEO"; VariantName = "[No Variations]"
Add component (AddParameter): Name = "Montagem"; Value = "SMD"; VariantName = "[No Variations]"
Add component (AddParameter): Name = "Nome"; Value = "AC0402JR-7W1KL"; VariantName = "[No Variations]"
Add component (AddParameter): Name = "Package"; Value = "0402"; VariantName = "[No Variations]"
Add component (AddParameter): Name = "Part Number"; Value = "AC0402JR-7W1KL"; VariantName = "[No Variations]"
Add component (AddParameter): Name = "Potencia"; Value = "125 mW"; VariantName = "[No Variations]"
Add component (AddParameter): Name = "Simbolo"; Value = "Resistor"; VariantName = "[No Variations]"
Add component (AddParameter): Name = "Supplier 1"; Value = "Mouser"; VariantName = "[No Variations]"
Add component (AddParameter): Name = "Supplier 2"; Value = "Digikey"; VariantName = "[No Variations]"
Add component (AddParameter): Name = "Supplier 3"; Value = "LCSC"; VariantName = "[No Variations]"
Add component (AddParameter): Name = "Supplier Part Number 1"; Value = "603-AC0402JR-7W1KL"; VariantName = "[No Variations]"
Add component (AddParameter): Name = "Supplier Part Number 2"; Value = "13-AC0402JR-7W1KLCT-ND"; VariantName = "[No Variations]"
Add component (AddParameter): Name = "Supplier Part Number 3"; Value = "C6491893"; VariantName = "[No Variations]"
Add component (AddParameter): Name = "Tolerancia"; Value = "1 %"; VariantName = "[No Variations]"
Add component (AddParameter): Name = "Value"; Value = "1 kOhms"; VariantName = "[No Variations]"
Added Component: Designator=U4(SOT-23-5)
Add component (AddParameter): Name = "Availability"; Value = "Unavailable"; VariantName = "[No Variations]"
Add component (AddParameter): Name = "Manufacter"; Value = "Texas Instruments"; VariantName = "[No Variations]"
Add component (AddParameter): Name = "MF"; Value = "{'manufacturer': u'Texas Instruments'}"; VariantName = "[No Variations]"
Add component (AddParameter): Name = "Montagem"; Value = "SMD"; VariantName = "[No Variations]"
Add component (AddParameter): Name = "MP"; Value = "SN74LVC1G14DBVRE4"; VariantName = "[No Variations]"
Add component (AddParameter): Name = "Nome"; Value = "SN74LVC1G14DBVR"; VariantName = "[No Variations]"
Add component (AddParameter): Name = "Package"; Value = "SOT-23-5"; VariantName = "[No Variations]"
Add component (AddParameter): Name = "Part Number"; Value = "SN74LVC1G14DBVR"; VariantName = "[No Variations]"
Add component (AddParameter): Name = "Price"; Value = "None"; VariantName = "[No Variations]"
Add component (AddParameter): Name = "Sub-Tipo"; Value = "Inverter"; VariantName = "[No Variations]"
Add component (AddParameter): Name = "Supplier 1"; Value = "Mouser"; VariantName = "[No Variations]"
Add component (AddParameter): Name = "Supplier 2"; Value = "Digikey"; VariantName = "[No Variations]"
Add component (AddParameter): Name = "Supplier 3"; Value = "LCSC"; VariantName = "[No Variations]"
Add component (AddParameter): Name = "Supplier Part Number 1"; Value = "595-SN74LVC1G14DBVR"; VariantName = "[No Variations]"
Add component (AddParameter): Name = "Supplier Part Number 2"; Value = "296-11607-1-ND"; VariantName = "[No Variations]"
Add component (AddParameter): Name = "Supplier Part Number 3"; Value = "C7835"; VariantName = "[No Variations]"
Add component (AddParameter): Name = "Value"; Value = ""; VariantName = "[No Variations]"
Added Component: Designator=U5(SOT-23-5)
Add component (AddParameter): Name = "Availability"; Value = "Unavailable"; VariantName = "[No Variations]"
Add component (AddParameter): Name = "Manufacter"; Value = "Texas Instruments"; VariantName = "[No Variations]"
Add component (AddParameter): Name = "MF"; Value = "{'manufacturer': u'Texas Instruments'}"; VariantName = "[No Variations]"
Add component (AddParameter): Name = "Montagem"; Value = "SMD"; VariantName = "[No Variations]"
Add component (AddParameter): Name = "MP"; Value = "SN74LVC1G14DBVRE4"; VariantName = "[No Variations]"
Add component (AddParameter): Name = "Nome"; Value = "SN74LVC1G14DBVR"; VariantName = "[No Variations]"
Add component (AddParameter): Name = "Package"; Value = "SOT-23-5"; VariantName = "[No Variations]"
Add component (AddParameter): Name = "Part Number"; Value = "SN74LVC1G14DBVR"; VariantName = "[No Variations]"
Add component (AddParameter): Name = "Price"; Value = "None"; VariantName = "[No Variations]"
Add component (AddParameter): Name = "Sub-Tipo"; Value = "Inverter"; VariantName = "[No Variations]"
Add component (AddParameter): Name = "Supplier 1"; Value = "Mouser"; VariantName = "[No Variations]"
Add component (AddParameter): Name = "Supplier 2"; Value = "Digikey"; VariantName = "[No Variations]"
Add component (AddParameter): Name = "Supplier 3"; Value = "LCSC"; VariantName = "[No Variations]"
Add component (AddParameter): Name = "Supplier Part Number 1"; Value = "595-SN74LVC1G14DBVR"; VariantName = "[No Variations]"
Add component (AddParameter): Name = "Supplier Part Number 2"; Value = "296-11607-1-ND"; VariantName = "[No Variations]"
Add component (AddParameter): Name = "Supplier Part Number 3"; Value = "C7835"; VariantName = "[No Variations]"
Add component (AddParameter): Name = "Value"; Value = ""; VariantName = "[No Variations]"
Added Component: Designator=Y1(ECS-240-20-30B-TR)
Add component (AddParameter): Name = "Cap de Carga"; Value = "20pF"; VariantName = "[No Variations]"
Add component (AddParameter): Name = "Check_prices"; Value = "https://www.snapeda.com/parts/ECS-240-20-30B-TR/ECS+Inc./view-part/?ref=eda"; VariantName = "[No Variations]"
Add component (AddParameter): Name = "Manufacter"; Value = "ECS"; VariantName = "[No Variations]"
Add component (AddParameter): Name = "MF"; Value = "ECS Inc."; VariantName = "[No Variations]"
Add component (AddParameter): Name = "Montagem"; Value = "SMD"; VariantName = "[No Variations]"
Add component (AddParameter): Name = "MP"; Value = "ECS-240-20-30B-TR"; VariantName = "[No Variations]"
Add component (AddParameter): Name = "Nome"; Value = "ECS-240-20-30B-TR"; VariantName = "[No Variations]"
Add component (AddParameter): Name = "Package"; Value = "SMD-4 ECS International"; VariantName = "[No Variations]"
Add component (AddParameter): Name = "Part Number"; Value = "ECS-240-20-30B-TR"; VariantName = "[No Variations]"
Add component (AddParameter): Name = "SnapEDA_Link"; Value = "https://www.snapeda.com/parts/ECS-240-20-30B-TR/ECS+Inc./view-part/?ref=snap"; VariantName = "[No Variations]"
Add component (AddParameter): Name = "Supplier 1"; Value = "Mouser"; VariantName = "[No Variations]"
Add component (AddParameter): Name = "Supplier 2"; Value = "Digikey"; VariantName = "[No Variations]"
Add component (AddParameter): Name = "Supplier 3"; Value = "LCSC"; VariantName = "[No Variations]"
Add component (AddParameter): Name = "Supplier Part Number 1"; Value = "520-ECS-240-20-30B"; VariantName = "[No Variations]"
Add component (AddParameter): Name = "Supplier Part Number 2"; Value = "XC1122CT-ND"; VariantName = "[No Variations]"
Add component (AddParameter): Name = "Supplier Part Number 3"; Value = "C2450113"; VariantName = "[No Variations]"
Add component (AddParameter): Name = "Value"; Value = "24MHz"; VariantName = "[No Variations]"
Added Pin To Net: NetName=UPS_VBUS Pin=C3-1
Added Pin To Net: NetName=GND Pin=C3-2
Added Pin To Net: NetName=SGND Pin=C5-1
Added Pin To Net: NetName=GND Pin=C5-2
Added Pin To Net: NetName=SGND Pin=C6-1
Added Pin To Net: NetName=GND Pin=C6-2
Added Pin To Net: NetName=GND Pin=C48-2
Added Pin To Net: NetName=GND Pin=C51-1
Added Pin To Net: NetName=5V0 Pin=C64-1
Added Pin To Net: NetName=GND Pin=C64-2
Added Pin To Net: NetName=3V3 Pin=C65-1
Added Pin To Net: NetName=GND Pin=C65-2
Added Pin To Net: NetName=NetC52_1 Pin=FB4-1
Added Pin To Net: NetName=NetC59_1 Pin=FB5-1
Added Pin To Net: NetName=NetC58_1 Pin=FB6-1
Added Pin To Net: NetName=UPS_VBUS Pin=J1-1
Added Pin To Net: NetName=GND Pin=J1-4
Added Pin To Net: NetName=GND Pin=J1-7
Added Pin To Net: NetName=SGND Pin=J1-SH1
Added Pin To Net: NetName=SGND Pin=J1-SH2
Added Pin To Net: NetName=UPS_VBUS Pin=R1-2
Added Pin To Net: NetName=GND Pin=R2-1
Added Pin To Net: NetName=GND Pin=R3-1
Added Pin To Net: NetName=SGND Pin=R3-2
Added Pin To Net: NetName=3V3 Pin=R12-2
Added Pin To Net: NetName=3V3 Pin=R13-2
Added Pin To Net: NetName=3V3 Pin=R14-2
Added Pin To Net: NetName=3V3 Pin=R15-2
Added Pin To Net: NetName=GND Pin=R22-1
Added Pin To Net: NetName=5V0_EXT Pin=R22-2
Added Pin To Net: NetName=GND Pin=R23-1
Added Pin To Net: NetName=5V0_EXT Pin=U4-2
Added Pin To Net: NetName=GND Pin=U4-3
Added Pin To Net: NetName=5V0 Pin=U4-5
Added Pin To Net: NetName=GND Pin=U5-3
Added Pin To Net: NetName=3V3 Pin=U5-5
Added Pin To Net: NetName=GND Pin=Y1-2
Added Pin To Net: NetName=GND Pin=Y1-4
Change Net Name : Old Net Name=NetC1_1 New Net Name=NetC4_1
Change Net Name : Old Net Name=NetC2_1 New Net Name=NetC7_1
Change Net Name : Old Net Name=NetC15_1 New Net Name=NetC20_1
Change Net Name : Old Net Name=NetC21_1 New Net Name=NetC26_1
Change Net Name : Old Net Name=NetC21_2 New Net Name=NetC26_2
Change Net Name : Old Net Name=NetC33_1 New Net Name=NetC38_1
Change Net Name : Old Net Name=NetC33_2 New Net Name=NetC38_2
Change Net Name : Old Net Name=NetC45_1 New Net Name=NetC52_1
Change Net Name : Old Net Name=NetC46_1 New Net Name=NetC53_1
Change Net Name : Old Net Name=NetC47_1 New Net Name=NetC54_1
Change Net Name : Old Net Name=NetC47_2 New Net Name=NetC54_2
Change Net Name : Old Net Name=NetC48_1 New Net Name=NetC55_1
Change Net Name : Old Net Name=NetC48_2 New Net Name=NetC55_2
Change Net Name : Old Net Name=NetC52_1 New Net Name=DN2_VBUS
Change Net Name : Old Net Name=NetC57_1 New Net Name=NetC66_1
Change Net Name : Old Net Name=NetC58_1 New Net Name=DN4_VBUS
Change Net Name : Old Net Name=NetC59_1 New Net Name=DN3_VBUS
Change Net Name : Old Net Name=NetC64_1 New Net Name=NetC73_1
Change Net Name : Old Net Name=NetC64_2 New Net Name=NetC73_2
Change Net Name : Old Net Name=NetC65_1 New Net Name=NetC74_1
Change Net Name : Old Net Name=NetC65_2 New Net Name=NetC74_2
Change Net Name : Old Net Name=NetC78_1 New Net Name=NetC87_1
Change Net Name : Old Net Name=NetC79_1 New Net Name=NetC88_1
Change Net Name : Old Net Name=NetC79_2 New Net Name=NetC88_2
Change Net Name : Old Net Name=NetC80_1 New Net Name=NetC89_1
Change Net Name : Old Net Name=NetC80_2 New Net Name=NetC89_2
Change Net Name : Old Net Name=NetR2_1 New Net Name=NetR6_1
Change Net Name : Old Net Name=NetR3_2 New Net Name=NetR7_2
Change Net Name : Old Net Name=NetR4_2 New Net Name=NetR8_2
Change Net Name : Old Net Name=NetR5_2 New Net Name=NetR9_2
Change Net Name : Old Net Name=NetR6_2 New Net Name=NetR10_2
Change Net Name : Old Net Name=NetR7_2 New Net Name=NetR11_2
Change Net Name : Old Net Name=NetR14_1 New Net Name=NetR29_1
Change Net Name : Old Net Name=NetR15_1 New Net Name=NetR30_1
Change Net Name : Old Net Name=NetR16_1 New Net Name=NetR31_1
Change Net Name : Old Net Name=NetR20_1 New Net Name=NetR35_1
Change Net Name : Old Net Name=NetR22_1 New Net Name=NetR37_1
Change Net Name : Old Net Name=NetR23_2 New Net Name=NetR38_2
Added Pin To Net: NetName=EnableCharging Pin=U1-32
Added Pin To Net: NetName=EnableCharging Pin=U1-33
Added Pin To Net: NetName=EnableCharging Pin=U1-35
Added Pin To Net: NetName=EnableCharging Pin=U1-36
Added Pin To Net: NetName=EnableCharging Pin=U5-4
Added Net: Name=EnableCharging
Added Pin To Net: NetName=LimitSignal Pin=R19-1
Added Pin To Net: NetName=LimitSignal Pin=R20-1
Added Pin To Net: NetName=LimitSignal Pin=R21-2
Added Pin To Net: NetName=LimitSignal Pin=R26-1
Added Pin To Net: NetName=LimitSignal Pin=R27-1
Added Pin To Net: NetName=LimitSignal Pin=U4-4
Added Net: Name=LimitSignal
Added Pin To Net: NetName=NetC1_1 Pin=C1-1
Added Pin To Net: NetName=NetC1_1 Pin=U1-56
Added Net: Name=NetC1_1
Added Pin To Net: NetName=NetC1_2 Pin=C1-2
Added Pin To Net: NetName=NetC1_2 Pin=J1-5
Added Net: Name=NetC1_2
Added Pin To Net: NetName=NetC2_1 Pin=C2-1
Added Pin To Net: NetName=NetC2_1 Pin=U1-55
Added Net: Name=NetC2_1
Added Pin To Net: NetName=NetC2_2 Pin=C2-2
Added Pin To Net: NetName=NetC2_2 Pin=J1-6
Added Net: Name=NetC2_2
Added Pin To Net: NetName=NetC48_1 Pin=C48-1
Added Pin To Net: NetName=NetC48_1 Pin=R5-2
Added Pin To Net: NetName=NetC48_1 Pin=U1-61
Added Pin To Net: NetName=NetC48_1 Pin=Y1-1
Added Net: Name=NetC48_1
Added Pin To Net: NetName=NetC51_2 Pin=C51-2
Added Pin To Net: NetName=NetC51_2 Pin=R5-1
Added Pin To Net: NetName=NetC51_2 Pin=U1-62
Added Pin To Net: NetName=NetC51_2 Pin=Y1-3
Added Net: Name=NetC51_2
Added Pin To Net: NetName=NetJ1_2 Pin=J1-2
Added Pin To Net: NetName=NetJ1_2 Pin=U1-54
Added Net: Name=NetJ1_2
Added Pin To Net: NetName=NetJ1_3 Pin=J1-3
Added Pin To Net: NetName=NetJ1_3 Pin=U1-53
Added Net: Name=NetJ1_3
Added Pin To Net: NetName=NetJ1_8 Pin=J1-8
Added Pin To Net: NetName=NetJ1_8 Pin=U1-59
Added Net: Name=NetJ1_8
Added Pin To Net: NetName=NetJ1_9 Pin=J1-9
Added Pin To Net: NetName=NetJ1_9 Pin=U1-58
Added Net: Name=NetJ1_9
Added Pin To Net: NetName=NetQ1_1 Pin=Q1-1
Added Pin To Net: NetName=NetQ1_1 Pin=R19-2
Added Net: Name=NetQ1_1
Added Pin To Net: NetName=NetQ2_1 Pin=Q2-1
Added Pin To Net: NetName=NetQ2_1 Pin=R20-2
Added Net: Name=NetQ2_1
Added Pin To Net: NetName=NetQ3_1 Pin=Q3-1
Added Pin To Net: NetName=NetQ3_1 Pin=R26-2
Added Net: Name=NetQ3_1
Added Pin To Net: NetName=NetQ4_1 Pin=Q4-1
Added Pin To Net: NetName=NetQ4_1 Pin=R27-2
Added Net: Name=NetQ4_1
Added Pin To Net: NetName=NetR1_1 Pin=R1-1
Added Pin To Net: NetName=NetR1_1 Pin=R2-2
Added Pin To Net: NetName=NetR1_1 Pin=U1-48
Added Net: Name=NetR1_1
Added Pin To Net: NetName=NetR12_1 Pin=R12-1
Added Pin To Net: NetName=NetR12_1 Pin=U1-46
Added Pin To Net: NetName=NetR12_1 Pin=U2-3
Added Net: Name=NetR12_1
Added Pin To Net: NetName=NetR13_1 Pin=R13-1
Added Pin To Net: NetName=NetR13_1 Pin=U1-47
Added Pin To Net: NetName=NetR13_1 Pin=U3-3
Added Net: Name=NetR13_1
Added Pin To Net: NetName=NetR14_1 Pin=R14-1
Added Pin To Net: NetName=NetR14_1 Pin=U1-44
Added Pin To Net: NetName=NetR14_1 Pin=U7-3
Added Net: Name=NetR14_1
Added Pin To Net: NetName=NetR15_1 Pin=R15-1
Added Pin To Net: NetName=NetR15_1 Pin=U1-43
Added Pin To Net: NetName=NetR15_1 Pin=U6-3
Added Net: Name=NetR15_1
Added Pin To Net: NetName=NetR21_1 Pin=R21-1
Added Pin To Net: NetName=NetR21_1 Pin=R23-2
Added Pin To Net: NetName=NetR21_1 Pin=U5-2
Added Net: Name=NetR21_1
Added Member To Class: ClassName=Schematic Member=Component 1 Furo
Added Member To Class: ClassName=Schematic Member=Component C2 CAPNPOL
Added Member To Class: ClassName=Schematic Member=Component C3 CAPNPOL
Added Member To Class: ClassName=Schematic Member=Component C4 CAPNPOL
Added Member To Class: ClassName=Schematic Member=Component C5 CAPNPOL
Added Member To Class: ClassName=Schematic Member=Component C6 CAPNPOL
Added Member To Class: ClassName=Schematic Member=Component C7 CAPNPOL
Added Member To Class: ClassName=Schematic Member=Component C8 CAPNPOL
Added Member To Class: ClassName=Schematic Member=Component C9 CAPNPOL
Added Member To Class: ClassName=Schematic Member=Component C10 CAPNPOL
Added Member To Class: ClassName=Schematic Member=Component C11 CAPNPOL
Added Member To Class: ClassName=Schematic Member=Component C12 CAPNPOL
Added Member To Class: ClassName=Schematic Member=Component C13 CAPNPOL
Added Member To Class: ClassName=Schematic Member=Component C14 CAPNPOL
Added Member To Class: ClassName=Schematic Member=Component C15 CAPNPOL
Added Member To Class: ClassName=Schematic Member=Component C16 CAPNPOL
Added Member To Class: ClassName=Schematic Member=Component C17 CAPNPOL
Added Member To Class: ClassName=Schematic Member=Component C18 CAPNPOL
Added Member To Class: ClassName=Schematic Member=Component C19 CAPNPOL
Added Member To Class: ClassName=Schematic Member=Component C20 CAPNPOL
Added Member To Class: ClassName=Schematic Member=Component C21 CAPNPOL
Added Member To Class: ClassName=Schematic Member=Component C22 CAPNPOL
Added Member To Class: ClassName=Schematic Member=Component C23 CAPNPOL
Added Member To Class: ClassName=Schematic Member=Component C24 CAPNPOL
Added Member To Class: ClassName=Schematic Member=Component C25 CAPNPOL
Added Member To Class: ClassName=Schematic Member=Component C26 CAPNPOL
Added Member To Class: ClassName=Schematic Member=Component C27 CAPNPOL
Added Member To Class: ClassName=Schematic Member=Component C28 CAPNPOL
Added Member To Class: ClassName=Schematic Member=Component C29 CAPNPOL
Added Member To Class: ClassName=Schematic Member=Component C30 CAPNPOL
Added Member To Class: ClassName=Schematic Member=Component C31 CAPNPOL
Added Member To Class: ClassName=Schematic Member=Component C32 CAPNPOL
Added Member To Class: ClassName=Schematic Member=Component C33 CAPNPOL
Added Member To Class: ClassName=Schematic Member=Component C34 CAPNPOL
Added Member To Class: ClassName=Schematic Member=Component C35 CAPNPOL
Added Member To Class: ClassName=Schematic Member=Component C36 CAPNPOL
Added Member To Class: ClassName=Schematic Member=Component C37 CAPNPOL
Added Member To Class: ClassName=Schematic Member=Component C38 CAPNPOL
Added Member To Class: ClassName=Schematic Member=Component C87 CAPNPOL
Added Member To Class: ClassName=Schematic Member=Component C88 CAPNPOL
Added Member To Class: ClassName=Schematic Member=Component C89 CAPNPOL
Added Member To Class: ClassName=Schematic Member=Component C90 CAPNPOL
Added Member To Class: ClassName=Schematic Member=Component C91 CAPNPOL
Added Member To Class: ClassName=Schematic Member=Component C92 CAPNPOL
Added Member To Class: ClassName=Schematic Member=Component C93 CAPNPOL
Added Member To Class: ClassName=Schematic Member=Component C94 CAPNPOL
Added Member To Class: ClassName=Schematic Member=Component C95 CAPNPOL
Added Member To Class: ClassName=Schematic Member=Component FB2 FerriteBead
Added Member To Class: ClassName=Schematic Member=Component FB3 FerriteBead
Added Member To Class: ClassName=Schematic Member=Component J4 USB1135-15-9-L-B
Added Member To Class: ClassName=Schematic Member=Component R2 Resistor
Added Member To Class: ClassName=Schematic Member=Component R3 Resistor
Added Member To Class: ClassName=Schematic Member=Component R4 Resistor
Added Member To Class: ClassName=Schematic Member=Component R5 Resistor
Added Member To Class: ClassName=Schematic Member=Component R7 Resistor
Added Member To Class: ClassName=Schematic Member=Component R8 Resistor
Added Member To Class: ClassName=Schematic Member=Component R10 Resistor
Added Member To Class: ClassName=Schematic Member=Component R11 Resistor
Added Member To Class: ClassName=Schematic Member=Component R12 Resistor
Added Member To Class: ClassName=Schematic Member=Component R17 Resistor
Added Member To Class: ClassName=Schematic Member=Component R18 Resistor
Added Member To Class: ClassName=Schematic Member=Component R20 Resistor
Added Member To Class: ClassName=Schematic Member=Component R26 Resistor
Added Member To Class: ClassName=Schematic Member=Component R27 Resistor
Added Member To Class: ClassName=Schematic Member=Component R28 Resistor
Added Member To Class: ClassName=Schematic Member=Component R29 Resistor
Added Member To Class: ClassName=Schematic Member=Component R30 Resistor
Added Member To Class: ClassName=Schematic Member=Component R31 Resistor
Added Member To Class: ClassName=Schematic Member=Component R32 Resistor
Added Member To Class: ClassName=Schematic Member=Component R33 Resistor
Added Member To Class: ClassName=Schematic Member=Component R34 Resistor
Added Member To Class: ClassName=Schematic Member=Component R35 Resistor
Added Member To Class: ClassName=Schematic Member=Component R36 Resistor
Added Member To Class: ClassName=Schematic Member=Component R37 Resistor
Added Member To Class: ClassName=Schematic Member=Component R38 Resistor
Added Member To Class: ClassName=Schematic Member=Component R39 Resistor
Added Member To Class: ClassName=Schematic Member=Component R40 Resistor
Added Member To Class: ClassName=Schematic Member=Component U3 TPS2553DRVR
Added Member To Class: ClassName=Schematic Member=Component U4 SN74LVC1G14DBVR
Added Member To Class: ClassName=Schematic Member=Component U5 SN74LVC1G14DBVR
Added Member To Class: ClassName=Schematic Member=Component U9 TPS2121RUXT
Added Member To Class: ClassName=Schematic Member=Component U10 TPS7A4533KTTR
Added Member To Class: ClassName=Schematic Member=Component Y1 ECS-240-20-30B-TR
