Added Component: Designator=D?(DRT_(R-PDSO-N3))
Add component (AddParameter): Name = "Bidirecional/Unidirecional"; Value = "TPD2EUSB30DRTR"; VariantName = "[No Variations]"
Add component (AddParameter): Name = "Breakdown Voltage"; Value = "7 V"; VariantName = "[No Variations]"
Add component (AddParameter): Name = "Manufacter"; Value = "Texas Instruments"; VariantName = "[No Variations]"
Add component (AddParameter): Name = "Montagem"; Value = "SMD"; VariantName = "[No Variations]"
Add component (AddParameter): Name = "Nome"; Value = "TPD2EUSB30DRTR"; VariantName = "[No Variations]"
Add component (AddParameter): Name = "Package"; Value = "DRT_(R-PDSO-N3)"; VariantName = "[No Variations]"
Add component (AddParameter): Name = "Part Number"; Value = "TPD2EUSB30DRTR"; VariantName = "[No Variations]"
Add component (AddParameter): Name = "Peak Pulse Current"; Value = "5 A"; VariantName = "[No Variations]"
Add component (AddParameter): Name = "Peak Pulse Power Dissipation"; Value = "45 W"; VariantName = "[No Variations]"
Add component (AddParameter): Name = "Supplier 1"; Value = "Mouser"; VariantName = "[No Variations]"
Add component (AddParameter): Name = "Supplier 2"; Value = "Digikey"; VariantName = "[No Variations]"
Add component (AddParameter): Name = "Supplier 3"; Value = "LCSC"; VariantName = "[No Variations]"
Add component (AddParameter): Name = "Supplier Part Number 1"; Value = "595-TPD2EUSB30DRTR"; VariantName = "[No Variations]"
Add component (AddParameter): Name = "Supplier Part Number 2"; Value = "296-25509-1-ND"; VariantName = "[No Variations]"
Add component (AddParameter): Name = "Supplier Part Number 3"; Value = "TPD2EUSB30DRTR"; VariantName = "[No Variations]"
Added Component: Designator=D?(DRT_(R-PDSO-N3))
Add component (AddParameter): Name = "Bidirecional/Unidirecional"; Value = "TPD2EUSB30DRTR"; VariantName = "[No Variations]"
Add component (AddParameter): Name = "Breakdown Voltage"; Value = "7 V"; VariantName = "[No Variations]"
Add component (AddParameter): Name = "Manufacter"; Value = "Texas Instruments"; VariantName = "[No Variations]"
Add component (AddParameter): Name = "Montagem"; Value = "SMD"; VariantName = "[No Variations]"
Add component (AddParameter): Name = "Nome"; Value = "TPD2EUSB30DRTR"; VariantName = "[No Variations]"
Add component (AddParameter): Name = "Package"; Value = "DRT_(R-PDSO-N3)"; VariantName = "[No Variations]"
Add component (AddParameter): Name = "Part Number"; Value = "TPD2EUSB30DRTR"; VariantName = "[No Variations]"
Add component (AddParameter): Name = "Peak Pulse Current"; Value = "5 A"; VariantName = "[No Variations]"
Add component (AddParameter): Name = "Peak Pulse Power Dissipation"; Value = "45 W"; VariantName = "[No Variations]"
Add component (AddParameter): Name = "Supplier 1"; Value = "Mouser"; VariantName = "[No Variations]"
Add component (AddParameter): Name = "Supplier 2"; Value = "Digikey"; VariantName = "[No Variations]"
Add component (AddParameter): Name = "Supplier 3"; Value = "LCSC"; VariantName = "[No Variations]"
Add component (AddParameter): Name = "Supplier Part Number 1"; Value = "595-TPD2EUSB30DRTR"; VariantName = "[No Variations]"
Add component (AddParameter): Name = "Supplier Part Number 2"; Value = "296-25509-1-ND"; VariantName = "[No Variations]"
Add component (AddParameter): Name = "Supplier Part Number 3"; Value = "TPD2EUSB30DRTR"; VariantName = "[No Variations]"
Added Component: Designator=D?(DRT_(R-PDSO-N3))
Add component (AddParameter): Name = "Bidirecional/Unidirecional"; Value = "TPD2EUSB30DRTR"; VariantName = "[No Variations]"
Add component (AddParameter): Name = "Breakdown Voltage"; Value = "7 V"; VariantName = "[No Variations]"
Add component (AddParameter): Name = "Manufacter"; Value = "Texas Instruments"; VariantName = "[No Variations]"
Add component (AddParameter): Name = "Montagem"; Value = "SMD"; VariantName = "[No Variations]"
Add component (AddParameter): Name = "Nome"; Value = "TPD2EUSB30DRTR"; VariantName = "[No Variations]"
Add component (AddParameter): Name = "Package"; Value = "DRT_(R-PDSO-N3)"; VariantName = "[No Variations]"
Add component (AddParameter): Name = "Part Number"; Value = "TPD2EUSB30DRTR"; VariantName = "[No Variations]"
Add component (AddParameter): Name = "Peak Pulse Current"; Value = "5 A"; VariantName = "[No Variations]"
Add component (AddParameter): Name = "Peak Pulse Power Dissipation"; Value = "45 W"; VariantName = "[No Variations]"
Add component (AddParameter): Name = "Supplier 1"; Value = "Mouser"; VariantName = "[No Variations]"
Add component (AddParameter): Name = "Supplier 2"; Value = "Digikey"; VariantName = "[No Variations]"
Add component (AddParameter): Name = "Supplier 3"; Value = "LCSC"; VariantName = "[No Variations]"
Add component (AddParameter): Name = "Supplier Part Number 1"; Value = "595-TPD2EUSB30DRTR"; VariantName = "[No Variations]"
Add component (AddParameter): Name = "Supplier Part Number 2"; Value = "296-25509-1-ND"; VariantName = "[No Variations]"
Add component (AddParameter): Name = "Supplier Part Number 3"; Value = "TPD2EUSB30DRTR"; VariantName = "[No Variations]"
Added Component: Designator=D?(DRT_(R-PDSO-N3))
Add component (AddParameter): Name = "Bidirecional/Unidirecional"; Value = "TPD2EUSB30DRTR"; VariantName = "[No Variations]"
Add component (AddParameter): Name = "Breakdown Voltage"; Value = "7 V"; VariantName = "[No Variations]"
Add component (AddParameter): Name = "Manufacter"; Value = "Texas Instruments"; VariantName = "[No Variations]"
Add component (AddParameter): Name = "Montagem"; Value = "SMD"; VariantName = "[No Variations]"
Add component (AddParameter): Name = "Nome"; Value = "TPD2EUSB30DRTR"; VariantName = "[No Variations]"
Add component (AddParameter): Name = "Package"; Value = "DRT_(R-PDSO-N3)"; VariantName = "[No Variations]"
Add component (AddParameter): Name = "Part Number"; Value = "TPD2EUSB30DRTR"; VariantName = "[No Variations]"
Add component (AddParameter): Name = "Peak Pulse Current"; Value = "5 A"; VariantName = "[No Variations]"
Add component (AddParameter): Name = "Peak Pulse Power Dissipation"; Value = "45 W"; VariantName = "[No Variations]"
Add component (AddParameter): Name = "Supplier 1"; Value = "Mouser"; VariantName = "[No Variations]"
Add component (AddParameter): Name = "Supplier 2"; Value = "Digikey"; VariantName = "[No Variations]"
Add component (AddParameter): Name = "Supplier 3"; Value = "LCSC"; VariantName = "[No Variations]"
Add component (AddParameter): Name = "Supplier Part Number 1"; Value = "595-TPD2EUSB30DRTR"; VariantName = "[No Variations]"
Add component (AddParameter): Name = "Supplier Part Number 2"; Value = "296-25509-1-ND"; VariantName = "[No Variations]"
Add component (AddParameter): Name = "Supplier Part Number 3"; Value = "TPD2EUSB30DRTR"; VariantName = "[No Variations]"
Added Component: Designator=D?(DRT_(R-PDSO-N3))
Add component (AddParameter): Name = "Bidirecional/Unidirecional"; Value = "TPD2EUSB30DRTR"; VariantName = "[No Variations]"
Add component (AddParameter): Name = "Breakdown Voltage"; Value = "7 V"; VariantName = "[No Variations]"
Add component (AddParameter): Name = "Manufacter"; Value = "Texas Instruments"; VariantName = "[No Variations]"
Add component (AddParameter): Name = "Montagem"; Value = "SMD"; VariantName = "[No Variations]"
Add component (AddParameter): Name = "Nome"; Value = "TPD2EUSB30DRTR"; VariantName = "[No Variations]"
Add component (AddParameter): Name = "Package"; Value = "DRT_(R-PDSO-N3)"; VariantName = "[No Variations]"
Add component (AddParameter): Name = "Part Number"; Value = "TPD2EUSB30DRTR"; VariantName = "[No Variations]"
Add component (AddParameter): Name = "Peak Pulse Current"; Value = "5 A"; VariantName = "[No Variations]"
Add component (AddParameter): Name = "Peak Pulse Power Dissipation"; Value = "45 W"; VariantName = "[No Variations]"
Add component (AddParameter): Name = "Supplier 1"; Value = "Mouser"; VariantName = "[No Variations]"
Add component (AddParameter): Name = "Supplier 2"; Value = "Digikey"; VariantName = "[No Variations]"
Add component (AddParameter): Name = "Supplier 3"; Value = "LCSC"; VariantName = "[No Variations]"
Add component (AddParameter): Name = "Supplier Part Number 1"; Value = "595-TPD2EUSB30DRTR"; VariantName = "[No Variations]"
Add component (AddParameter): Name = "Supplier Part Number 2"; Value = "296-25509-1-ND"; VariantName = "[No Variations]"
Add component (AddParameter): Name = "Supplier Part Number 3"; Value = "TPD2EUSB30DRTR"; VariantName = "[No Variations]"
Added Component: Designator=J?(2338792-1)
Add component (AddParameter): Name = "Colunas"; Value = "0"; VariantName = "[No Variations]"
Add component (AddParameter): Name = "Manufacter"; Value = "TE Connectivity"; VariantName = "[No Variations]"
Add component (AddParameter): Name = "Montagem"; Value = "PTH/SMD"; VariantName = "[No Variations]"
Add component (AddParameter): Name = "Nome"; Value = "2338792-1"; VariantName = "[No Variations]"
Add component (AddParameter): Name = "Part Number"; Value = "2338792-1"; VariantName = "[No Variations]"
Add component (AddParameter): Name = "Pinos por coluna"; Value = "0"; VariantName = "[No Variations]"
Add component (AddParameter): Name = "Sub-Tipo"; Value = "USB"; VariantName = "[No Variations]"
Add component (AddParameter): Name = "Supplier 1"; Value = "Mouser"; VariantName = "[No Variations]"
Add component (AddParameter): Name = "Supplier 2"; Value = "Digikey"; VariantName = "[No Variations]"
Add component (AddParameter): Name = "Supplier 3"; Value = "LCSC"; VariantName = "[No Variations]"
Add component (AddParameter): Name = "Supplier Part Number 1"; Value = "571-2338792-1"; VariantName = "[No Variations]"
Add component (AddParameter): Name = "Supplier Part Number 2"; Value = "17-2338792-1CT-ND"; VariantName = "[No Variations]"
Add component (AddParameter): Name = "Supplier Part Number 3"; Value = "C6077276"; VariantName = "[No Variations]"
Add component (AddParameter): Name = "Total de Pinos"; Value = "24"; VariantName = "[No Variations]"
Added Pin To Net: NetName=GND Pin=D?-3
Added Pin To Net: NetName=GND Pin=D?-3
Added Pin To Net: NetName=GND Pin=D?-3
Added Pin To Net: NetName=GND Pin=D?-3
Added Pin To Net: NetName=GND Pin=D?-3
Added Pin To Net: NetName=GND Pin=D?-3
Added Pin To Net: NetName=GND Pin=D?-3
Added Pin To Net: NetName=GND Pin=D?-3
Added Pin To Net: NetName=GND Pin=D?-8
Added Pin To Net: NetName=GND Pin=D?-8
Added Pin To Net: NetName=GND Pin=D?-8
Added Pin To Net: NetName=GND Pin=D?-8
Added Pin To Net: NetName=GND Pin=U?-65
Added Net: Name=GND
Added Pin To Net: NetName=NetD?_1 Pin=D?-1
Added Pin To Net: NetName=NetD?_1 Pin=J?-3
Added Pin To Net: NetName=NetD?_1 Pin=U?-17
Added Net: Name=NetD?_1
Add Net: Net with name "NetD?_1" already exists
Add Net: Net with name "NetD?_1" already exists
Add Net: Net with name "NetD?_1" already exists
Add Net: Net with name "NetD?_1" already exists
Add Net: Net with name "NetD?_1" already exists
Add Net: Net with name "NetD?_1" already exists
Add Net: Net with name "NetD?_1" already exists
Added Pin To Net: NetName=NetD?_2 Pin=D?-2
Added Pin To Net: NetName=NetD?_2 Pin=D?-9
Added Pin To Net: NetName=NetD?_2 Pin=J?-8
Added Pin To Net: NetName=NetD?_2 Pin=U?-27
Added Net: Name=NetD?_2
Add Net: Net with name "NetD?_2" already exists
Add Net: Net with name "NetD?_2" already exists
Add Net: Net with name "NetD?_2" already exists
Add Net: Net with name "NetD?_2" already exists
Add Net: Net with name "NetD?_2" already exists
Add Net: Net with name "NetD?_2" already exists
Add Net: Net with name "NetD?_2" already exists
Added Pin To Net: NetName=NetD?_4 Pin=D?-4
Added Pin To Net: NetName=NetD?_4 Pin=D?-7
Added Pin To Net: NetName=NetD?_4 Pin=J?-6
Added Pin To Net: NetName=NetD?_4 Pin=U?-29
Added Net: Name=NetD?_4
Add Net: Net with name "NetD?_4" already exists
Add Net: Net with name "NetD?_4" already exists
Add Net: Net with name "NetD?_4" already exists
Added Pin To Net: NetName=NetD?_5 Pin=D?-5
Added Pin To Net: NetName=NetD?_5 Pin=D?-6
Added Pin To Net: NetName=NetD?_5 Pin=J?-5
Added Pin To Net: NetName=NetD?_5 Pin=U?-15
Added Net: Name=NetD?_5
Add Net: Net with name "NetD?_5" already exists
Add Net: Net with name "NetD?_5" already exists
Add Net: Net with name "NetD?_5" already exists
Added Pin To Net: NetName=SGND Pin=J?-S1
Added Pin To Net: NetName=SGND Pin=J?-S1
Added Pin To Net: NetName=SGND Pin=J?-S1
Added Pin To Net: NetName=SGND Pin=J?-S1
Added Pin To Net: NetName=SGND Pin=J?-S2
Added Pin To Net: NetName=SGND Pin=J?-S2
Added Pin To Net: NetName=SGND Pin=J?-S2
Added Pin To Net: NetName=SGND Pin=J?-S2
Added Net: Name=SGND
Change Class Name : Old Net Name=Sheet1 New Net Name=Schematic
Added Member To Class: ClassName=Schematic Member=Component D? ESD204DQAR
Added Member To Class: ClassName=Schematic Member=Component D? TPD2EUSB30DRTR
Added Member To Class: ClassName=Schematic Member=Component D? TPD2EUSB30DRTR
Added Member To Class: ClassName=Schematic Member=Component D? ESD204DQAR
Added Member To Class: ClassName=Schematic Member=Component D? ESD204DQAR
Added Member To Class: ClassName=Schematic Member=Component D? TPD2EUSB30DRTR
Added Member To Class: ClassName=Schematic Member=Component D? ESD204DQAR
Added Member To Class: ClassName=Schematic Member=Component D? TPD2EUSB30DRTR
Added Member To Class: ClassName=Schematic Member=Component J? 2338792-1
Added Member To Class: ClassName=Schematic Member=Component J? USB1135-15-9-L-B
Added Member To Class: ClassName=Schematic Member=Component J? USB1135-15-9-L-B
Added Member To Class: ClassName=Schematic Member=Component J? USB1135-15-9-L-B
Added Member To Class: ClassName=Schematic Member=Component U? TUSB8042ARGCT
Added Member To Class: ClassName=Schematic Member=Component U? AT24C04D-SSHM-B
Added Rule: Name=Schematic Supply Nets
Added Rule: Name=Schematic Supply Nets_1
