Removed Pin From Net: NetName=NetD?_2 Pin=J?-8
Change Component Designator: OldDesignator=C? NewDesignator=C3
Change Component Designator: OldDesignator=C? NewDesignator=C4
Change Component Designator: OldDesignator=D? NewDesignator=D1
Change Component Designator: OldDesignator=D? NewDesignator=D2
Change Component Designator: OldDesignator=D? NewDesignator=D3
Change Component Designator: OldDesignator=D? NewDesignator=D4
Change Component Designator: OldDesignator=D? NewDesignator=D5
Change Component Designator: OldDesignator=D? NewDesignator=D6
Change Component Designator: OldDesignator=D? NewDesignator=D7
Change Component Designator: OldDesignator=D? NewDesignator=D8
Change Component Designator: OldDesignator=D? NewDesignator=D9
Change Component Designator: OldDesignator=J? NewDesignator=J1
Change Component Designator: OldDesignator=J? NewDesignator=J2
Change Component Designator: OldDesignator=J? NewDesignator=J3
Change Component Designator: OldDesignator=J? NewDesignator=J4
Change Component Designator: OldDesignator=J? NewDesignator=J5
Change Component Designator: OldDesignator=J? NewDesignator=J6
Change Component Designator: OldDesignator=U? NewDesignator=U1
Change Component Designator: OldDesignator=U? NewDesignator=U2
Change Component Designator: OldDesignator=U? NewDesignator=U3
Added Component: Designator=C1(0201)
Add component (AddParameter): Name = "Manufacter"; Value = "Murata Electronics"; VariantName = "[No Variations]"
Add component (AddParameter): Name = "Montagem"; Value = "SMD"; VariantName = "[No Variations]"
Add component (AddParameter): Name = "Nome"; Value = "GRT033R61C104KE01D"; VariantName = "[No Variations]"
Add component (AddParameter): Name = "Package"; Value = "0201"; VariantName = "[No Variations]"
Add component (AddParameter): Name = "Part Number"; Value = "GRT033R61C104KE01D"; VariantName = "[No Variations]"
Add component (AddParameter): Name = "Polarizado/Não polarizado"; Value = "Não polarizado"; VariantName = "[No Variations]"
Add component (AddParameter): Name = "Sub-Tipo"; Value = "Ceramico"; VariantName = "[No Variations]"
Add component (AddParameter): Name = "Supplier 1"; Value = "Mouser"; VariantName = "[No Variations]"
Add component (AddParameter): Name = "Supplier 2"; Value = "Digikey"; VariantName = "[No Variations]"
Add component (AddParameter): Name = "Supplier 3"; Value = "LCSC"; VariantName = "[No Variations]"
Add component (AddParameter): Name = "Supplier Part Number 1"; Value = "81-GRT033R61C104KE1D"; VariantName = "[No Variations]"
Add component (AddParameter): Name = "Supplier Part Number 2"; Value = "490-GRT033R61C104KE01DCT-ND"; VariantName = "[No Variations]"
Add component (AddParameter): Name = "Supplier Part Number 3"; Value = "C6955435"; VariantName = "[No Variations]"
Add component (AddParameter): Name = "Value"; Value = "100 nF"; VariantName = "[No Variations]"
Added Component: Designator=C2(0201)
Add component (AddParameter): Name = "Manufacter"; Value = "Murata Electronics"; VariantName = "[No Variations]"
Add component (AddParameter): Name = "Montagem"; Value = "SMD"; VariantName = "[No Variations]"
Add component (AddParameter): Name = "Nome"; Value = "GRT033R61C104KE01D"; VariantName = "[No Variations]"
Add component (AddParameter): Name = "Package"; Value = "0201"; VariantName = "[No Variations]"
Add component (AddParameter): Name = "Part Number"; Value = "GRT033R61C104KE01D"; VariantName = "[No Variations]"
Add component (AddParameter): Name = "Polarizado/Não polarizado"; Value = "Não polarizado"; VariantName = "[No Variations]"
Add component (AddParameter): Name = "Sub-Tipo"; Value = "Ceramico"; VariantName = "[No Variations]"
Add component (AddParameter): Name = "Supplier 1"; Value = "Mouser"; VariantName = "[No Variations]"
Add component (AddParameter): Name = "Supplier 2"; Value = "Digikey"; VariantName = "[No Variations]"
Add component (AddParameter): Name = "Supplier 3"; Value = "LCSC"; VariantName = "[No Variations]"
Add component (AddParameter): Name = "Supplier Part Number 1"; Value = "81-GRT033R61C104KE1D"; VariantName = "[No Variations]"
Add component (AddParameter): Name = "Supplier Part Number 2"; Value = "490-GRT033R61C104KE01DCT-ND"; VariantName = "[No Variations]"
Add component (AddParameter): Name = "Supplier Part Number 3"; Value = "C6955435"; VariantName = "[No Variations]"
Add component (AddParameter): Name = "Value"; Value = "100 nF"; VariantName = "[No Variations]"
Added Component: Designator=C5(0402)
Add component (AddParameter): Name = "Manufacter"; Value = "Murata Electronics"; VariantName = "[No Variations]"
Add component (AddParameter): Name = "Montagem"; Value = "SMD"; VariantName = "[No Variations]"
Add component (AddParameter): Name = "Nome"; Value = "GRT155R71C104KE01J"; VariantName = "[No Variations]"
Add component (AddParameter): Name = "Package"; Value = "0402"; VariantName = "[No Variations]"
Add component (AddParameter): Name = "Part Number"; Value = "GRT155R71C104KE01J"; VariantName = "[No Variations]"
Add component (AddParameter): Name = "Polarizado/Não polarizado"; Value = "Não polarizado"; VariantName = "[No Variations]"
Add component (AddParameter): Name = "Sub-Tipo"; Value = "Ceramico"; VariantName = "[No Variations]"
Add component (AddParameter): Name = "Supplier 1"; Value = "Mouser"; VariantName = "[No Variations]"
Add component (AddParameter): Name = "Supplier 2"; Value = "Digikey"; VariantName = "[No Variations]"
Add component (AddParameter): Name = "Supplier 3"; Value = "LCSC"; VariantName = "[No Variations]"
Add component (AddParameter): Name = "Supplier Part Number 1"; Value = "81-GRT155R71C104KE1J"; VariantName = "[No Variations]"
Add component (AddParameter): Name = "Supplier Part Number 2"; Value = "490-GRT155R71C104KE01JCT-ND"; VariantName = "[No Variations]"
Add component (AddParameter): Name = "Supplier Part Number 3"; Value = "C3841254"; VariantName = "[No Variations]"
Add component (AddParameter): Name = "Value"; Value = "100 nF"; VariantName = "[No Variations]"
Added Component: Designator=C6(0402)
Add component (AddParameter): Name = "Manufacter"; Value = "Murata Electronics"; VariantName = "[No Variations]"
Add component (AddParameter): Name = "Montagem"; Value = "SMD"; VariantName = "[No Variations]"
Add component (AddParameter): Name = "Nome"; Value = "GCM155R72A102KA37J"; VariantName = "[No Variations]"
Add component (AddParameter): Name = "Package"; Value = "0402"; VariantName = "[No Variations]"
Add component (AddParameter): Name = "Part Number"; Value = "GCM155R72A102KA37J"; VariantName = "[No Variations]"
Add component (AddParameter): Name = "Polarizado/Não polarizado"; Value = "Não polarizado"; VariantName = "[No Variations]"
Add component (AddParameter): Name = "Sub-Tipo"; Value = "Ceramico"; VariantName = "[No Variations]"
Add component (AddParameter): Name = "Supplier 1"; Value = "Mouser"; VariantName = "[No Variations]"
Add component (AddParameter): Name = "Supplier 2"; Value = "Digikey"; VariantName = "[No Variations]"
Add component (AddParameter): Name = "Supplier 3"; Value = "LCSC"; VariantName = "[No Variations]"
Add component (AddParameter): Name = "Supplier Part Number 1"; Value = "81-GCM155R72A102KA7J"; VariantName = "[No Variations]"
Add component (AddParameter): Name = "Supplier Part Number 2"; Value = "490-GRT155R71C104KE01JCT-ND"; VariantName = "[No Variations]"
Add component (AddParameter): Name = "Supplier Part Number 3"; Value = "C3841254"; VariantName = "[No Variations]"
Add component (AddParameter): Name = "Value"; Value = "1 nF"; VariantName = "[No Variations]"
Added Component: Designator=C7(0201)
Add component (AddParameter): Name = "Manufacter"; Value = "Murata Electronics"; VariantName = "[No Variations]"
Add component (AddParameter): Name = "Montagem"; Value = "SMD"; VariantName = "[No Variations]"
Add component (AddParameter): Name = "Nome"; Value = "GRT033R61C104KE01D"; VariantName = "[No Variations]"
Add component (AddParameter): Name = "Package"; Value = "0201"; VariantName = "[No Variations]"
Add component (AddParameter): Name = "Part Number"; Value = "GRT033R61C104KE01D"; VariantName = "[No Variations]"
Add component (AddParameter): Name = "Polarizado/Não polarizado"; Value = "Não polarizado"; VariantName = "[No Variations]"
Add component (AddParameter): Name = "Sub-Tipo"; Value = "Ceramico"; VariantName = "[No Variations]"
Add component (AddParameter): Name = "Supplier 1"; Value = "Mouser"; VariantName = "[No Variations]"
Add component (AddParameter): Name = "Supplier 2"; Value = "Digikey"; VariantName = "[No Variations]"
Add component (AddParameter): Name = "Supplier 3"; Value = "LCSC"; VariantName = "[No Variations]"
Add component (AddParameter): Name = "Supplier Part Number 1"; Value = "81-GRT033R61C104KE1D"; VariantName = "[No Variations]"
Add component (AddParameter): Name = "Supplier Part Number 2"; Value = "490-GRT033R61C104KE01DCT-ND"; VariantName = "[No Variations]"
Add component (AddParameter): Name = "Supplier Part Number 3"; Value = "C6955435"; VariantName = "[No Variations]"
Add component (AddParameter): Name = "Value"; Value = "100 nF"; VariantName = "[No Variations]"
Added Component: Designator=C8(0201)
Add component (AddParameter): Name = "Manufacter"; Value = "Murata Electronics"; VariantName = "[No Variations]"
Add component (AddParameter): Name = "Montagem"; Value = "SMD"; VariantName = "[No Variations]"
Add component (AddParameter): Name = "Nome"; Value = "GRT033R61C104KE01D"; VariantName = "[No Variations]"
Add component (AddParameter): Name = "Package"; Value = "0201"; VariantName = "[No Variations]"
Add component (AddParameter): Name = "Part Number"; Value = "GRT033R61C104KE01D"; VariantName = "[No Variations]"
Add component (AddParameter): Name = "Polarizado/Não polarizado"; Value = "Não polarizado"; VariantName = "[No Variations]"
Add component (AddParameter): Name = "Sub-Tipo"; Value = "Ceramico"; VariantName = "[No Variations]"
Add component (AddParameter): Name = "Supplier 1"; Value = "Mouser"; VariantName = "[No Variations]"
Add component (AddParameter): Name = "Supplier 2"; Value = "Digikey"; VariantName = "[No Variations]"
Add component (AddParameter): Name = "Supplier 3"; Value = "LCSC"; VariantName = "[No Variations]"
Add component (AddParameter): Name = "Supplier Part Number 1"; Value = "81-GRT033R61C104KE1D"; VariantName = "[No Variations]"
Add component (AddParameter): Name = "Supplier Part Number 2"; Value = "490-GRT033R61C104KE01DCT-ND"; VariantName = "[No Variations]"
Add component (AddParameter): Name = "Supplier Part Number 3"; Value = "C6955435"; VariantName = "[No Variations]"
Add component (AddParameter): Name = "Value"; Value = "100 nF"; VariantName = "[No Variations]"
Added Component: Designator=C9(0201)
Add component (AddParameter): Name = "Manufacter"; Value = "Murata Electronics"; VariantName = "[No Variations]"
Add component (AddParameter): Name = "Montagem"; Value = "SMD"; VariantName = "[No Variations]"
Add component (AddParameter): Name = "Nome"; Value = "GRT033R61C104KE01D"; VariantName = "[No Variations]"
Add component (AddParameter): Name = "Package"; Value = "0201"; VariantName = "[No Variations]"
Add component (AddParameter): Name = "Part Number"; Value = "GRT033R61C104KE01D"; VariantName = "[No Variations]"
Add component (AddParameter): Name = "Polarizado/Não polarizado"; Value = "Não polarizado"; VariantName = "[No Variations]"
Add component (AddParameter): Name = "Sub-Tipo"; Value = "Ceramico"; VariantName = "[No Variations]"
Add component (AddParameter): Name = "Supplier 1"; Value = "Mouser"; VariantName = "[No Variations]"
Add component (AddParameter): Name = "Supplier 2"; Value = "Digikey"; VariantName = "[No Variations]"
Add component (AddParameter): Name = "Supplier 3"; Value = "LCSC"; VariantName = "[No Variations]"
Add component (AddParameter): Name = "Supplier Part Number 1"; Value = "81-GRT033R61C104KE1D"; VariantName = "[No Variations]"
Add component (AddParameter): Name = "Supplier Part Number 2"; Value = "490-GRT033R61C104KE01DCT-ND"; VariantName = "[No Variations]"
Add component (AddParameter): Name = "Supplier Part Number 3"; Value = "C6955435"; VariantName = "[No Variations]"
Add component (AddParameter): Name = "Value"; Value = "100 nF"; VariantName = "[No Variations]"
Added Component: Designator=C10(0201)
Add component (AddParameter): Name = "Manufacter"; Value = "Murata Electronics"; VariantName = "[No Variations]"
Add component (AddParameter): Name = "Montagem"; Value = "SMD"; VariantName = "[No Variations]"
Add component (AddParameter): Name = "Nome"; Value = "GRT033R61C104KE01D"; VariantName = "[No Variations]"
Add component (AddParameter): Name = "Package"; Value = "0201"; VariantName = "[No Variations]"
Add component (AddParameter): Name = "Part Number"; Value = "GRT033R61C104KE01D"; VariantName = "[No Variations]"
Add component (AddParameter): Name = "Polarizado/Não polarizado"; Value = "Não polarizado"; VariantName = "[No Variations]"
Add component (AddParameter): Name = "Sub-Tipo"; Value = "Ceramico"; VariantName = "[No Variations]"
Add component (AddParameter): Name = "Supplier 1"; Value = "Mouser"; VariantName = "[No Variations]"
Add component (AddParameter): Name = "Supplier 2"; Value = "Digikey"; VariantName = "[No Variations]"
Add component (AddParameter): Name = "Supplier 3"; Value = "LCSC"; VariantName = "[No Variations]"
Add component (AddParameter): Name = "Supplier Part Number 1"; Value = "81-GRT033R61C104KE1D"; VariantName = "[No Variations]"
Add component (AddParameter): Name = "Supplier Part Number 2"; Value = "490-GRT033R61C104KE01DCT-ND"; VariantName = "[No Variations]"
Add component (AddParameter): Name = "Supplier Part Number 3"; Value = "C6955435"; VariantName = "[No Variations]"
Add component (AddParameter): Name = "Value"; Value = "100 nF"; VariantName = "[No Variations]"
Added Component: Designator=R1(R0402)
Add component (AddParameter): Name = "Manufacter"; Value = "Vishay"; VariantName = "[No Variations]"
Add component (AddParameter): Name = "Montagem"; Value = "SMD"; VariantName = "[No Variations]"
Add component (AddParameter): Name = "Nome"; Value = "CRCW04021M00FKEE"; VariantName = "[No Variations]"
Add component (AddParameter): Name = "Package"; Value = "0402"; VariantName = "[No Variations]"
Add component (AddParameter): Name = "Part Number"; Value = "CRCW04021M00FKEE"; VariantName = "[No Variations]"
Add component (AddParameter): Name = "Potencia"; Value = "62.5 mW"; VariantName = "[No Variations]"
Add component (AddParameter): Name = "Simbolo"; Value = "Resistor"; VariantName = "[No Variations]"
Add component (AddParameter): Name = "Supplier 1"; Value = "Mouser"; VariantName = "[No Variations]"
Add component (AddParameter): Name = "Supplier 2"; Value = "Digikey"; VariantName = "[No Variations]"
Add component (AddParameter): Name = "Supplier 3"; Value = "LCSC"; VariantName = "[No Variations]"
Add component (AddParameter): Name = "Supplier Part Number 1"; Value = "71-CRCW04021M00FKEE"; VariantName = "[No Variations]"
Add component (AddParameter): Name = "Supplier Part Number 2"; Value = "541-CRCW04021M00FKEECT-ND"; VariantName = "[No Variations]"
Add component (AddParameter): Name = "Supplier Part Number 3"; Value = "C4207375"; VariantName = "[No Variations]"
Add component (AddParameter): Name = "Tolerancia"; Value = "1%"; VariantName = "[No Variations]"
Add component (AddParameter): Name = "Value"; Value = "1 MOhm"; VariantName = "[No Variations]"
Added Pin To Net: NetName=SGND Pin=C5-1
Added Pin To Net: NetName=GND Pin=C5-2
Added Pin To Net: NetName=SGND Pin=C6-1
Added Pin To Net: NetName=GND Pin=C6-2
Added Pin To Net: NetName=NetD?_2 Pin=C9-1
Added Pin To Net: NetName=GND Pin=J4-4
Added Pin To Net: NetName=GND Pin=J4-7
Added Pin To Net: NetName=GND Pin=R1-1
Added Pin To Net: NetName=SGND Pin=R1-2
Change Net Name : Old Net Name=NetC?_1 New Net Name=NetC4_1
Change Net Name : Old Net Name=NetC?_2 New Net Name=NetC3_2
Change Net Name : Old Net Name=NetD?_1 New Net Name=NetD5_1
Change Net Name : Old Net Name=NetD?_2 New Net Name=NetC9_1
Change Net Name : Old Net Name=NetD?_4 New Net Name=NetD9_4
Change Net Name : Old Net Name=NetD?_5 New Net Name=NetD4_5
Added Pin To Net: NetName=NetC1_1 Pin=C1-1
Added Pin To Net: NetName=NetC1_1 Pin=D2-2
Added Pin To Net: NetName=NetC1_1 Pin=D2-9
Added Pin To Net: NetName=NetC1_1 Pin=U1-4
Added Net: Name=NetC1_1
Added Pin To Net: NetName=NetC1_2 Pin=C1-2
Added Pin To Net: NetName=NetC1_2 Pin=J1-8
Added Net: Name=NetC1_2
Added Pin To Net: NetName=NetC2_1 Pin=C2-1
Added Pin To Net: NetName=NetC2_1 Pin=D2-1
Added Pin To Net: NetName=NetC2_1 Pin=D2-10
Added Pin To Net: NetName=NetC2_1 Pin=U1-3
Added Net: Name=NetC2_1
Added Pin To Net: NetName=NetC2_2 Pin=C2-2
Added Pin To Net: NetName=NetC2_2 Pin=J1-9
Added Net: Name=NetC2_2
Added Pin To Net: NetName=NetC3_1 Pin=C3-1
Added Pin To Net: NetName=NetC3_1 Pin=D4-2
Added Pin To Net: NetName=NetC3_1 Pin=D4-9
Added Pin To Net: NetName=NetC3_1 Pin=U1-12
Added Net: Name=NetC3_1
Added Pin To Net: NetName=NetC4_2 Pin=C4-2
Added Pin To Net: NetName=NetC4_2 Pin=J4-9
Added Net: Name=NetC4_2
Added Pin To Net: NetName=NetC7_1 Pin=C7-1
Added Pin To Net: NetName=NetC7_1 Pin=D6-2
Added Pin To Net: NetName=NetC7_1 Pin=D6-9
Added Pin To Net: NetName=NetC7_1 Pin=U1-20
Added Net: Name=NetC7_1
Added Pin To Net: NetName=NetC7_2 Pin=C7-2
Added Pin To Net: NetName=NetC7_2 Pin=J5-8
Added Net: Name=NetC7_2
Added Pin To Net: NetName=NetC8_1 Pin=C8-1
Added Pin To Net: NetName=NetC8_1 Pin=D6-1
Added Pin To Net: NetName=NetC8_1 Pin=D6-10
Added Pin To Net: NetName=NetC8_1 Pin=U1-19
Added Net: Name=NetC8_1
Added Pin To Net: NetName=NetC8_2 Pin=C8-2
Added Pin To Net: NetName=NetC8_2 Pin=J5-9
Added Net: Name=NetC8_2
Added Pin To Net: NetName=NetC9_2 Pin=C9-2
Added Pin To Net: NetName=NetC9_2 Pin=J6-8
Added Net: Name=NetC9_2
Added Pin To Net: NetName=NetC10_1 Pin=C10-1
Added Pin To Net: NetName=NetC10_1 Pin=D9-1
Added Pin To Net: NetName=NetC10_1 Pin=D9-10
Added Pin To Net: NetName=NetC10_1 Pin=U1-26
Added Net: Name=NetC10_1
Added Pin To Net: NetName=NetC10_2 Pin=C10-2
Added Pin To Net: NetName=NetC10_2 Pin=J6-9
Added Net: Name=NetC10_2
Added Pin To Net: NetName=NetD1_1 Pin=D1-1
Added Pin To Net: NetName=NetD1_1 Pin=J1-3
Added Pin To Net: NetName=NetD1_1 Pin=U1-1
Added Net: Name=NetD1_1
Added Pin To Net: NetName=NetD1_2 Pin=D1-2
Added Pin To Net: NetName=NetD1_2 Pin=J1-2
Added Pin To Net: NetName=NetD1_2 Pin=U1-2
Added Net: Name=NetD1_2
Added Pin To Net: NetName=NetD2_4 Pin=D2-4
Added Pin To Net: NetName=NetD2_4 Pin=D2-7
Added Pin To Net: NetName=NetD2_4 Pin=J1-6
Added Pin To Net: NetName=NetD2_4 Pin=U1-6
Added Net: Name=NetD2_4
Added Pin To Net: NetName=NetD2_5 Pin=D2-5
Added Pin To Net: NetName=NetD2_5 Pin=D2-6
Added Pin To Net: NetName=NetD2_5 Pin=J1-5
Added Pin To Net: NetName=NetD2_5 Pin=U1-7
Added Net: Name=NetD2_5
Added Pin To Net: NetName=NetD3_1 Pin=D3-1
Added Pin To Net: NetName=NetD3_1 Pin=J4-3
Added Pin To Net: NetName=NetD3_1 Pin=U1-9
Added Net: Name=NetD3_1
Added Pin To Net: NetName=NetD3_2 Pin=D3-2
Added Pin To Net: NetName=NetD3_2 Pin=J4-2
Added Pin To Net: NetName=NetD3_2 Pin=U1-10
Added Net: Name=NetD3_2
Added Pin To Net: NetName=NetD4_4 Pin=D4-4
Added Pin To Net: NetName=NetD4_4 Pin=D4-7
Added Pin To Net: NetName=NetD4_4 Pin=J4-6
Added Pin To Net: NetName=NetD4_4 Pin=U1-14
Added Net: Name=NetD4_4
Added Pin To Net: NetName=NetD5_2 Pin=D5-2
Added Pin To Net: NetName=NetD5_2 Pin=J5-2
Added Pin To Net: NetName=NetD5_2 Pin=U1-18
Added Net: Name=NetD5_2
Added Pin To Net: NetName=NetD6_4 Pin=D6-4
Added Pin To Net: NetName=NetD6_4 Pin=D6-7
Added Pin To Net: NetName=NetD6_4 Pin=J5-6
Added Pin To Net: NetName=NetD6_4 Pin=U1-22
Added Net: Name=NetD6_4
Added Pin To Net: NetName=NetD6_5 Pin=D6-5
Added Pin To Net: NetName=NetD6_5 Pin=D6-6
Added Pin To Net: NetName=NetD6_5 Pin=J5-5
Added Pin To Net: NetName=NetD6_5 Pin=U1-23
Added Net: Name=NetD6_5
Added Pin To Net: NetName=NetD7_1 Pin=D7-1
Added Pin To Net: NetName=NetD7_1 Pin=J6-3
Added Pin To Net: NetName=NetD7_1 Pin=U1-24
Added Net: Name=NetD7_1
Added Pin To Net: NetName=NetD7_2 Pin=D7-2
Added Pin To Net: NetName=NetD7_2 Pin=J6-2
Added Pin To Net: NetName=NetD7_2 Pin=U1-25
Added Net: Name=NetD7_2
Added Pin To Net: NetName=NetD9_5 Pin=D9-5
Added Pin To Net: NetName=NetD9_5 Pin=D9-6
Added Pin To Net: NetName=NetD9_5 Pin=J6-5
Added Pin To Net: NetName=NetD9_5 Pin=U1-30
Added Net: Name=NetD9_5
Added Member To Class: ClassName=Schematic Member=Component C1 CAPNPOL
Added Member To Class: ClassName=Schematic Member=Component C2 CAPNPOL
Added Member To Class: ClassName=Schematic Member=Component C3 CAPNPOL
Added Member To Class: ClassName=Schematic Member=Component C5 CAPNPOL
Added Member To Class: ClassName=Schematic Member=Component C6 CAPNPOL
Added Member To Class: ClassName=Schematic Member=Component C7 CAPNPOL
Added Member To Class: ClassName=Schematic Member=Component C8 CAPNPOL
Added Member To Class: ClassName=Schematic Member=Component C9 CAPNPOL
Added Member To Class: ClassName=Schematic Member=Component C10 CAPNPOL
Added Member To Class: ClassName=Schematic Member=Component D1 TPD2EUSB30DRTR
Added Member To Class: ClassName=Schematic Member=Component D2 ESD204DQAR
Added Member To Class: ClassName=Schematic Member=Component D3 TPD2EUSB30DRTR
Added Member To Class: ClassName=Schematic Member=Component D4 ESD204DQAR
Added Member To Class: ClassName=Schematic Member=Component D5 TPD2EUSB30DRTR
Added Member To Class: ClassName=Schematic Member=Component D6 ESD204DQAR
Added Member To Class: ClassName=Schematic Member=Component D8 TPD2EUSB30DRTR
Added Member To Class: ClassName=Schematic Member=Component D9 ESD204DQAR
Added Member To Class: ClassName=Schematic Member=Component J1 USB1135-15-9-L-B
Added Member To Class: ClassName=Schematic Member=Component J2 DC-005
Added Member To Class: ClassName=Schematic Member=Component J4 USB1135-15-9-L-B
Added Member To Class: ClassName=Schematic Member=Component J5 USB1135-15-9-L-B
Added Member To Class: ClassName=Schematic Member=Component J6 USB1135-15-9-L-B
Added Member To Class: ClassName=Schematic Member=Component R1 Resistor
Added Member To Class: ClassName=Schematic Member=Component  Furo
Added Member To Class: ClassName=Schematic Member=Component  Furo
Added Member To Class: ClassName=Schematic Member=Component  Furo
Added Member To Class: ClassName=Schematic Member=Component U2 AT24C04D-SSHM-B
Added Member To Class: ClassName=Schematic Member=Component U3 TPS2001DDBVR
